
*** Running vivado
    with args -log top.vdi -applog -m64 -product Vivado -messageDb vivado.pb -mode batch -source top.tcl -notrace


****** Vivado v2019.1 (64-bit)
  **** SW Build 2552052 on Fri May 24 14:49:42 MDT 2019
  **** IP Build 2548770 on Fri May 24 18:01:18 MDT 2019
    ** Copyright 1986-2019 Xilinx, Inc. All Rights Reserved.

source top.tcl -notrace
INFO: [IP_Flow 19-234] Refreshing IP repositories
INFO: [IP_Flow 19-1704] No user IP repositories specified
INFO: [IP_Flow 19-2313] Loaded Vivado IP repository 'D:/Xilinx/Vivado/2019.1/data/ip'.
Command: link_design -top top -part xc7z020clg400-1
Design is defaulting to srcset: sources_1
Design is defaulting to constrset: constrs_1
INFO: [Device 21-403] Loading part xc7z020clg400-1
INFO: [Project 1-454] Reading design checkpoint 'd:/Users/paste/V1.3.srcs/sources_1/ip/ila_0/ila_0.dcp' for cell 'ila_0'
INFO: [Project 1-454] Reading design checkpoint 'd:/Users/paste/V1.3.srcs/sources_1/ip/floating_point_5/floating_point_5.dcp' for cell 'chan_10/float_to_int'
INFO: [Project 1-454] Reading design checkpoint 'd:/Users/paste/V1.3.srcs/sources_1/ip/floating_point_4/floating_point_4.dcp' for cell 'chan_10/square_root'
INFO: [Project 1-454] Reading design checkpoint 'd:/Users/paste/V1.3.srcs/sources_1/ip/floating_point_1/floating_point_1.dcp' for cell 'chan_10/adder/add_1'
INFO: [Project 1-454] Reading design checkpoint 'd:/Users/paste/V1.3.srcs/sources_1/ip/floating_point_2/floating_point_2.dcp' for cell 'chan_10/div/div'
INFO: [Project 1-454] Reading design checkpoint 'd:/Users/paste/V1.3.srcs/sources_1/ip/floating_point_3/floating_point_3.dcp' for cell 'chan_10/int32_to_float/type_tran'
INFO: [Project 1-454] Reading design checkpoint 'd:/Users/paste/V1.3.srcs/sources_1/ip/floating_point_0/floating_point_0.dcp' for cell 'chan_10/multip/multip1'
INFO: [Project 1-454] Reading design checkpoint 'd:/Users/paste/V1.3.srcs/sources_1/bd/design_1/ip/design_1_axi_gpio_0_0/design_1_axi_gpio_0_0.dcp' for cell 'design_1_wrapper0/design_1_i/axi_gpio_0'
INFO: [Project 1-454] Reading design checkpoint 'd:/Users/paste/V1.3.srcs/sources_1/bd/design_1/ip/design_1_axi_gpio_1_0/design_1_axi_gpio_1_0.dcp' for cell 'design_1_wrapper0/design_1_i/axi_gpio_1'
INFO: [Project 1-454] Reading design checkpoint 'd:/Users/paste/V1.3.srcs/sources_1/bd/design_1/ip/design_1_axi_gpio_2_0/design_1_axi_gpio_2_0.dcp' for cell 'design_1_wrapper0/design_1_i/axi_gpio_2'
INFO: [Project 1-454] Reading design checkpoint 'd:/Users/paste/V1.3.srcs/sources_1/bd/design_1/ip/design_1_axi_gpio_3_0/design_1_axi_gpio_3_0.dcp' for cell 'design_1_wrapper0/design_1_i/axi_gpio_3'
INFO: [Project 1-454] Reading design checkpoint 'd:/Users/paste/V1.3.srcs/sources_1/bd/design_1/ip/design_1_processing_system7_0_0/design_1_processing_system7_0_0.dcp' for cell 'design_1_wrapper0/design_1_i/processing_system7_0'
INFO: [Project 1-454] Reading design checkpoint 'd:/Users/paste/V1.3.srcs/sources_1/bd/design_1/ip/design_1_rst_ps7_0_50M_0/design_1_rst_ps7_0_50M_0.dcp' for cell 'design_1_wrapper0/design_1_i/rst_ps7_0_50M'
INFO: [Project 1-454] Reading design checkpoint 'd:/Users/paste/V1.3.srcs/sources_1/bd/design_1/ip/design_1_xbar_0/design_1_xbar_0.dcp' for cell 'design_1_wrapper0/design_1_i/ps7_0_axi_periph/xbar'
INFO: [Project 1-454] Reading design checkpoint 'd:/Users/paste/V1.3.srcs/sources_1/bd/design_1/ip/design_1_auto_pc_0/design_1_auto_pc_0.dcp' for cell 'design_1_wrapper0/design_1_i/ps7_0_axi_periph/s00_couplers/auto_pc'
INFO: [Project 1-454] Reading design checkpoint 'd:/Users/paste/V1.3.srcs/sources_1/ip/cmpy_0/cmpy_0.dcp' for cell 'extract_time_top/fft_multiplier_ifft/cmpy_0_tb'
INFO: [Project 1-454] Reading design checkpoint 'd:/Users/paste/V1.3.srcs/sources_1/ip/xfft_0/xfft_0.dcp' for cell 'extract_time_top/fft_multiplier_ifft/channel1_to_fft/fft1'
INFO: [Project 1-454] Reading design checkpoint 'd:/Users/paste/V1.3.srcs/sources_1/ip/ifft_1/ifft_1.dcp' for cell 'extract_time_top/fft_multiplier_ifft/ifft/ifft_1'
INFO: [Project 1-454] Reading design checkpoint 'd:/Users/paste/V1.3.srcs/sources_1/ip/dist_mem_gen_0/dist_mem_gen_0.dcp' for cell 'extract_time_top/rom/rom_0'
INFO: [Netlist 29-17] Analyzing 7066 Unisim elements for replacement
INFO: [Netlist 29-28] Unisim Transformation completed in 0 CPU seconds
INFO: [Project 1-479] Netlist was created with Vivado 2019.1
INFO: [Project 1-570] Preparing netlist for logic optimization
INFO: [Chipscope 16-324] Core: ila_0 UUID: d7f66bbc-6204-5aea-8c9b-20b797086963 
Parsing XDC File [d:/Users/paste/V1.3.srcs/sources_1/bd/design_1/ip/design_1_processing_system7_0_0/design_1_processing_system7_0_0.xdc] for cell 'design_1_wrapper0/design_1_i/processing_system7_0/inst'
Finished Parsing XDC File [d:/Users/paste/V1.3.srcs/sources_1/bd/design_1/ip/design_1_processing_system7_0_0/design_1_processing_system7_0_0.xdc] for cell 'design_1_wrapper0/design_1_i/processing_system7_0/inst'
Parsing XDC File [d:/Users/paste/V1.3.srcs/sources_1/bd/design_1/ip/design_1_axi_gpio_0_0/design_1_axi_gpio_0_0_board.xdc] for cell 'design_1_wrapper0/design_1_i/axi_gpio_0/U0'
Finished Parsing XDC File [d:/Users/paste/V1.3.srcs/sources_1/bd/design_1/ip/design_1_axi_gpio_0_0/design_1_axi_gpio_0_0_board.xdc] for cell 'design_1_wrapper0/design_1_i/axi_gpio_0/U0'
Parsing XDC File [d:/Users/paste/V1.3.srcs/sources_1/bd/design_1/ip/design_1_axi_gpio_0_0/design_1_axi_gpio_0_0.xdc] for cell 'design_1_wrapper0/design_1_i/axi_gpio_0/U0'
Finished Parsing XDC File [d:/Users/paste/V1.3.srcs/sources_1/bd/design_1/ip/design_1_axi_gpio_0_0/design_1_axi_gpio_0_0.xdc] for cell 'design_1_wrapper0/design_1_i/axi_gpio_0/U0'
Parsing XDC File [d:/Users/paste/V1.3.srcs/sources_1/bd/design_1/ip/design_1_axi_gpio_1_0/design_1_axi_gpio_1_0_board.xdc] for cell 'design_1_wrapper0/design_1_i/axi_gpio_1/U0'
Finished Parsing XDC File [d:/Users/paste/V1.3.srcs/sources_1/bd/design_1/ip/design_1_axi_gpio_1_0/design_1_axi_gpio_1_0_board.xdc] for cell 'design_1_wrapper0/design_1_i/axi_gpio_1/U0'
Parsing XDC File [d:/Users/paste/V1.3.srcs/sources_1/bd/design_1/ip/design_1_axi_gpio_1_0/design_1_axi_gpio_1_0.xdc] for cell 'design_1_wrapper0/design_1_i/axi_gpio_1/U0'
Finished Parsing XDC File [d:/Users/paste/V1.3.srcs/sources_1/bd/design_1/ip/design_1_axi_gpio_1_0/design_1_axi_gpio_1_0.xdc] for cell 'design_1_wrapper0/design_1_i/axi_gpio_1/U0'
Parsing XDC File [d:/Users/paste/V1.3.srcs/sources_1/bd/design_1/ip/design_1_axi_gpio_2_0/design_1_axi_gpio_2_0_board.xdc] for cell 'design_1_wrapper0/design_1_i/axi_gpio_2/U0'
Finished Parsing XDC File [d:/Users/paste/V1.3.srcs/sources_1/bd/design_1/ip/design_1_axi_gpio_2_0/design_1_axi_gpio_2_0_board.xdc] for cell 'design_1_wrapper0/design_1_i/axi_gpio_2/U0'
Parsing XDC File [d:/Users/paste/V1.3.srcs/sources_1/bd/design_1/ip/design_1_axi_gpio_2_0/design_1_axi_gpio_2_0.xdc] for cell 'design_1_wrapper0/design_1_i/axi_gpio_2/U0'
Finished Parsing XDC File [d:/Users/paste/V1.3.srcs/sources_1/bd/design_1/ip/design_1_axi_gpio_2_0/design_1_axi_gpio_2_0.xdc] for cell 'design_1_wrapper0/design_1_i/axi_gpio_2/U0'
Parsing XDC File [d:/Users/paste/V1.3.srcs/sources_1/bd/design_1/ip/design_1_axi_gpio_3_0/design_1_axi_gpio_3_0_board.xdc] for cell 'design_1_wrapper0/design_1_i/axi_gpio_3/U0'
Finished Parsing XDC File [d:/Users/paste/V1.3.srcs/sources_1/bd/design_1/ip/design_1_axi_gpio_3_0/design_1_axi_gpio_3_0_board.xdc] for cell 'design_1_wrapper0/design_1_i/axi_gpio_3/U0'
Parsing XDC File [d:/Users/paste/V1.3.srcs/sources_1/bd/design_1/ip/design_1_axi_gpio_3_0/design_1_axi_gpio_3_0.xdc] for cell 'design_1_wrapper0/design_1_i/axi_gpio_3/U0'
Finished Parsing XDC File [d:/Users/paste/V1.3.srcs/sources_1/bd/design_1/ip/design_1_axi_gpio_3_0/design_1_axi_gpio_3_0.xdc] for cell 'design_1_wrapper0/design_1_i/axi_gpio_3/U0'
Parsing XDC File [d:/Users/paste/V1.3.srcs/sources_1/bd/design_1/ip/design_1_rst_ps7_0_50M_0/design_1_rst_ps7_0_50M_0_board.xdc] for cell 'design_1_wrapper0/design_1_i/rst_ps7_0_50M/U0'
Finished Parsing XDC File [d:/Users/paste/V1.3.srcs/sources_1/bd/design_1/ip/design_1_rst_ps7_0_50M_0/design_1_rst_ps7_0_50M_0_board.xdc] for cell 'design_1_wrapper0/design_1_i/rst_ps7_0_50M/U0'
Parsing XDC File [d:/Users/paste/V1.3.srcs/sources_1/bd/design_1/ip/design_1_rst_ps7_0_50M_0/design_1_rst_ps7_0_50M_0.xdc] for cell 'design_1_wrapper0/design_1_i/rst_ps7_0_50M/U0'
Finished Parsing XDC File [d:/Users/paste/V1.3.srcs/sources_1/bd/design_1/ip/design_1_rst_ps7_0_50M_0/design_1_rst_ps7_0_50M_0.xdc] for cell 'design_1_wrapper0/design_1_i/rst_ps7_0_50M/U0'
Parsing XDC File [d:/Users/paste/V1.3.srcs/sources_1/ip/ila_0/ila_v6_2/constraints/ila_impl.xdc] for cell 'ila_0/inst'
Finished Parsing XDC File [d:/Users/paste/V1.3.srcs/sources_1/ip/ila_0/ila_v6_2/constraints/ila_impl.xdc] for cell 'ila_0/inst'
Parsing XDC File [d:/Users/paste/V1.3.srcs/sources_1/ip/ila_0/ila_v6_2/constraints/ila.xdc] for cell 'ila_0/inst'
Finished Parsing XDC File [d:/Users/paste/V1.3.srcs/sources_1/ip/ila_0/ila_v6_2/constraints/ila.xdc] for cell 'ila_0/inst'
Parsing XDC File [D:/Users/paste/V1.3.srcs/constrs_1/new/SDC.xdc]
Finished Parsing XDC File [D:/Users/paste/V1.3.srcs/constrs_1/new/SDC.xdc]
INFO: [Opt 31-138] Pushed 0 inverter(s) to 0 load pin(s).
Netlist sorting complete. Time (s): cpu = 00:00:00 ; elapsed = 00:00:00.120 . Memory (MB): peak = 1324.418 ; gain = 0.000
INFO: [Project 1-111] Unisim Transformation Summary:
  A total of 452 instances were transformed.
  CFGLUT5 => CFGLUT5 (SRLC32E, SRL16E): 176 instances
  LUT6_2 => LUT6_2 (LUT5, LUT6): 144 instances
  RAM64X1S => RAM64X1S (RAMS64E): 132 instances

30 Infos, 0 Warnings, 0 Critical Warnings and 0 Errors encountered.
link_design completed successfully
link_design: Time (s): cpu = 00:01:07 ; elapsed = 00:01:11 . Memory (MB): peak = 1324.418 ; gain = 901.887
write_hwdef: Time (s): cpu = 00:00:06 ; elapsed = 00:00:07 . Memory (MB): peak = 1324.418 ; gain = 0.000
Command: opt_design
Attempting to get a license for feature 'Implementation' and/or device 'xc7z020'
INFO: [Common 17-349] Got license for feature 'Implementation' and/or device 'xc7z020'
Running DRC as a precondition to command opt_design

Starting DRC Task
INFO: [DRC 23-27] Running DRC with 2 threads
INFO: [Project 1-461] DRC finished with 0 Errors
INFO: [Project 1-462] Please refer to the DRC report (report_drc) for more information.

Time (s): cpu = 00:00:03 ; elapsed = 00:00:02 . Memory (MB): peak = 1344.066 ; gain = 19.648

Starting Cache Timing Information Task
INFO: [Timing 38-35] Done setting XDC timing constraints.
Ending Cache Timing Information Task | Checksum: 1a16f4d5a

Time (s): cpu = 00:00:24 ; elapsed = 00:00:20 . Memory (MB): peak = 2044.031 ; gain = 699.965

Starting Logic Optimization Task

Phase 1 Generate And Synthesize Debug Cores
INFO: [Chipscope 16-329] Generating Script for core instance : dbg_hub 
INFO: [IP_Flow 19-3806] Processing IP xilinx.com:ip:xsdbm:3.0 for cell dbg_hub_CV.
INFO: [Chipscope 16-220] Re-using generated and synthesized IP, "xilinx.com:ip:xsdbm:3.0", from Vivado IP cache entry "59b16ee0fb889aa7".
get_clocks: Time (s): cpu = 00:00:14 ; elapsed = 00:00:09 . Memory (MB): peak = 2242.531 ; gain = 12.840
Netlist sorting complete. Time (s): cpu = 00:00:01 ; elapsed = 00:00:00.301 . Memory (MB): peak = 2242.531 ; gain = 0.000
Phase 1 Generate And Synthesize Debug Cores | Checksum: 1cc1f5e68

Time (s): cpu = 00:00:31 ; elapsed = 00:00:38 . Memory (MB): peak = 2242.531 ; gain = 50.973

Phase 2 Retarget
INFO: [Opt 31-138] Pushed 43 inverter(s) to 45 load pin(s).
INFO: [Opt 31-49] Retargeted 0 cell(s).
Phase 2 Retarget | Checksum: 2800d1343

Time (s): cpu = 00:00:44 ; elapsed = 00:00:48 . Memory (MB): peak = 2242.531 ; gain = 50.973
INFO: [Opt 31-389] Phase Retarget created 523 cells and removed 714 cells
INFO: [Opt 31-1021] In phase Retarget, 66 netlist objects are constrained preventing optimization. Please run opt_design with -debug_log to get more detail. 

Phase 3 Constant propagation
INFO: [Opt 31-138] Pushed 0 inverter(s) to 0 load pin(s).
Phase 3 Constant propagation | Checksum: 2322f86bb

Time (s): cpu = 00:00:49 ; elapsed = 00:00:53 . Memory (MB): peak = 2242.531 ; gain = 50.973
INFO: [Opt 31-389] Phase Constant propagation created 1092 cells and removed 3127 cells
INFO: [Opt 31-1021] In phase Constant propagation, 50 netlist objects are constrained preventing optimization. Please run opt_design with -debug_log to get more detail. 

Phase 4 Sweep
Phase 4 Sweep | Checksum: 1d87aec7d

Time (s): cpu = 00:01:00 ; elapsed = 00:01:04 . Memory (MB): peak = 2242.531 ; gain = 50.973
INFO: [Opt 31-389] Phase Sweep created 0 cells and removed 1743 cells
INFO: [Opt 31-1021] In phase Sweep, 1155 netlist objects are constrained preventing optimization. Please run opt_design with -debug_log to get more detail. 

Phase 5 BUFG optimization
Phase 5 BUFG optimization | Checksum: 1d87aec7d

Time (s): cpu = 00:01:05 ; elapsed = 00:01:09 . Memory (MB): peak = 2242.531 ; gain = 50.973
INFO: [Opt 31-662] Phase BUFG optimization created 0 cells of which 0 are BUFGs and removed 0 cells.

Phase 6 Shift Register Optimization
INFO: [Opt 31-1064] SRL Remap converted 0 SRLs to 0 registers and converted 0 registers of register chains to 0 SRLs
Phase 6 Shift Register Optimization | Checksum: 21c0c01fe

Time (s): cpu = 00:01:08 ; elapsed = 00:01:13 . Memory (MB): peak = 2242.531 ; gain = 50.973
INFO: [Opt 31-389] Phase Shift Register Optimization created 5 cells and removed 15 cells

Phase 7 Post Processing Netlist
Phase 7 Post Processing Netlist | Checksum: 23252792b

Time (s): cpu = 00:01:10 ; elapsed = 00:01:14 . Memory (MB): peak = 2242.531 ; gain = 50.973
INFO: [Opt 31-389] Phase Post Processing Netlist created 0 cells and removed 0 cells
INFO: [Opt 31-1021] In phase Post Processing Netlist, 57 netlist objects are constrained preventing optimization. Please run opt_design with -debug_log to get more detail. 
Opt_design Change Summary
=========================


-------------------------------------------------------------------------------------------------------------------------
|  Phase                        |  #Cells created  |  #Cells Removed  |  #Constrained objects preventing optimizations  |
-------------------------------------------------------------------------------------------------------------------------
|  Retarget                     |             523  |             714  |                                             66  |
|  Constant propagation         |            1092  |            3127  |                                             50  |
|  Sweep                        |               0  |            1743  |                                           1155  |
|  BUFG optimization            |               0  |               0  |                                              0  |
|  Shift Register Optimization  |               5  |              15  |                                              0  |
|  Post Processing Netlist      |               0  |               0  |                                             57  |
-------------------------------------------------------------------------------------------------------------------------



Starting Connectivity Check Task

Time (s): cpu = 00:00:01 ; elapsed = 00:00:00.354 . Memory (MB): peak = 2242.531 ; gain = 0.000
Ending Logic Optimization Task | Checksum: 1ab473acb

Time (s): cpu = 00:01:18 ; elapsed = 00:01:22 . Memory (MB): peak = 2242.531 ; gain = 50.973

Starting Power Optimization Task
INFO: [Pwropt 34-132] Skipping clock gating for clocks with a period < 2.00 ns.
INFO: [Timing 38-35] Done setting XDC timing constraints.
INFO: [Pwropt 34-9] Applying IDT optimizations ...
INFO: [Pwropt 34-10] Applying ODC optimizations ...
INFO: [Physopt 32-619] Estimated Timing Summary | WNS=-0.180 | TNS=-5.536 |
Running Vector-less Activity Propagation...

Finished Running Vector-less Activity Propagation


Starting PowerOpt Patch Enables Task
INFO: [Pwropt 34-162] WRITE_MODE attribute of 61 BRAM(s) out of a total of 106 has been updated to save power. Run report_power_opt to get a complete listing of the BRAMs updated.
INFO: [Pwropt 34-201] Structural ODC has moved 0 WE to EN ports
Number of BRAM Ports augmented: 75 newly gated: 0 Total Ports: 212
Ending PowerOpt Patch Enables Task | Checksum: 1a9665e36

Time (s): cpu = 00:00:01 ; elapsed = 00:00:01 . Memory (MB): peak = 3313.188 ; gain = 0.000
Ending Power Optimization Task | Checksum: 1a9665e36

Time (s): cpu = 00:01:42 ; elapsed = 00:00:58 . Memory (MB): peak = 3313.188 ; gain = 1070.656

Starting Final Cleanup Task

Starting Logic Optimization Task
INFO: [Timing 38-35] Done setting XDC timing constraints.
Ending Logic Optimization Task | Checksum: 2721c2f64

Time (s): cpu = 00:00:23 ; elapsed = 00:00:16 . Memory (MB): peak = 3313.188 ; gain = 0.000
Ending Final Cleanup Task | Checksum: 2721c2f64

Time (s): cpu = 00:00:29 ; elapsed = 00:00:22 . Memory (MB): peak = 3313.188 ; gain = 0.000

Starting Netlist Obfuscation Task
Netlist sorting complete. Time (s): cpu = 00:00:00 ; elapsed = 00:00:00.116 . Memory (MB): peak = 3313.188 ; gain = 0.000
Ending Netlist Obfuscation Task | Checksum: 2721c2f64

Time (s): cpu = 00:00:00 ; elapsed = 00:00:00.116 . Memory (MB): peak = 3313.188 ; gain = 0.000
INFO: [Common 17-83] Releasing license: Implementation
64 Infos, 0 Warnings, 0 Critical Warnings and 0 Errors encountered.
opt_design completed successfully
opt_design: Time (s): cpu = 00:04:05 ; elapsed = 00:03:11 . Memory (MB): peak = 3313.188 ; gain = 1988.770
Netlist sorting complete. Time (s): cpu = 00:00:00 ; elapsed = 00:00:00.112 . Memory (MB): peak = 3313.188 ; gain = 0.000
INFO: [Timing 38-480] Writing timing data to binary archive.
Writing placer database...
Writing XDEF routing.
Writing XDEF routing logical nets.
Writing XDEF routing special nets.
Write XDEF Complete: Time (s): cpu = 00:00:01 ; elapsed = 00:00:00.101 . Memory (MB): peak = 3313.188 ; gain = 0.000
INFO: [Common 17-1381] The checkpoint 'D:/Users/paste/V1.3.runs/impl_1/top_opt.dcp' has been generated.
write_checkpoint: Time (s): cpu = 00:00:54 ; elapsed = 00:00:32 . Memory (MB): peak = 3313.188 ; gain = 0.000
INFO: [runtcl-4] Executing : report_drc -file top_drc_opted.rpt -pb top_drc_opted.pb -rpx top_drc_opted.rpx
Command: report_drc -file top_drc_opted.rpt -pb top_drc_opted.pb -rpx top_drc_opted.rpx
INFO: [IP_Flow 19-1839] IP Catalog is up to date.
INFO: [DRC 23-27] Running DRC with 2 threads
INFO: [Coretcl 2-168] The results of DRC are in file D:/Users/paste/V1.3.runs/impl_1/top_drc_opted.rpt.
report_drc completed successfully
report_drc: Time (s): cpu = 00:00:36 ; elapsed = 00:00:19 . Memory (MB): peak = 3313.188 ; gain = 0.000
INFO: [Chipscope 16-240] Debug cores have already been implemented
Command: place_design
Attempting to get a license for feature 'Implementation' and/or device 'xc7z020'
INFO: [Common 17-349] Got license for feature 'Implementation' and/or device 'xc7z020'
INFO: [DRC 23-27] Running DRC with 2 threads
INFO: [Vivado_Tcl 4-198] DRC finished with 0 Errors
INFO: [Vivado_Tcl 4-199] Please refer to the DRC report (report_drc) for more information.
Running DRC as a precondition to command place_design
INFO: [DRC 23-27] Running DRC with 2 threads
INFO: [Vivado_Tcl 4-198] DRC finished with 0 Errors
INFO: [Vivado_Tcl 4-199] Please refer to the DRC report (report_drc) for more information.

Starting Placer Task
INFO: [Place 30-611] Multithreading enabled for place_design using a maximum of 2 CPUs

Phase 1 Placer Initialization

Phase 1.1 Placer Initialization Netlist Sorting
Netlist sorting complete. Time (s): cpu = 00:00:00 ; elapsed = 00:00:00.112 . Memory (MB): peak = 3313.188 ; gain = 0.000
Phase 1.1 Placer Initialization Netlist Sorting | Checksum: 1a4cc8246

Time (s): cpu = 00:00:00 ; elapsed = 00:00:00.138 . Memory (MB): peak = 3313.188 ; gain = 0.000
Netlist sorting complete. Time (s): cpu = 00:00:00 ; elapsed = 00:00:00.112 . Memory (MB): peak = 3313.188 ; gain = 0.000

Phase 1.2 IO Placement/ Clock Placement/ Build Placer Device
INFO: [Timing 38-35] Done setting XDC timing constraints.
Phase 1.2 IO Placement/ Clock Placement/ Build Placer Device | Checksum: 18e156f6a

Time (s): cpu = 00:00:36 ; elapsed = 00:00:27 . Memory (MB): peak = 3313.188 ; gain = 0.000

Phase 1.3 Build Placer Netlist Model
WARNING: [Place 30-770] High register utilization is forcing place_design to place up to 8 registers per slice which may impact placement success and/or routing congestion.
Phase 1.3 Build Placer Netlist Model | Checksum: 1cfb8daf4

Time (s): cpu = 00:01:27 ; elapsed = 00:01:02 . Memory (MB): peak = 3313.188 ; gain = 0.000

Phase 1.4 Constrain Clocks/Macros
Phase 1.4 Constrain Clocks/Macros | Checksum: 1cfb8daf4

Time (s): cpu = 00:01:27 ; elapsed = 00:01:02 . Memory (MB): peak = 3313.188 ; gain = 0.000
Phase 1 Placer Initialization | Checksum: 1cfb8daf4

Time (s): cpu = 00:01:28 ; elapsed = 00:01:03 . Memory (MB): peak = 3313.188 ; gain = 0.000

Phase 2 Global Placement

Phase 2.1 Floorplanning
Phase 2.1 Floorplanning | Checksum: 23bb8b3fa

Time (s): cpu = 00:01:44 ; elapsed = 00:01:12 . Memory (MB): peak = 3313.188 ; gain = 0.000

Phase 2.2 Global Placement Core

Phase 2.2.1 Physical Synthesis In Placer
INFO: [Physopt 32-65] No nets found for high-fanout optimization.
INFO: [Physopt 32-232] Optimized 0 net. Created 0 new instance.
INFO: [Physopt 32-775] End 1 Pass. Optimized 0 net or cell. Created 0 new cell, deleted 0 existing cell and moved 0 existing cell
INFO: [Physopt 32-456] No candidate cells for DSP register optimization found in the design.
INFO: [Physopt 32-775] End 2 Pass. Optimized 0 net or cell. Created 0 new cell, deleted 0 existing cell and moved 0 existing cell
INFO: [Physopt 32-677] No candidate cells for Shift Register optimization found in the design
INFO: [Physopt 32-775] End 1 Pass. Optimized 0 net or cell. Created 0 new cell, deleted 0 existing cell and moved 0 existing cell
INFO: [Physopt 32-526] No candidate cells for BRAM register optimization found in the design
INFO: [Physopt 32-775] End 1 Pass. Optimized 0 net or cell. Created 0 new cell, deleted 0 existing cell and moved 0 existing cell
INFO: [Physopt 32-949] No candidate nets found for HD net replication
INFO: [Physopt 32-775] End 1 Pass. Optimized 0 net or cell. Created 0 new cell, deleted 0 existing cell and moved 0 existing cell
Netlist sorting complete. Time (s): cpu = 00:00:01 ; elapsed = 00:00:00.112 . Memory (MB): peak = 3313.188 ; gain = 0.000

Summary of Physical Synthesis Optimizations
============================================


----------------------------------------------------------------------------------------------------------------------------------------
|  Optimization                  |  Added Cells  |  Removed Cells  |  Optimized Cells/Nets  |  Dont Touch  |  Iterations  |  Elapsed   |
----------------------------------------------------------------------------------------------------------------------------------------
|  Very High Fanout              |            0  |              0  |                     0  |           0  |           1  |  00:00:01  |
|  DSP Register                  |            0  |              0  |                     0  |           0  |           1  |  00:00:00  |
|  Shift Register                |            0  |              0  |                     0  |           0  |           1  |  00:00:00  |
|  BRAM Register                 |            0  |              0  |                     0  |           0  |           1  |  00:00:00  |
|  HD Interface Net Replication  |            0  |              0  |                     0  |           0  |           1  |  00:00:00  |
|  Total                         |            0  |              0  |                     0  |           0  |           5  |  00:00:02  |
----------------------------------------------------------------------------------------------------------------------------------------


Phase 2.2.1 Physical Synthesis In Placer | Checksum: 1c5b74a80

Time (s): cpu = 00:04:09 ; elapsed = 00:02:43 . Memory (MB): peak = 3313.188 ; gain = 0.000
Phase 2.2 Global Placement Core | Checksum: 22886e0c7

Time (s): cpu = 00:04:14 ; elapsed = 00:02:47 . Memory (MB): peak = 3313.188 ; gain = 0.000
Phase 2 Global Placement | Checksum: 22886e0c7

Time (s): cpu = 00:04:14 ; elapsed = 00:02:47 . Memory (MB): peak = 3313.188 ; gain = 0.000

Phase 3 Detail Placement

Phase 3.1 Commit Multi Column Macros
Phase 3.1 Commit Multi Column Macros | Checksum: 1ffde1d54

Time (s): cpu = 00:04:34 ; elapsed = 00:02:59 . Memory (MB): peak = 3313.188 ; gain = 0.000

Phase 3.2 Commit Most Macros & LUTRAMs
Phase 3.2 Commit Most Macros & LUTRAMs | Checksum: 1ca4d7467

Time (s): cpu = 00:05:17 ; elapsed = 00:03:31 . Memory (MB): peak = 3313.188 ; gain = 0.000

Phase 3.3 Area Swap Optimization
Phase 3.3 Area Swap Optimization | Checksum: 1a752c9fa

Time (s): cpu = 00:05:18 ; elapsed = 00:03:32 . Memory (MB): peak = 3313.188 ; gain = 0.000

Phase 3.4 Pipeline Register Optimization
Phase 3.4 Pipeline Register Optimization | Checksum: 23889860c

Time (s): cpu = 00:05:19 ; elapsed = 00:03:32 . Memory (MB): peak = 3313.188 ; gain = 0.000

Phase 3.5 Fast Optimization
Phase 3.5 Fast Optimization | Checksum: 228300206

Time (s): cpu = 00:05:50 ; elapsed = 00:03:52 . Memory (MB): peak = 3313.188 ; gain = 0.000

Phase 3.6 Small Shape Detail Placement
Phase 3.6 Small Shape Detail Placement | Checksum: 2980c6824

Time (s): cpu = 00:06:56 ; elapsed = 00:04:54 . Memory (MB): peak = 3313.188 ; gain = 0.000

Phase 3.7 Re-assign LUT pins
Phase 3.7 Re-assign LUT pins | Checksum: 2629cc6d2

Time (s): cpu = 00:07:04 ; elapsed = 00:05:03 . Memory (MB): peak = 3313.188 ; gain = 0.000

Phase 3.8 Pipeline Register Optimization
Phase 3.8 Pipeline Register Optimization | Checksum: 28e3075d6

Time (s): cpu = 00:07:06 ; elapsed = 00:05:05 . Memory (MB): peak = 3313.188 ; gain = 0.000

Phase 3.9 Fast Optimization
Phase 3.9 Fast Optimization | Checksum: 2260507fe

Time (s): cpu = 00:07:42 ; elapsed = 00:05:26 . Memory (MB): peak = 3313.188 ; gain = 0.000
Phase 3 Detail Placement | Checksum: 2260507fe

Time (s): cpu = 00:07:43 ; elapsed = 00:05:27 . Memory (MB): peak = 3313.188 ; gain = 0.000

Phase 4 Post Placement Optimization and Clean-Up

Phase 4.1 Post Commit Optimization
INFO: [Timing 38-35] Done setting XDC timing constraints.

Phase 4.1.1 Post Placement Optimization
Post Placement Optimization Initialization | Checksum: 21a903a9f

Phase 4.1.1.1 BUFG Insertion
INFO: [Place 46-33] Processed net extract_time_top/fft_multiplier_ifft/ifft/ifft_1/U0/i_synth/axi_wrapper/ce_w2c, BUFG insertion was skipped due to placement/routing conflicts.
INFO: [Place 46-33] Processed net extract_time_top/fft_multiplier_ifft/channel2_to_fft/fft2/U0/i_synth/axi_wrapper/ce_w2c, BUFG insertion was skipped due to placement/routing conflicts.
INFO: [Place 46-33] Processed net extract_time_top/fft_multiplier_ifft/channel1_to_fft/fft1/U0/i_synth/axi_wrapper/ce_w2c, BUFG insertion was skipped due to placement/routing conflicts.
INFO: [Place 46-33] Processed net rst_n_IBUF, BUFG insertion was skipped due to placement/routing conflicts.
INFO: [Place 46-33] Processed net chan_10/pinv_B/martix_multip_0/floating_point_3/U0/i_synth/i_nd_to_rdy/ce_internal_core, BUFG insertion was skipped due to placement/routing conflicts.
INFO: [Place 46-33] Processed net chan_10/pinv_B/matrix_tran_0/E[0], BUFG insertion was skipped due to placement/routing conflicts.
INFO: [Place 46-56] BUFG insertion identified 6 candidate nets. Inserted BUFG: 0, Replicated BUFG Driver: 0, Skipped due to Placement/Routing Conflicts: 6, Skipped due to Timing Degradation: 0, Skipped due to Illegal Netlist: 0.
Phase 4.1.1.1 BUFG Insertion | Checksum: 21a903a9f

Time (s): cpu = 00:08:37 ; elapsed = 00:06:03 . Memory (MB): peak = 3313.188 ; gain = 0.000
INFO: [Place 30-746] Post Placement Timing Summary WNS=0.006. For the most accurate timing information please run report_timing.
Phase 4.1.1 Post Placement Optimization | Checksum: 1e6aa6a30

Time (s): cpu = 00:08:56 ; elapsed = 00:06:22 . Memory (MB): peak = 3313.188 ; gain = 0.000
Phase 4.1 Post Commit Optimization | Checksum: 1e6aa6a30

Time (s): cpu = 00:08:57 ; elapsed = 00:06:23 . Memory (MB): peak = 3313.188 ; gain = 0.000

Phase 4.2 Post Placement Cleanup
Phase 4.2 Post Placement Cleanup | Checksum: 1e6aa6a30

Time (s): cpu = 00:08:58 ; elapsed = 00:06:24 . Memory (MB): peak = 3313.188 ; gain = 0.000

Phase 4.3 Placer Reporting
Phase 4.3 Placer Reporting | Checksum: 1e6aa6a30

Time (s): cpu = 00:08:59 ; elapsed = 00:06:25 . Memory (MB): peak = 3313.188 ; gain = 0.000

Phase 4.4 Final Placement Cleanup
Netlist sorting complete. Time (s): cpu = 00:00:00 ; elapsed = 00:00:00.114 . Memory (MB): peak = 3313.188 ; gain = 0.000
Phase 4.4 Final Placement Cleanup | Checksum: 1e2fc02d1

Time (s): cpu = 00:09:00 ; elapsed = 00:06:26 . Memory (MB): peak = 3313.188 ; gain = 0.000
Phase 4 Post Placement Optimization and Clean-Up | Checksum: 1e2fc02d1

Time (s): cpu = 00:09:01 ; elapsed = 00:06:27 . Memory (MB): peak = 3313.188 ; gain = 0.000
Ending Placer Task | Checksum: 11f8119ba

Time (s): cpu = 00:09:01 ; elapsed = 00:06:27 . Memory (MB): peak = 3313.188 ; gain = 0.000
INFO: [Common 17-83] Releasing license: Implementation
101 Infos, 1 Warnings, 0 Critical Warnings and 0 Errors encountered.
place_design completed successfully
place_design: Time (s): cpu = 00:09:11 ; elapsed = 00:06:35 . Memory (MB): peak = 3313.188 ; gain = 0.000
Netlist sorting complete. Time (s): cpu = 00:00:00 ; elapsed = 00:00:00.112 . Memory (MB): peak = 3313.188 ; gain = 0.000
INFO: [Timing 38-480] Writing timing data to binary archive.
Writing placer database...
Writing XDEF routing.
Writing XDEF routing logical nets.
Writing XDEF routing special nets.
Write XDEF Complete: Time (s): cpu = 00:00:34 ; elapsed = 00:00:11 . Memory (MB): peak = 3313.188 ; gain = 0.000
INFO: [Common 17-1381] The checkpoint 'D:/Users/paste/V1.3.runs/impl_1/top_placed.dcp' has been generated.
write_checkpoint: Time (s): cpu = 00:01:07 ; elapsed = 00:00:34 . Memory (MB): peak = 3313.188 ; gain = 0.000
INFO: [runtcl-4] Executing : report_io -file top_io_placed.rpt
report_io: Time (s): cpu = 00:00:00 ; elapsed = 00:00:00.080 . Memory (MB): peak = 3313.188 ; gain = 0.000
INFO: [runtcl-4] Executing : report_utilization -file top_utilization_placed.rpt -pb top_utilization_placed.pb
report_utilization: Time (s): cpu = 00:00:07 ; elapsed = 00:00:07 . Memory (MB): peak = 3313.188 ; gain = 0.000
INFO: [runtcl-4] Executing : report_control_sets -verbose -file top_control_sets_placed.rpt
report_control_sets: Time (s): cpu = 00:00:05 ; elapsed = 00:00:06 . Memory (MB): peak = 3313.188 ; gain = 0.000
report_control_sets: Time (s): cpu = 00:00:05 ; elapsed = 00:00:06 . Memory (MB): peak = 3313.188 ; gain = 0.000
Command: route_design
Attempting to get a license for feature 'Implementation' and/or device 'xc7z020'
INFO: [Common 17-349] Got license for feature 'Implementation' and/or device 'xc7z020'
Running DRC as a precondition to command route_design
INFO: [DRC 23-27] Running DRC with 2 threads
INFO: [Vivado_Tcl 4-198] DRC finished with 0 Errors
INFO: [Vivado_Tcl 4-199] Please refer to the DRC report (report_drc) for more information.


Starting Routing Task
INFO: [Route 35-254] Multithreading enabled for route_design using a maximum of 2 CPUs
Checksum: PlaceDB: bddfab0b ConstDB: 0 ShapeSum: 61a16eaf RouteDB: 0

Phase 1 Build RT Design
Phase 1 Build RT Design | Checksum: ea21707b

Time (s): cpu = 00:01:18 ; elapsed = 00:00:44 . Memory (MB): peak = 3313.188 ; gain = 0.000
Post Restoration Checksum: NetGraph: 91d9847 NumContArr: e103d834 Constraints: 0 Timing: 0

Phase 2 Router Initialization

Phase 2.1 Create Timer
Phase 2.1 Create Timer | Checksum: ea21707b

Time (s): cpu = 00:01:20 ; elapsed = 00:00:46 . Memory (MB): peak = 3313.188 ; gain = 0.000

Phase 2.2 Fix Topology Constraints
Phase 2.2 Fix Topology Constraints | Checksum: ea21707b

Time (s): cpu = 00:01:21 ; elapsed = 00:00:47 . Memory (MB): peak = 3313.188 ; gain = 0.000

Phase 2.3 Pre Route Cleanup
Phase 2.3 Pre Route Cleanup | Checksum: ea21707b

Time (s): cpu = 00:01:21 ; elapsed = 00:00:47 . Memory (MB): peak = 3313.188 ; gain = 0.000
 Number of Nodes with overlaps = 0

Phase 2.4 Update Timing
Phase 2.4 Update Timing | Checksum: 17847b119

Time (s): cpu = 00:02:20 ; elapsed = 00:01:24 . Memory (MB): peak = 3313.188 ; gain = 0.000
INFO: [Route 35-416] Intermediate Timing Summary | WNS=-0.049 | TNS=-0.080 | WHS=-0.359 | THS=-1144.581|


Phase 2.5 Update Timing for Bus Skew

Phase 2.5.1 Update Timing
Phase 2.5.1 Update Timing | Checksum: 1868346cd

Time (s): cpu = 00:02:58 ; elapsed = 00:01:46 . Memory (MB): peak = 3313.188 ; gain = 0.000
INFO: [Route 35-416] Intermediate Timing Summary | WNS=-0.049 | TNS=0.000  | WHS=N/A    | THS=N/A    |

Phase 2.5 Update Timing for Bus Skew | Checksum: 159f0d03e

Time (s): cpu = 00:02:59 ; elapsed = 00:01:46 . Memory (MB): peak = 3313.188 ; gain = 0.000
Phase 2 Router Initialization | Checksum: 9f543bb0

Time (s): cpu = 00:02:59 ; elapsed = 00:01:47 . Memory (MB): peak = 3313.188 ; gain = 0.000

Router Utilization Summary
  Global Vertical Routing Utilization    = 0 %
  Global Horizontal Routing Utilization  = 0 %
  Routable Net Status*
  *Does not include unroutable nets such as driverless and loadless.
  Run report_route_status for detailed report.
  Number of Failed Nets               = 105021
    (Failed Nets is the sum of unrouted and partially routed nets)
  Number of Unrouted Nets             = 105021
  Number of Partially Routed Nets     = 0
  Number of Node Overlaps             = 0


Phase 3 Initial Routing
Phase 3 Initial Routing | Checksum: 1d4173f67

Time (s): cpu = 00:03:32 ; elapsed = 00:02:05 . Memory (MB): peak = 3313.188 ; gain = 0.000

Phase 4 Rip-up And Reroute

Phase 4.1 Global Iteration 0
 Number of Nodes with overlaps = 8804
 Number of Nodes with overlaps = 732
 Number of Nodes with overlaps = 139
 Number of Nodes with overlaps = 40
 Number of Nodes with overlaps = 7
 Number of Nodes with overlaps = 2
 Number of Nodes with overlaps = 2
 Number of Nodes with overlaps = 1
 Number of Nodes with overlaps = 1
 Number of Nodes with overlaps = 0
INFO: [Route 35-416] Intermediate Timing Summary | WNS=-0.244 | TNS=-1.427 | WHS=N/A    | THS=N/A    |

Phase 4.1 Global Iteration 0 | Checksum: 13c51ad53

Time (s): cpu = 00:05:26 ; elapsed = 00:03:19 . Memory (MB): peak = 3313.188 ; gain = 0.000

Phase 4.2 Global Iteration 1
 Number of Nodes with overlaps = 141
 Number of Nodes with overlaps = 3
 Number of Nodes with overlaps = 0
INFO: [Route 35-416] Intermediate Timing Summary | WNS=0.064  | TNS=0.000  | WHS=N/A    | THS=N/A    |

Phase 4.2 Global Iteration 1 | Checksum: d054130c

Time (s): cpu = 00:05:34 ; elapsed = 00:03:27 . Memory (MB): peak = 3313.188 ; gain = 0.000
Phase 4 Rip-up And Reroute | Checksum: d054130c

Time (s): cpu = 00:05:35 ; elapsed = 00:03:27 . Memory (MB): peak = 3313.188 ; gain = 0.000

Phase 5 Delay and Skew Optimization

Phase 5.1 Delay CleanUp
Phase 5.1 Delay CleanUp | Checksum: d054130c

Time (s): cpu = 00:05:35 ; elapsed = 00:03:27 . Memory (MB): peak = 3313.188 ; gain = 0.000

Phase 5.2 Clock Skew Optimization
Phase 5.2 Clock Skew Optimization | Checksum: d054130c

Time (s): cpu = 00:05:35 ; elapsed = 00:03:28 . Memory (MB): peak = 3313.188 ; gain = 0.000
Phase 5 Delay and Skew Optimization | Checksum: d054130c

Time (s): cpu = 00:05:35 ; elapsed = 00:03:28 . Memory (MB): peak = 3313.188 ; gain = 0.000

Phase 6 Post Hold Fix

Phase 6.1 Hold Fix Iter

Phase 6.1.1 Update Timing
Phase 6.1.1 Update Timing | Checksum: 8f5d8ec5

Time (s): cpu = 00:05:45 ; elapsed = 00:03:34 . Memory (MB): peak = 3313.188 ; gain = 0.000
INFO: [Route 35-416] Intermediate Timing Summary | WNS=0.191  | TNS=0.000  | WHS=0.007  | THS=0.000  |

Phase 6.1 Hold Fix Iter | Checksum: 8a77150f

Time (s): cpu = 00:05:45 ; elapsed = 00:03:34 . Memory (MB): peak = 3313.188 ; gain = 0.000
Phase 6 Post Hold Fix | Checksum: 8a77150f

Time (s): cpu = 00:05:45 ; elapsed = 00:03:35 . Memory (MB): peak = 3313.188 ; gain = 0.000

Phase 7 Route finalize

Router Utilization Summary
  Global Vertical Routing Utilization    = 35.9984 %
  Global Horizontal Routing Utilization  = 40.0053 %
  Routable Net Status*
  *Does not include unroutable nets such as driverless and loadless.
  Run report_route_status for detailed report.
  Number of Failed Nets               = 0
    (Failed Nets is the sum of unrouted and partially routed nets)
  Number of Unrouted Nets             = 0
  Number of Partially Routed Nets     = 0
  Number of Node Overlaps             = 0

Phase 7 Route finalize | Checksum: 1110c36ac

Time (s): cpu = 00:05:46 ; elapsed = 00:03:35 . Memory (MB): peak = 3313.188 ; gain = 0.000

Phase 8 Verifying routed nets

 Verification completed successfully
Phase 8 Verifying routed nets | Checksum: 1110c36ac

Time (s): cpu = 00:05:46 ; elapsed = 00:03:36 . Memory (MB): peak = 3313.188 ; gain = 0.000

Phase 9 Depositing Routes
Phase 9 Depositing Routes | Checksum: 1e056fd58

Time (s): cpu = 00:06:00 ; elapsed = 00:03:50 . Memory (MB): peak = 3313.188 ; gain = 0.000

Phase 10 Post Router Timing
INFO: [Route 35-57] Estimated Timing Summary | WNS=0.191  | TNS=0.000  | WHS=0.007  | THS=0.000  |

INFO: [Route 35-327] The final timing numbers are based on the router estimated timing analysis. For a complete and accurate timing signoff, please run report_timing_summary.
Phase 10 Post Router Timing | Checksum: 1e056fd58

Time (s): cpu = 00:06:00 ; elapsed = 00:03:51 . Memory (MB): peak = 3313.188 ; gain = 0.000
INFO: [Route 35-16] Router Completed Successfully

Time (s): cpu = 00:06:00 ; elapsed = 00:03:51 . Memory (MB): peak = 3313.188 ; gain = 0.000

Routing Is Done.
INFO: [Common 17-83] Releasing license: Implementation
120 Infos, 1 Warnings, 0 Critical Warnings and 0 Errors encountered.
route_design completed successfully
route_design: Time (s): cpu = 00:06:15 ; elapsed = 00:03:59 . Memory (MB): peak = 3313.188 ; gain = 0.000
Netlist sorting complete. Time (s): cpu = 00:00:00 ; elapsed = 00:00:00.111 . Memory (MB): peak = 3313.188 ; gain = 0.000
INFO: [Timing 38-480] Writing timing data to binary archive.
Writing placer database...
Writing XDEF routing.
Writing XDEF routing logical nets.
Writing XDEF routing special nets.
Write XDEF Complete: Time (s): cpu = 00:00:47 ; elapsed = 00:00:15 . Memory (MB): peak = 3313.188 ; gain = 0.000
INFO: [Common 17-1381] The checkpoint 'D:/Users/paste/V1.3.runs/impl_1/top_routed.dcp' has been generated.
write_checkpoint: Time (s): cpu = 00:01:14 ; elapsed = 00:00:36 . Memory (MB): peak = 3313.188 ; gain = 0.000
INFO: [runtcl-4] Executing : report_drc -file top_drc_routed.rpt -pb top_drc_routed.pb -rpx top_drc_routed.rpx
Command: report_drc -file top_drc_routed.rpt -pb top_drc_routed.pb -rpx top_drc_routed.rpx
INFO: [IP_Flow 19-1839] IP Catalog is up to date.
INFO: [DRC 23-27] Running DRC with 2 threads
INFO: [Coretcl 2-168] The results of DRC are in file D:/Users/paste/V1.3.runs/impl_1/top_drc_routed.rpt.
report_drc completed successfully
report_drc: Time (s): cpu = 00:00:55 ; elapsed = 00:00:33 . Memory (MB): peak = 3313.188 ; gain = 0.000
INFO: [runtcl-4] Executing : report_methodology -file top_methodology_drc_routed.rpt -pb top_methodology_drc_routed.pb -rpx top_methodology_drc_routed.rpx
Command: report_methodology -file top_methodology_drc_routed.rpt -pb top_methodology_drc_routed.pb -rpx top_methodology_drc_routed.rpx
INFO: [Timing 38-35] Done setting XDC timing constraints.
INFO: [DRC 23-133] Running Methodology with 2 threads
INFO: [Coretcl 2-1520] The results of Report Methodology are in file D:/Users/paste/V1.3.runs/impl_1/top_methodology_drc_routed.rpt.
report_methodology completed successfully
report_methodology: Time (s): cpu = 00:01:26 ; elapsed = 00:00:49 . Memory (MB): peak = 3640.824 ; gain = 327.637
INFO: [runtcl-4] Executing : report_power -file top_power_routed.rpt -pb top_power_summary_routed.pb -rpx top_power_routed.rpx
Command: report_power -file top_power_routed.rpt -pb top_power_summary_routed.pb -rpx top_power_routed.rpx
INFO: [Timing 38-35] Done setting XDC timing constraints.
Running Vector-less Activity Propagation...

Finished Running Vector-less Activity Propagation
132 Infos, 1 Warnings, 0 Critical Warnings and 0 Errors encountered.
report_power completed successfully
report_power: Time (s): cpu = 00:00:57 ; elapsed = 00:00:34 . Memory (MB): peak = 3640.824 ; gain = 0.000
INFO: [runtcl-4] Executing : report_route_status -file top_route_status.rpt -pb top_route_status.pb
report_route_status: Time (s): cpu = 00:00:06 ; elapsed = 00:00:05 . Memory (MB): peak = 3640.824 ; gain = 0.000
INFO: [runtcl-4] Executing : report_timing_summary -max_paths 10 -file top_timing_summary_routed.rpt -pb top_timing_summary_routed.pb -rpx top_timing_summary_routed.rpx -warn_on_violation 
INFO: [Timing 38-91] UpdateTimingParams: Speed grade: -1, Delay Type: min_max.
INFO: [Timing 38-191] Multithreading enabled for timing update using a maximum of 2 CPUs
WARNING: [Timing 38-436] There are set_bus_skew constraint(s) in this design. Please run report_bus_skew to ensure that bus skew requirements are met.
report_timing_summary: Time (s): cpu = 00:00:09 ; elapsed = 00:00:06 . Memory (MB): peak = 3640.824 ; gain = 0.000
INFO: [runtcl-4] Executing : report_incremental_reuse -file top_incremental_reuse_routed.rpt
INFO: [Vivado_Tcl 4-1062] Incremental flow is disabled. No incremental reuse Info to report.
INFO: [runtcl-4] Executing : report_clock_utilization -file top_clock_utilization_routed.rpt
report_clock_utilization: Time (s): cpu = 00:00:10 ; elapsed = 00:00:10 . Memory (MB): peak = 3640.824 ; gain = 0.000
INFO: [runtcl-4] Executing : report_bus_skew -warn_on_violation -file top_bus_skew_routed.rpt -pb top_bus_skew_routed.pb -rpx top_bus_skew_routed.rpx
INFO: [Timing 38-91] UpdateTimingParams: Speed grade: -1, Delay Type: min_max.
INFO: [Timing 38-191] Multithreading enabled for timing update using a maximum of 2 CPUs
INFO: [Common 17-206] Exiting Vivado at Sat Nov 14 20:50:40 2020...

*** Running vivado
    with args -log top.vdi -applog -m64 -product Vivado -messageDb vivado.pb -mode batch -source top.tcl -notrace


****** Vivado v2019.1 (64-bit)
  **** SW Build 2552052 on Fri May 24 14:49:42 MDT 2019
  **** IP Build 2548770 on Fri May 24 18:01:18 MDT 2019
    ** Copyright 1986-2019 Xilinx, Inc. All Rights Reserved.

source top.tcl -notrace
Command: open_checkpoint top_routed.dcp

Starting open_checkpoint Task

Time (s): cpu = 00:00:00 ; elapsed = 00:00:00.060 . Memory (MB): peak = 298.176 ; gain = 0.000
INFO: [Device 21-403] Loading part xc7z020clg400-1
INFO: [Netlist 29-17] Analyzing 6870 Unisim elements for replacement
INFO: [Netlist 29-28] Unisim Transformation completed in 1 CPU seconds
INFO: [Project 1-479] Netlist was created with Vivado 2019.1
INFO: [Project 1-570] Preparing netlist for logic optimization
INFO: [Timing 38-478] Restoring timing data from binary archive.
INFO: [Timing 38-479] Binary timing data restore complete.
INFO: [Project 1-856] Restoring constraints from binary archive.
INFO: [Project 1-853] Binary constraint restore complete.
Reading XDEF placement.
Reading placer database...
Reading XDEF routing.
Read XDEF File: Time (s): cpu = 00:00:13 ; elapsed = 00:00:13 . Memory (MB): peak = 2212.281 ; gain = 61.395
Restored from archive | CPU: 13.000000 secs | Memory: 0.000000 MB |
Finished XDEF File Restore: Time (s): cpu = 00:00:13 ; elapsed = 00:00:13 . Memory (MB): peak = 2212.281 ; gain = 61.395
Netlist sorting complete. Time (s): cpu = 00:00:00 ; elapsed = 00:00:00.113 . Memory (MB): peak = 2212.281 ; gain = 0.000
INFO: [Project 1-111] Unisim Transformation Summary:
  A total of 353 instances were transformed.
  CFGLUT5 => CFGLUT5 (SRLC32E, SRL16E): 176 instances
  RAM32M => RAM32M (RAMD32, RAMD32, RAMD32, RAMD32, RAMD32, RAMD32, RAMS32, RAMS32): 6 instances
  RAM64X1S => RAM64X1S (RAMS64E): 132 instances
  SRLC32E => SRL16E: 39 instances

INFO: [Project 1-604] Checkpoint was created with Vivado v2019.1 (64-bit) build 2552052
open_checkpoint: Time (s): cpu = 00:01:15 ; elapsed = 00:01:18 . Memory (MB): peak = 2212.281 ; gain = 1914.105
Command: write_bitstream -force top.bit
Attempting to get a license for feature 'Implementation' and/or device 'xc7z020'
INFO: [Common 17-349] Got license for feature 'Implementation' and/or device 'xc7z020'
Running DRC as a precondition to command write_bitstream
INFO: [IP_Flow 19-234] Refreshing IP repositories
INFO: [IP_Flow 19-1704] No user IP repositories specified
INFO: [IP_Flow 19-2313] Loaded Vivado IP repository 'D:/Xilinx/Vivado/2019.1/data/ip'.
INFO: [DRC 23-27] Running DRC with 2 threads
WARNING: [DRC RTSTAT-10] No routable loads: 25 net(s) have no routable loads. The problem bus(es) and/or net(s) are dbg_hub/inst/BSCANID.u_xsdbm_id/CORE_XSDB.UUT_MASTER/U_ICON_INTERFACE/U_CMD6_RD/U_RD_FIFO/SUBCORE_FIFO.xsdbm_v3_0_0_rdfifo_inst/inst_fifo_gen/gconvfifo.rf/grf.rf/gntv_or_sync_fifo.gl0.rd/gr1.gr1_int.rfwft/aempty_fwft_i, dbg_hub/inst/BSCANID.u_xsdbm_id/CORE_XSDB.UUT_MASTER/U_ICON_INTERFACE/U_CMD7_CTL/ctl_reg[2:0], dbg_hub/inst/BSCANID.u_xsdbm_id/CORE_XSDB.UUT_MASTER/U_ICON_INTERFACE/U_CMD1/ctl_reg_en_2[1], dbg_hub/inst/BSCANID.u_xsdbm_id/CORE_XSDB.UUT_MASTER/U_ICON_INTERFACE/U_CMD7_CTL/ctl_reg_en_2[1], dbg_hub/inst/BSCANID.u_xsdbm_id/SWITCH_N_EXT_BSCAN.bscan_switch/m_bscan_capture[0], dbg_hub/inst/BSCANID.u_xsdbm_id/SWITCH_N_EXT_BSCAN.bscan_switch/m_bscan_drck[0], dbg_hub/inst/BSCANID.u_xsdbm_id/SWITCH_N_EXT_BSCAN.bscan_switch/m_bscan_runtest[0], dbg_hub/inst/BSCANID.u_xsdbm_id/CORE_XSDB.UUT_MASTER/U_ICON_INTERFACE/U_CMD6_RD/U_RD_FIFO/SUBCORE_FIFO.xsdbm_v3_0_0_rdfifo_inst/inst_fifo_gen/gconvfifo.rf/grf.rf/gntv_or_sync_fifo.gl0.wr/gwhf.whf/overflow, dbg_hub/inst/BSCANID.u_xsdbm_id/CORE_XSDB.UUT_MASTER/U_ICON_INTERFACE/U_CMD6_WR/U_WR_FIFO/SUBCORE_FIFO.xsdbm_v3_0_0_wrfifo_inst/inst_fifo_gen/gconvfifo.rf/grf.rf/gntv_or_sync_fifo.gl0.wr/gwhf.whf/overflow, dbg_hub/inst/BSCANID.u_xsdbm_id/CORE_XSDB.UUT_MASTER/U_ICON_INTERFACE/U_CMD6_RD/U_RD_FIFO/SUBCORE_FIFO.xsdbm_v3_0_0_rdfifo_inst/inst_fifo_gen/gconvfifo.rf/grf.rf/gntv_or_sync_fifo.gl0.rd/gras.rsts/ram_empty_i, dbg_hub/inst/BSCANID.u_xsdbm_id/CORE_XSDB.UUT_MASTER/U_ICON_INTERFACE/U_CMD6_WR/U_WR_FIFO/SUBCORE_FIFO.xsdbm_v3_0_0_wrfifo_inst/inst_fifo_gen/gconvfifo.rf/grf.rf/gntv_or_sync_fifo.gl0.wr/gwas.wsts/ram_full_i, dbg_hub/inst/BSCANID.u_xsdbm_id/CORE_XSDB.UUT_MASTER/U_ICON_INTERFACE/U_CMD6_WR/U_WR_FIFO/SUBCORE_FIFO.xsdbm_v3_0_0_wrfifo_inst/inst_fifo_gen/gconvfifo.rf/grf.rf/rstblk/rd_rst_reg[0], dbg_hub/inst/BSCANID.u_xsdbm_id/SWITCH_N_EXT_BSCAN.bscan_inst/s_bscan_tms, ila_0/inst/ila_core_inst/u_ila_regs/U_XSDB_SLAVE/s_daddr_o[13], ila_0/inst/ila_core_inst/u_ila_regs/U_XSDB_SLAVE/s_daddr_o[14]... and (the first 15 of 23 listed).
INFO: [DRC AVAL-4] enum_USE_DPORT_FALSE_enum_DREG_ADREG_0_connects_CED_CEAD_RSTD_GND: chan_10/multip/multip1/U0/i_synth/MULT.OP/i_non_prim.MULT/DSP48E1_SPD_DBL_VARIANT.FIX_MULT/DSP0/DSP: DSP48E1 is not using the D port (USE_DPORT = FALSE). For improved power characteristics, set DREG and ADREG to '1', tie CED, CEAD, and RSTD to logic '0'.
INFO: [DRC AVAL-4] enum_USE_DPORT_FALSE_enum_DREG_ADREG_0_connects_CED_CEAD_RSTD_GND: chan_10/multip/multip1/U0/i_synth/MULT.OP/i_non_prim.MULT/DSP48E1_SPD_DBL_VARIANT.FIX_MULT/DSP1/DSP: DSP48E1 is not using the D port (USE_DPORT = FALSE). For improved power characteristics, set DREG and ADREG to '1', tie CED, CEAD, and RSTD to logic '0'.
INFO: [DRC AVAL-4] enum_USE_DPORT_FALSE_enum_DREG_ADREG_0_connects_CED_CEAD_RSTD_GND: chan_10/multip/multip1/U0/i_synth/MULT.OP/i_non_prim.MULT/DSP48E1_SPD_DBL_VARIANT.FIX_MULT/DSP2/DSP: DSP48E1 is not using the D port (USE_DPORT = FALSE). For improved power characteristics, set DREG and ADREG to '1', tie CED, CEAD, and RSTD to logic '0'.
INFO: [DRC AVAL-4] enum_USE_DPORT_FALSE_enum_DREG_ADREG_0_connects_CED_CEAD_RSTD_GND: chan_10/multip/multip1/U0/i_synth/MULT.OP/i_non_prim.MULT/DSP48E1_SPD_DBL_VARIANT.FIX_MULT/DSP3/DSP: DSP48E1 is not using the D port (USE_DPORT = FALSE). For improved power characteristics, set DREG and ADREG to '1', tie CED, CEAD, and RSTD to logic '0'.
INFO: [DRC AVAL-4] enum_USE_DPORT_FALSE_enum_DREG_ADREG_0_connects_CED_CEAD_RSTD_GND: chan_10/multip/multip1/U0/i_synth/MULT.OP/i_non_prim.MULT/DSP48E1_SPD_DBL_VARIANT.FIX_MULT/DSP4/DSP: DSP48E1 is not using the D port (USE_DPORT = FALSE). For improved power characteristics, set DREG and ADREG to '1', tie CED, CEAD, and RSTD to logic '0'.
INFO: [DRC AVAL-4] enum_USE_DPORT_FALSE_enum_DREG_ADREG_0_connects_CED_CEAD_RSTD_GND: chan_10/multip/multip1/U0/i_synth/MULT.OP/i_non_prim.MULT/DSP48E1_SPD_DBL_VARIANT.FIX_MULT/DSP5/DSP: DSP48E1 is not using the D port (USE_DPORT = FALSE). For improved power characteristics, set DREG and ADREG to '1', tie CED, CEAD, and RSTD to logic '0'.
INFO: [DRC AVAL-4] enum_USE_DPORT_FALSE_enum_DREG_ADREG_0_connects_CED_CEAD_RSTD_GND: chan_10/multip/multip1/U0/i_synth/MULT.OP/i_non_prim.MULT/DSP48E1_SPD_DBL_VARIANT.FIX_MULT/DSP6/DSP: DSP48E1 is not using the D port (USE_DPORT = FALSE). For improved power characteristics, set DREG and ADREG to '1', tie CED, CEAD, and RSTD to logic '0'.
INFO: [DRC AVAL-4] enum_USE_DPORT_FALSE_enum_DREG_ADREG_0_connects_CED_CEAD_RSTD_GND: chan_10/multip/multip1/U0/i_synth/MULT.OP/i_non_prim.MULT/DSP48E1_SPD_DBL_VARIANT.FIX_MULT/DSP7/DSP: DSP48E1 is not using the D port (USE_DPORT = FALSE). For improved power characteristics, set DREG and ADREG to '1', tie CED, CEAD, and RSTD to logic '0'.
INFO: [DRC AVAL-4] enum_USE_DPORT_FALSE_enum_DREG_ADREG_0_connects_CED_CEAD_RSTD_GND: chan_10/multip/multip1/U0/i_synth/MULT.OP/i_non_prim.MULT/DSP48E1_SPD_DBL_VARIANT.FIX_MULT/DSP8/DSP: DSP48E1 is not using the D port (USE_DPORT = FALSE). For improved power characteristics, set DREG and ADREG to '1', tie CED, CEAD, and RSTD to logic '0'.
INFO: [DRC AVAL-4] enum_USE_DPORT_FALSE_enum_DREG_ADREG_0_connects_CED_CEAD_RSTD_GND: chan_10/multip/multip2/U0/i_synth/MULT.OP/i_non_prim.MULT/DSP48E1_SPD_DBL_VARIANT.FIX_MULT/DSP0/DSP: DSP48E1 is not using the D port (USE_DPORT = FALSE). For improved power characteristics, set DREG and ADREG to '1', tie CED, CEAD, and RSTD to logic '0'.
INFO: [DRC AVAL-4] enum_USE_DPORT_FALSE_enum_DREG_ADREG_0_connects_CED_CEAD_RSTD_GND: chan_10/multip/multip2/U0/i_synth/MULT.OP/i_non_prim.MULT/DSP48E1_SPD_DBL_VARIANT.FIX_MULT/DSP1/DSP: DSP48E1 is not using the D port (USE_DPORT = FALSE). For improved power characteristics, set DREG and ADREG to '1', tie CED, CEAD, and RSTD to logic '0'.
INFO: [DRC AVAL-4] enum_USE_DPORT_FALSE_enum_DREG_ADREG_0_connects_CED_CEAD_RSTD_GND: chan_10/multip/multip2/U0/i_synth/MULT.OP/i_non_prim.MULT/DSP48E1_SPD_DBL_VARIANT.FIX_MULT/DSP2/DSP: DSP48E1 is not using the D port (USE_DPORT = FALSE). For improved power characteristics, set DREG and ADREG to '1', tie CED, CEAD, and RSTD to logic '0'.
INFO: [DRC AVAL-4] enum_USE_DPORT_FALSE_enum_DREG_ADREG_0_connects_CED_CEAD_RSTD_GND: chan_10/multip/multip2/U0/i_synth/MULT.OP/i_non_prim.MULT/DSP48E1_SPD_DBL_VARIANT.FIX_MULT/DSP3/DSP: DSP48E1 is not using the D port (USE_DPORT = FALSE). For improved power characteristics, set DREG and ADREG to '1', tie CED, CEAD, and RSTD to logic '0'.
INFO: [DRC AVAL-4] enum_USE_DPORT_FALSE_enum_DREG_ADREG_0_connects_CED_CEAD_RSTD_GND: chan_10/multip/multip2/U0/i_synth/MULT.OP/i_non_prim.MULT/DSP48E1_SPD_DBL_VARIANT.FIX_MULT/DSP4/DSP: DSP48E1 is not using the D port (USE_DPORT = FALSE). For improved power characteristics, set DREG and ADREG to '1', tie CED, CEAD, and RSTD to logic '0'.
INFO: [DRC AVAL-4] enum_USE_DPORT_FALSE_enum_DREG_ADREG_0_connects_CED_CEAD_RSTD_GND: chan_10/multip/multip2/U0/i_synth/MULT.OP/i_non_prim.MULT/DSP48E1_SPD_DBL_VARIANT.FIX_MULT/DSP5/DSP: DSP48E1 is not using the D port (USE_DPORT = FALSE). For improved power characteristics, set DREG and ADREG to '1', tie CED, CEAD, and RSTD to logic '0'.
INFO: [DRC AVAL-4] enum_USE_DPORT_FALSE_enum_DREG_ADREG_0_connects_CED_CEAD_RSTD_GND: chan_10/multip/multip2/U0/i_synth/MULT.OP/i_non_prim.MULT/DSP48E1_SPD_DBL_VARIANT.FIX_MULT/DSP6/DSP: DSP48E1 is not using the D port (USE_DPORT = FALSE). For improved power characteristics, set DREG and ADREG to '1', tie CED, CEAD, and RSTD to logic '0'.
INFO: [DRC AVAL-4] enum_USE_DPORT_FALSE_enum_DREG_ADREG_0_connects_CED_CEAD_RSTD_GND: chan_10/multip/multip2/U0/i_synth/MULT.OP/i_non_prim.MULT/DSP48E1_SPD_DBL_VARIANT.FIX_MULT/DSP7/DSP: DSP48E1 is not using the D port (USE_DPORT = FALSE). For improved power characteristics, set DREG and ADREG to '1', tie CED, CEAD, and RSTD to logic '0'.
INFO: [DRC AVAL-4] enum_USE_DPORT_FALSE_enum_DREG_ADREG_0_connects_CED_CEAD_RSTD_GND: chan_10/multip/multip2/U0/i_synth/MULT.OP/i_non_prim.MULT/DSP48E1_SPD_DBL_VARIANT.FIX_MULT/DSP8/DSP: DSP48E1 is not using the D port (USE_DPORT = FALSE). For improved power characteristics, set DREG and ADREG to '1', tie CED, CEAD, and RSTD to logic '0'.
INFO: [DRC AVAL-4] enum_USE_DPORT_FALSE_enum_DREG_ADREG_0_connects_CED_CEAD_RSTD_GND: chan_10/multip/multip3/U0/i_synth/MULT.OP/i_non_prim.MULT/DSP48E1_SPD_DBL_VARIANT.FIX_MULT/DSP0/DSP: DSP48E1 is not using the D port (USE_DPORT = FALSE). For improved power characteristics, set DREG and ADREG to '1', tie CED, CEAD, and RSTD to logic '0'.
INFO: [DRC AVAL-4] enum_USE_DPORT_FALSE_enum_DREG_ADREG_0_connects_CED_CEAD_RSTD_GND: chan_10/multip/multip3/U0/i_synth/MULT.OP/i_non_prim.MULT/DSP48E1_SPD_DBL_VARIANT.FIX_MULT/DSP1/DSP: DSP48E1 is not using the D port (USE_DPORT = FALSE). For improved power characteristics, set DREG and ADREG to '1', tie CED, CEAD, and RSTD to logic '0'.
INFO: [DRC AVAL-4] enum_USE_DPORT_FALSE_enum_DREG_ADREG_0_connects_CED_CEAD_RSTD_GND: chan_10/multip/multip3/U0/i_synth/MULT.OP/i_non_prim.MULT/DSP48E1_SPD_DBL_VARIANT.FIX_MULT/DSP2/DSP: DSP48E1 is not using the D port (USE_DPORT = FALSE). For improved power characteristics, set DREG and ADREG to '1', tie CED, CEAD, and RSTD to logic '0'.
INFO: [DRC AVAL-4] enum_USE_DPORT_FALSE_enum_DREG_ADREG_0_connects_CED_CEAD_RSTD_GND: chan_10/multip/multip3/U0/i_synth/MULT.OP/i_non_prim.MULT/DSP48E1_SPD_DBL_VARIANT.FIX_MULT/DSP3/DSP: DSP48E1 is not using the D port (USE_DPORT = FALSE). For improved power characteristics, set DREG and ADREG to '1', tie CED, CEAD, and RSTD to logic '0'.
INFO: [DRC AVAL-4] enum_USE_DPORT_FALSE_enum_DREG_ADREG_0_connects_CED_CEAD_RSTD_GND: chan_10/multip/multip3/U0/i_synth/MULT.OP/i_non_prim.MULT/DSP48E1_SPD_DBL_VARIANT.FIX_MULT/DSP4/DSP: DSP48E1 is not using the D port (USE_DPORT = FALSE). For improved power characteristics, set DREG and ADREG to '1', tie CED, CEAD, and RSTD to logic '0'.
INFO: [DRC AVAL-4] enum_USE_DPORT_FALSE_enum_DREG_ADREG_0_connects_CED_CEAD_RSTD_GND: chan_10/multip/multip3/U0/i_synth/MULT.OP/i_non_prim.MULT/DSP48E1_SPD_DBL_VARIANT.FIX_MULT/DSP5/DSP: DSP48E1 is not using the D port (USE_DPORT = FALSE). For improved power characteristics, set DREG and ADREG to '1', tie CED, CEAD, and RSTD to logic '0'.
INFO: [DRC AVAL-4] enum_USE_DPORT_FALSE_enum_DREG_ADREG_0_connects_CED_CEAD_RSTD_GND: chan_10/multip/multip3/U0/i_synth/MULT.OP/i_non_prim.MULT/DSP48E1_SPD_DBL_VARIANT.FIX_MULT/DSP6/DSP: DSP48E1 is not using the D port (USE_DPORT = FALSE). For improved power characteristics, set DREG and ADREG to '1', tie CED, CEAD, and RSTD to logic '0'.
INFO: [DRC AVAL-4] enum_USE_DPORT_FALSE_enum_DREG_ADREG_0_connects_CED_CEAD_RSTD_GND: chan_10/multip/multip3/U0/i_synth/MULT.OP/i_non_prim.MULT/DSP48E1_SPD_DBL_VARIANT.FIX_MULT/DSP7/DSP: DSP48E1 is not using the D port (USE_DPORT = FALSE). For improved power characteristics, set DREG and ADREG to '1', tie CED, CEAD, and RSTD to logic '0'.
INFO: [DRC AVAL-4] enum_USE_DPORT_FALSE_enum_DREG_ADREG_0_connects_CED_CEAD_RSTD_GND: chan_10/multip/multip3/U0/i_synth/MULT.OP/i_non_prim.MULT/DSP48E1_SPD_DBL_VARIANT.FIX_MULT/DSP8/DSP: DSP48E1 is not using the D port (USE_DPORT = FALSE). For improved power characteristics, set DREG and ADREG to '1', tie CED, CEAD, and RSTD to logic '0'.
INFO: [DRC AVAL-4] enum_USE_DPORT_FALSE_enum_DREG_ADREG_0_connects_CED_CEAD_RSTD_GND: chan_10/pinv_B/inv/floating_multip_1/U0/i_synth/MULT.OP/i_non_prim.MULT/DSP48E1_SPD_DBL_VARIANT.FIX_MULT/DSP0/DSP: DSP48E1 is not using the D port (USE_DPORT = FALSE). For improved power characteristics, set DREG and ADREG to '1', tie CED, CEAD, and RSTD to logic '0'.
INFO: [DRC AVAL-4] enum_USE_DPORT_FALSE_enum_DREG_ADREG_0_connects_CED_CEAD_RSTD_GND: chan_10/pinv_B/inv/floating_multip_1/U0/i_synth/MULT.OP/i_non_prim.MULT/DSP48E1_SPD_DBL_VARIANT.FIX_MULT/DSP1/DSP: DSP48E1 is not using the D port (USE_DPORT = FALSE). For improved power characteristics, set DREG and ADREG to '1', tie CED, CEAD, and RSTD to logic '0'.
INFO: [DRC AVAL-4] enum_USE_DPORT_FALSE_enum_DREG_ADREG_0_connects_CED_CEAD_RSTD_GND: chan_10/pinv_B/inv/floating_multip_1/U0/i_synth/MULT.OP/i_non_prim.MULT/DSP48E1_SPD_DBL_VARIANT.FIX_MULT/DSP2/DSP: DSP48E1 is not using the D port (USE_DPORT = FALSE). For improved power characteristics, set DREG and ADREG to '1', tie CED, CEAD, and RSTD to logic '0'.
INFO: [DRC AVAL-4] enum_USE_DPORT_FALSE_enum_DREG_ADREG_0_connects_CED_CEAD_RSTD_GND: chan_10/pinv_B/inv/floating_multip_1/U0/i_synth/MULT.OP/i_non_prim.MULT/DSP48E1_SPD_DBL_VARIANT.FIX_MULT/DSP3/DSP: DSP48E1 is not using the D port (USE_DPORT = FALSE). For improved power characteristics, set DREG and ADREG to '1', tie CED, CEAD, and RSTD to logic '0'.
INFO: [DRC AVAL-4] enum_USE_DPORT_FALSE_enum_DREG_ADREG_0_connects_CED_CEAD_RSTD_GND: chan_10/pinv_B/inv/floating_multip_1/U0/i_synth/MULT.OP/i_non_prim.MULT/DSP48E1_SPD_DBL_VARIANT.FIX_MULT/DSP4/DSP: DSP48E1 is not using the D port (USE_DPORT = FALSE). For improved power characteristics, set DREG and ADREG to '1', tie CED, CEAD, and RSTD to logic '0'.
INFO: [DRC AVAL-4] enum_USE_DPORT_FALSE_enum_DREG_ADREG_0_connects_CED_CEAD_RSTD_GND: chan_10/pinv_B/inv/floating_multip_1/U0/i_synth/MULT.OP/i_non_prim.MULT/DSP48E1_SPD_DBL_VARIANT.FIX_MULT/DSP5/DSP: DSP48E1 is not using the D port (USE_DPORT = FALSE). For improved power characteristics, set DREG and ADREG to '1', tie CED, CEAD, and RSTD to logic '0'.
INFO: [DRC AVAL-4] enum_USE_DPORT_FALSE_enum_DREG_ADREG_0_connects_CED_CEAD_RSTD_GND: chan_10/pinv_B/inv/floating_multip_1/U0/i_synth/MULT.OP/i_non_prim.MULT/DSP48E1_SPD_DBL_VARIANT.FIX_MULT/DSP6/DSP: DSP48E1 is not using the D port (USE_DPORT = FALSE). For improved power characteristics, set DREG and ADREG to '1', tie CED, CEAD, and RSTD to logic '0'.
INFO: [DRC AVAL-4] enum_USE_DPORT_FALSE_enum_DREG_ADREG_0_connects_CED_CEAD_RSTD_GND: chan_10/pinv_B/inv/floating_multip_1/U0/i_synth/MULT.OP/i_non_prim.MULT/DSP48E1_SPD_DBL_VARIANT.FIX_MULT/DSP7/DSP: DSP48E1 is not using the D port (USE_DPORT = FALSE). For improved power characteristics, set DREG and ADREG to '1', tie CED, CEAD, and RSTD to logic '0'.
INFO: [DRC AVAL-4] enum_USE_DPORT_FALSE_enum_DREG_ADREG_0_connects_CED_CEAD_RSTD_GND: chan_10/pinv_B/inv/floating_multip_1/U0/i_synth/MULT.OP/i_non_prim.MULT/DSP48E1_SPD_DBL_VARIANT.FIX_MULT/DSP8/DSP: DSP48E1 is not using the D port (USE_DPORT = FALSE). For improved power characteristics, set DREG and ADREG to '1', tie CED, CEAD, and RSTD to logic '0'.
INFO: [DRC AVAL-4] enum_USE_DPORT_FALSE_enum_DREG_ADREG_0_connects_CED_CEAD_RSTD_GND: chan_10/pinv_B/inv/floating_multip_2/U0/i_synth/MULT.OP/i_non_prim.MULT/DSP48E1_SPD_DBL_VARIANT.FIX_MULT/DSP0/DSP: DSP48E1 is not using the D port (USE_DPORT = FALSE). For improved power characteristics, set DREG and ADREG to '1', tie CED, CEAD, and RSTD to logic '0'.
INFO: [DRC AVAL-4] enum_USE_DPORT_FALSE_enum_DREG_ADREG_0_connects_CED_CEAD_RSTD_GND: chan_10/pinv_B/inv/floating_multip_2/U0/i_synth/MULT.OP/i_non_prim.MULT/DSP48E1_SPD_DBL_VARIANT.FIX_MULT/DSP1/DSP: DSP48E1 is not using the D port (USE_DPORT = FALSE). For improved power characteristics, set DREG and ADREG to '1', tie CED, CEAD, and RSTD to logic '0'.
INFO: [DRC AVAL-4] enum_USE_DPORT_FALSE_enum_DREG_ADREG_0_connects_CED_CEAD_RSTD_GND: chan_10/pinv_B/inv/floating_multip_2/U0/i_synth/MULT.OP/i_non_prim.MULT/DSP48E1_SPD_DBL_VARIANT.FIX_MULT/DSP2/DSP: DSP48E1 is not using the D port (USE_DPORT = FALSE). For improved power characteristics, set DREG and ADREG to '1', tie CED, CEAD, and RSTD to logic '0'.
INFO: [DRC AVAL-4] enum_USE_DPORT_FALSE_enum_DREG_ADREG_0_connects_CED_CEAD_RSTD_GND: chan_10/pinv_B/inv/floating_multip_2/U0/i_synth/MULT.OP/i_non_prim.MULT/DSP48E1_SPD_DBL_VARIANT.FIX_MULT/DSP3/DSP: DSP48E1 is not using the D port (USE_DPORT = FALSE). For improved power characteristics, set DREG and ADREG to '1', tie CED, CEAD, and RSTD to logic '0'.
INFO: [DRC AVAL-4] enum_USE_DPORT_FALSE_enum_DREG_ADREG_0_connects_CED_CEAD_RSTD_GND: chan_10/pinv_B/inv/floating_multip_2/U0/i_synth/MULT.OP/i_non_prim.MULT/DSP48E1_SPD_DBL_VARIANT.FIX_MULT/DSP4/DSP: DSP48E1 is not using the D port (USE_DPORT = FALSE). For improved power characteristics, set DREG and ADREG to '1', tie CED, CEAD, and RSTD to logic '0'.
INFO: [DRC AVAL-4] enum_USE_DPORT_FALSE_enum_DREG_ADREG_0_connects_CED_CEAD_RSTD_GND: chan_10/pinv_B/inv/floating_multip_2/U0/i_synth/MULT.OP/i_non_prim.MULT/DSP48E1_SPD_DBL_VARIANT.FIX_MULT/DSP5/DSP: DSP48E1 is not using the D port (USE_DPORT = FALSE). For improved power characteristics, set DREG and ADREG to '1', tie CED, CEAD, and RSTD to logic '0'.
INFO: [DRC AVAL-4] enum_USE_DPORT_FALSE_enum_DREG_ADREG_0_connects_CED_CEAD_RSTD_GND: chan_10/pinv_B/inv/floating_multip_2/U0/i_synth/MULT.OP/i_non_prim.MULT/DSP48E1_SPD_DBL_VARIANT.FIX_MULT/DSP6/DSP: DSP48E1 is not using the D port (USE_DPORT = FALSE). For improved power characteristics, set DREG and ADREG to '1', tie CED, CEAD, and RSTD to logic '0'.
INFO: [DRC AVAL-4] enum_USE_DPORT_FALSE_enum_DREG_ADREG_0_connects_CED_CEAD_RSTD_GND: chan_10/pinv_B/inv/floating_multip_2/U0/i_synth/MULT.OP/i_non_prim.MULT/DSP48E1_SPD_DBL_VARIANT.FIX_MULT/DSP7/DSP: DSP48E1 is not using the D port (USE_DPORT = FALSE). For improved power characteristics, set DREG and ADREG to '1', tie CED, CEAD, and RSTD to logic '0'.
INFO: [DRC AVAL-4] enum_USE_DPORT_FALSE_enum_DREG_ADREG_0_connects_CED_CEAD_RSTD_GND: chan_10/pinv_B/inv/floating_multip_2/U0/i_synth/MULT.OP/i_non_prim.MULT/DSP48E1_SPD_DBL_VARIANT.FIX_MULT/DSP8/DSP: DSP48E1 is not using the D port (USE_DPORT = FALSE). For improved power characteristics, set DREG and ADREG to '1', tie CED, CEAD, and RSTD to logic '0'.
INFO: [DRC AVAL-4] enum_USE_DPORT_FALSE_enum_DREG_ADREG_0_connects_CED_CEAD_RSTD_GND: chan_10/pinv_B/martix_multip_0/floating_point_0/U0/i_synth/MULT.OP/i_non_prim.MULT/DSP48E1_SPD_DBL_VARIANT.FIX_MULT/DSP0/DSP: DSP48E1 is not using the D port (USE_DPORT = FALSE). For improved power characteristics, set DREG and ADREG to '1', tie CED, CEAD, and RSTD to logic '0'.
INFO: [DRC AVAL-4] enum_USE_DPORT_FALSE_enum_DREG_ADREG_0_connects_CED_CEAD_RSTD_GND: chan_10/pinv_B/martix_multip_0/floating_point_0/U0/i_synth/MULT.OP/i_non_prim.MULT/DSP48E1_SPD_DBL_VARIANT.FIX_MULT/DSP1/DSP: DSP48E1 is not using the D port (USE_DPORT = FALSE). For improved power characteristics, set DREG and ADREG to '1', tie CED, CEAD, and RSTD to logic '0'.
INFO: [DRC AVAL-4] enum_USE_DPORT_FALSE_enum_DREG_ADREG_0_connects_CED_CEAD_RSTD_GND: chan_10/pinv_B/martix_multip_0/floating_point_0/U0/i_synth/MULT.OP/i_non_prim.MULT/DSP48E1_SPD_DBL_VARIANT.FIX_MULT/DSP2/DSP: DSP48E1 is not using the D port (USE_DPORT = FALSE). For improved power characteristics, set DREG and ADREG to '1', tie CED, CEAD, and RSTD to logic '0'.
INFO: [DRC AVAL-4] enum_USE_DPORT_FALSE_enum_DREG_ADREG_0_connects_CED_CEAD_RSTD_GND: chan_10/pinv_B/martix_multip_0/floating_point_0/U0/i_synth/MULT.OP/i_non_prim.MULT/DSP48E1_SPD_DBL_VARIANT.FIX_MULT/DSP3/DSP: DSP48E1 is not using the D port (USE_DPORT = FALSE). For improved power characteristics, set DREG and ADREG to '1', tie CED, CEAD, and RSTD to logic '0'.
INFO: [DRC AVAL-4] enum_USE_DPORT_FALSE_enum_DREG_ADREG_0_connects_CED_CEAD_RSTD_GND: chan_10/pinv_B/martix_multip_0/floating_point_0/U0/i_synth/MULT.OP/i_non_prim.MULT/DSP48E1_SPD_DBL_VARIANT.FIX_MULT/DSP4/DSP: DSP48E1 is not using the D port (USE_DPORT = FALSE). For improved power characteristics, set DREG and ADREG to '1', tie CED, CEAD, and RSTD to logic '0'.
INFO: [DRC AVAL-4] enum_USE_DPORT_FALSE_enum_DREG_ADREG_0_connects_CED_CEAD_RSTD_GND: chan_10/pinv_B/martix_multip_0/floating_point_0/U0/i_synth/MULT.OP/i_non_prim.MULT/DSP48E1_SPD_DBL_VARIANT.FIX_MULT/DSP5/DSP: DSP48E1 is not using the D port (USE_DPORT = FALSE). For improved power characteristics, set DREG and ADREG to '1', tie CED, CEAD, and RSTD to logic '0'.
INFO: [DRC AVAL-4] enum_USE_DPORT_FALSE_enum_DREG_ADREG_0_connects_CED_CEAD_RSTD_GND: chan_10/pinv_B/martix_multip_0/floating_point_0/U0/i_synth/MULT.OP/i_non_prim.MULT/DSP48E1_SPD_DBL_VARIANT.FIX_MULT/DSP6/DSP: DSP48E1 is not using the D port (USE_DPORT = FALSE). For improved power characteristics, set DREG and ADREG to '1', tie CED, CEAD, and RSTD to logic '0'.
INFO: [DRC AVAL-4] enum_USE_DPORT_FALSE_enum_DREG_ADREG_0_connects_CED_CEAD_RSTD_GND: chan_10/pinv_B/martix_multip_0/floating_point_0/U0/i_synth/MULT.OP/i_non_prim.MULT/DSP48E1_SPD_DBL_VARIANT.FIX_MULT/DSP7/DSP: DSP48E1 is not using the D port (USE_DPORT = FALSE). For improved power characteristics, set DREG and ADREG to '1', tie CED, CEAD, and RSTD to logic '0'.
INFO: [DRC AVAL-4] enum_USE_DPORT_FALSE_enum_DREG_ADREG_0_connects_CED_CEAD_RSTD_GND: chan_10/pinv_B/martix_multip_0/floating_point_0/U0/i_synth/MULT.OP/i_non_prim.MULT/DSP48E1_SPD_DBL_VARIANT.FIX_MULT/DSP8/DSP: DSP48E1 is not using the D port (USE_DPORT = FALSE). For improved power characteristics, set DREG and ADREG to '1', tie CED, CEAD, and RSTD to logic '0'.
INFO: [DRC AVAL-4] enum_USE_DPORT_FALSE_enum_DREG_ADREG_0_connects_CED_CEAD_RSTD_GND: chan_10/pinv_B/martix_multip_0/floating_point_1/U0/i_synth/MULT.OP/i_non_prim.MULT/DSP48E1_SPD_DBL_VARIANT.FIX_MULT/DSP0/DSP: DSP48E1 is not using the D port (USE_DPORT = FALSE). For improved power characteristics, set DREG and ADREG to '1', tie CED, CEAD, and RSTD to logic '0'.
INFO: [DRC AVAL-4] enum_USE_DPORT_FALSE_enum_DREG_ADREG_0_connects_CED_CEAD_RSTD_GND: chan_10/pinv_B/martix_multip_0/floating_point_1/U0/i_synth/MULT.OP/i_non_prim.MULT/DSP48E1_SPD_DBL_VARIANT.FIX_MULT/DSP1/DSP: DSP48E1 is not using the D port (USE_DPORT = FALSE). For improved power characteristics, set DREG and ADREG to '1', tie CED, CEAD, and RSTD to logic '0'.
INFO: [DRC AVAL-4] enum_USE_DPORT_FALSE_enum_DREG_ADREG_0_connects_CED_CEAD_RSTD_GND: chan_10/pinv_B/martix_multip_0/floating_point_1/U0/i_synth/MULT.OP/i_non_prim.MULT/DSP48E1_SPD_DBL_VARIANT.FIX_MULT/DSP2/DSP: DSP48E1 is not using the D port (USE_DPORT = FALSE). For improved power characteristics, set DREG and ADREG to '1', tie CED, CEAD, and RSTD to logic '0'.
INFO: [DRC AVAL-4] enum_USE_DPORT_FALSE_enum_DREG_ADREG_0_connects_CED_CEAD_RSTD_GND: chan_10/pinv_B/martix_multip_0/floating_point_1/U0/i_synth/MULT.OP/i_non_prim.MULT/DSP48E1_SPD_DBL_VARIANT.FIX_MULT/DSP3/DSP: DSP48E1 is not using the D port (USE_DPORT = FALSE). For improved power characteristics, set DREG and ADREG to '1', tie CED, CEAD, and RSTD to logic '0'.
INFO: [DRC AVAL-4] enum_USE_DPORT_FALSE_enum_DREG_ADREG_0_connects_CED_CEAD_RSTD_GND: chan_10/pinv_B/martix_multip_0/floating_point_1/U0/i_synth/MULT.OP/i_non_prim.MULT/DSP48E1_SPD_DBL_VARIANT.FIX_MULT/DSP4/DSP: DSP48E1 is not using the D port (USE_DPORT = FALSE). For improved power characteristics, set DREG and ADREG to '1', tie CED, CEAD, and RSTD to logic '0'.
INFO: [DRC AVAL-4] enum_USE_DPORT_FALSE_enum_DREG_ADREG_0_connects_CED_CEAD_RSTD_GND: chan_10/pinv_B/martix_multip_0/floating_point_1/U0/i_synth/MULT.OP/i_non_prim.MULT/DSP48E1_SPD_DBL_VARIANT.FIX_MULT/DSP5/DSP: DSP48E1 is not using the D port (USE_DPORT = FALSE). For improved power characteristics, set DREG and ADREG to '1', tie CED, CEAD, and RSTD to logic '0'.
INFO: [DRC AVAL-4] enum_USE_DPORT_FALSE_enum_DREG_ADREG_0_connects_CED_CEAD_RSTD_GND: chan_10/pinv_B/martix_multip_0/floating_point_1/U0/i_synth/MULT.OP/i_non_prim.MULT/DSP48E1_SPD_DBL_VARIANT.FIX_MULT/DSP6/DSP: DSP48E1 is not using the D port (USE_DPORT = FALSE). For improved power characteristics, set DREG and ADREG to '1', tie CED, CEAD, and RSTD to logic '0'.
INFO: [DRC AVAL-4] enum_USE_DPORT_FALSE_enum_DREG_ADREG_0_connects_CED_CEAD_RSTD_GND: chan_10/pinv_B/martix_multip_0/floating_point_1/U0/i_synth/MULT.OP/i_non_prim.MULT/DSP48E1_SPD_DBL_VARIANT.FIX_MULT/DSP7/DSP: DSP48E1 is not using the D port (USE_DPORT = FALSE). For improved power characteristics, set DREG and ADREG to '1', tie CED, CEAD, and RSTD to logic '0'.
INFO: [DRC AVAL-4] enum_USE_DPORT_FALSE_enum_DREG_ADREG_0_connects_CED_CEAD_RSTD_GND: chan_10/pinv_B/martix_multip_0/floating_point_1/U0/i_synth/MULT.OP/i_non_prim.MULT/DSP48E1_SPD_DBL_VARIANT.FIX_MULT/DSP8/DSP: DSP48E1 is not using the D port (USE_DPORT = FALSE). For improved power characteristics, set DREG and ADREG to '1', tie CED, CEAD, and RSTD to logic '0'.
INFO: [DRC AVAL-4] enum_USE_DPORT_FALSE_enum_DREG_ADREG_0_connects_CED_CEAD_RSTD_GND: chan_10/pinv_B/martix_multip_0/floating_point_2/U0/i_synth/MULT.OP/i_non_prim.MULT/DSP48E1_SPD_DBL_VARIANT.FIX_MULT/DSP0/DSP: DSP48E1 is not using the D port (USE_DPORT = FALSE). For improved power characteristics, set DREG and ADREG to '1', tie CED, CEAD, and RSTD to logic '0'.
INFO: [DRC AVAL-4] enum_USE_DPORT_FALSE_enum_DREG_ADREG_0_connects_CED_CEAD_RSTD_GND: chan_10/pinv_B/martix_multip_0/floating_point_2/U0/i_synth/MULT.OP/i_non_prim.MULT/DSP48E1_SPD_DBL_VARIANT.FIX_MULT/DSP1/DSP: DSP48E1 is not using the D port (USE_DPORT = FALSE). For improved power characteristics, set DREG and ADREG to '1', tie CED, CEAD, and RSTD to logic '0'.
INFO: [DRC AVAL-4] enum_USE_DPORT_FALSE_enum_DREG_ADREG_0_connects_CED_CEAD_RSTD_GND: chan_10/pinv_B/martix_multip_0/floating_point_2/U0/i_synth/MULT.OP/i_non_prim.MULT/DSP48E1_SPD_DBL_VARIANT.FIX_MULT/DSP2/DSP: DSP48E1 is not using the D port (USE_DPORT = FALSE). For improved power characteristics, set DREG and ADREG to '1', tie CED, CEAD, and RSTD to logic '0'.
INFO: [DRC AVAL-4] enum_USE_DPORT_FALSE_enum_DREG_ADREG_0_connects_CED_CEAD_RSTD_GND: chan_10/pinv_B/martix_multip_0/floating_point_2/U0/i_synth/MULT.OP/i_non_prim.MULT/DSP48E1_SPD_DBL_VARIANT.FIX_MULT/DSP3/DSP: DSP48E1 is not using the D port (USE_DPORT = FALSE). For improved power characteristics, set DREG and ADREG to '1', tie CED, CEAD, and RSTD to logic '0'.
INFO: [DRC AVAL-4] enum_USE_DPORT_FALSE_enum_DREG_ADREG_0_connects_CED_CEAD_RSTD_GND: chan_10/pinv_B/martix_multip_0/floating_point_2/U0/i_synth/MULT.OP/i_non_prim.MULT/DSP48E1_SPD_DBL_VARIANT.FIX_MULT/DSP4/DSP: DSP48E1 is not using the D port (USE_DPORT = FALSE). For improved power characteristics, set DREG and ADREG to '1', tie CED, CEAD, and RSTD to logic '0'.
INFO: [DRC AVAL-4] enum_USE_DPORT_FALSE_enum_DREG_ADREG_0_connects_CED_CEAD_RSTD_GND: chan_10/pinv_B/martix_multip_0/floating_point_2/U0/i_synth/MULT.OP/i_non_prim.MULT/DSP48E1_SPD_DBL_VARIANT.FIX_MULT/DSP5/DSP: DSP48E1 is not using the D port (USE_DPORT = FALSE). For improved power characteristics, set DREG and ADREG to '1', tie CED, CEAD, and RSTD to logic '0'.
INFO: [DRC AVAL-4] enum_USE_DPORT_FALSE_enum_DREG_ADREG_0_connects_CED_CEAD_RSTD_GND: chan_10/pinv_B/martix_multip_0/floating_point_2/U0/i_synth/MULT.OP/i_non_prim.MULT/DSP48E1_SPD_DBL_VARIANT.FIX_MULT/DSP6/DSP: DSP48E1 is not using the D port (USE_DPORT = FALSE). For improved power characteristics, set DREG and ADREG to '1', tie CED, CEAD, and RSTD to logic '0'.
INFO: [DRC AVAL-4] enum_USE_DPORT_FALSE_enum_DREG_ADREG_0_connects_CED_CEAD_RSTD_GND: chan_10/pinv_B/martix_multip_0/floating_point_2/U0/i_synth/MULT.OP/i_non_prim.MULT/DSP48E1_SPD_DBL_VARIANT.FIX_MULT/DSP7/DSP: DSP48E1 is not using the D port (USE_DPORT = FALSE). For improved power characteristics, set DREG and ADREG to '1', tie CED, CEAD, and RSTD to logic '0'.
INFO: [DRC AVAL-4] enum_USE_DPORT_FALSE_enum_DREG_ADREG_0_connects_CED_CEAD_RSTD_GND: chan_10/pinv_B/martix_multip_0/floating_point_2/U0/i_synth/MULT.OP/i_non_prim.MULT/DSP48E1_SPD_DBL_VARIANT.FIX_MULT/DSP8/DSP: DSP48E1 is not using the D port (USE_DPORT = FALSE). For improved power characteristics, set DREG and ADREG to '1', tie CED, CEAD, and RSTD to logic '0'.
INFO: [DRC AVAL-4] enum_USE_DPORT_FALSE_enum_DREG_ADREG_0_connects_CED_CEAD_RSTD_GND: extract_time_top/fft_multiplier_ifft/channel1_to_fft/fft1/U0/i_synth/xfft_inst/non_floating_point.arch_d.xfft_inst/pe_gen[3].natural_order_input.PE/has_TW_mult.MULT/i_cmpy/four_mult_structure.use_dsp.i_dsp/re_im/use_DSP48.qDSP[0].appDSP[0].bppDSP[0].u_l[0].use_dsp48e1.dsp: DSP48E1 is not using the D port (USE_DPORT = FALSE). For improved power characteristics, set DREG and ADREG to '1', tie CED, CEAD, and RSTD to logic '0'.
INFO: [DRC AVAL-4] enum_USE_DPORT_FALSE_enum_DREG_ADREG_0_connects_CED_CEAD_RSTD_GND: extract_time_top/fft_multiplier_ifft/channel1_to_fft/fft1/U0/i_synth/xfft_inst/non_floating_point.arch_d.xfft_inst/pe_gen[3].natural_order_input.PE/has_TW_mult.MULT/i_cmpy/four_mult_structure.use_dsp.i_dsp/re_im/use_DSP48.qDSP[0].appDSP[0].bppDSP[0].u_l[1].use_dsp48e1.dsp: DSP48E1 is not using the D port (USE_DPORT = FALSE). For improved power characteristics, set DREG and ADREG to '1', tie CED, CEAD, and RSTD to logic '0'.
INFO: [DRC AVAL-4] enum_USE_DPORT_FALSE_enum_DREG_ADREG_0_connects_CED_CEAD_RSTD_GND: extract_time_top/fft_multiplier_ifft/channel1_to_fft/fft1/U0/i_synth/xfft_inst/non_floating_point.arch_d.xfft_inst/pe_gen[3].natural_order_input.PE/has_TW_mult.MULT/i_cmpy/four_mult_structure.use_dsp.i_dsp/re_im/use_DSP48.qDSP[1].appDSP[0].bppDSP[0].u_l[0].use_dsp48e1.dsp: DSP48E1 is not using the D port (USE_DPORT = FALSE). For improved power characteristics, set DREG and ADREG to '1', tie CED, CEAD, and RSTD to logic '0'.
INFO: [DRC AVAL-4] enum_USE_DPORT_FALSE_enum_DREG_ADREG_0_connects_CED_CEAD_RSTD_GND: extract_time_top/fft_multiplier_ifft/channel1_to_fft/fft1/U0/i_synth/xfft_inst/non_floating_point.arch_d.xfft_inst/pe_gen[3].natural_order_input.PE/has_TW_mult.MULT/i_cmpy/four_mult_structure.use_dsp.i_dsp/re_im/use_DSP48.qDSP[1].appDSP[0].bppDSP[0].u_l[1].use_dsp48e1.dsp: DSP48E1 is not using the D port (USE_DPORT = FALSE). For improved power characteristics, set DREG and ADREG to '1', tie CED, CEAD, and RSTD to logic '0'.
INFO: [DRC AVAL-4] enum_USE_DPORT_FALSE_enum_DREG_ADREG_0_connects_CED_CEAD_RSTD_GND: extract_time_top/fft_multiplier_ifft/channel2_to_fft/fft2/U0/i_synth/xfft_inst/non_floating_point.arch_d.xfft_inst/pe_gen[3].natural_order_input.PE/has_TW_mult.MULT/i_cmpy/four_mult_structure.use_dsp.i_dsp/re_im/use_DSP48.qDSP[0].appDSP[0].bppDSP[0].u_l[0].use_dsp48e1.dsp: DSP48E1 is not using the D port (USE_DPORT = FALSE). For improved power characteristics, set DREG and ADREG to '1', tie CED, CEAD, and RSTD to logic '0'.
INFO: [DRC AVAL-4] enum_USE_DPORT_FALSE_enum_DREG_ADREG_0_connects_CED_CEAD_RSTD_GND: extract_time_top/fft_multiplier_ifft/channel2_to_fft/fft2/U0/i_synth/xfft_inst/non_floating_point.arch_d.xfft_inst/pe_gen[3].natural_order_input.PE/has_TW_mult.MULT/i_cmpy/four_mult_structure.use_dsp.i_dsp/re_im/use_DSP48.qDSP[0].appDSP[0].bppDSP[0].u_l[1].use_dsp48e1.dsp: DSP48E1 is not using the D port (USE_DPORT = FALSE). For improved power characteristics, set DREG and ADREG to '1', tie CED, CEAD, and RSTD to logic '0'.
INFO: [DRC AVAL-4] enum_USE_DPORT_FALSE_enum_DREG_ADREG_0_connects_CED_CEAD_RSTD_GND: extract_time_top/fft_multiplier_ifft/channel2_to_fft/fft2/U0/i_synth/xfft_inst/non_floating_point.arch_d.xfft_inst/pe_gen[3].natural_order_input.PE/has_TW_mult.MULT/i_cmpy/four_mult_structure.use_dsp.i_dsp/re_im/use_DSP48.qDSP[1].appDSP[0].bppDSP[0].u_l[0].use_dsp48e1.dsp: DSP48E1 is not using the D port (USE_DPORT = FALSE). For improved power characteristics, set DREG and ADREG to '1', tie CED, CEAD, and RSTD to logic '0'.
INFO: [DRC AVAL-4] enum_USE_DPORT_FALSE_enum_DREG_ADREG_0_connects_CED_CEAD_RSTD_GND: extract_time_top/fft_multiplier_ifft/channel2_to_fft/fft2/U0/i_synth/xfft_inst/non_floating_point.arch_d.xfft_inst/pe_gen[3].natural_order_input.PE/has_TW_mult.MULT/i_cmpy/four_mult_structure.use_dsp.i_dsp/re_im/use_DSP48.qDSP[1].appDSP[0].bppDSP[0].u_l[1].use_dsp48e1.dsp: DSP48E1 is not using the D port (USE_DPORT = FALSE). For improved power characteristics, set DREG and ADREG to '1', tie CED, CEAD, and RSTD to logic '0'.
INFO: [DRC REQP-165] writefirst: Synchronous clocking is detected for BRAM (extract_time_top/fft_multiplier_ifft/channel1_to_fft/fft1/U0/i_synth/xfft_inst/non_floating_point.arch_d.xfft_inst/pe_gen[1].natural_order_input.PE/FB_1.BF_1/MEM/blk_ram.use_bram_only.mem/depths_3to9.ram_loop[0].use_RAMB18.SDP_RAMB18E1_36x512) in SDP mode with WRITE_FIRST write-mode. This is the preferred mode for best power characteristics, however it may exhibit address collisions if the same address appears on both read and write ports resulting in unknown or corrupted read data. It is suggested to confirm via simulation that an address collision never occurs and if so it is suggested to try and avoid this situation. If address collisions cannot be avoided, the write-mode may be set to READ_FIRST which guarantees that the read data is the prior contents of the memory at the cost of additional power in the design. See the FPGA Memory Resources User Guide for additional information.
INFO: [DRC REQP-165] writefirst: Synchronous clocking is detected for BRAM (extract_time_top/fft_multiplier_ifft/channel1_to_fft/fft1/U0/i_synth/xfft_inst/non_floating_point.arch_d.xfft_inst/pe_gen[1].natural_order_input.PE/FB_1.BF_1/MEM/blk_ram.use_bram_only.mem/depths_3to9.ram_loop[1].use_RAMB18.SDP_RAMB18E1_36x512) in SDP mode with WRITE_FIRST write-mode. This is the preferred mode for best power characteristics, however it may exhibit address collisions if the same address appears on both read and write ports resulting in unknown or corrupted read data. It is suggested to confirm via simulation that an address collision never occurs and if so it is suggested to try and avoid this situation. If address collisions cannot be avoided, the write-mode may be set to READ_FIRST which guarantees that the read data is the prior contents of the memory at the cost of additional power in the design. See the FPGA Memory Resources User Guide for additional information.
INFO: [DRC REQP-165] writefirst: Synchronous clocking is detected for BRAM (extract_time_top/fft_multiplier_ifft/channel1_to_fft/fft1/U0/i_synth/xfft_inst/non_floating_point.arch_d.xfft_inst/pe_gen[1].natural_order_input.PE/hasbf2.FB_2.BF_2/MEM/blk_ram.use_bram_only.mem/depths_3to9.ram_loop[0].use_RAMB18.SDP_RAMB18E1_36x512) in SDP mode with WRITE_FIRST write-mode. This is the preferred mode for best power characteristics, however it may exhibit address collisions if the same address appears on both read and write ports resulting in unknown or corrupted read data. It is suggested to confirm via simulation that an address collision never occurs and if so it is suggested to try and avoid this situation. If address collisions cannot be avoided, the write-mode may be set to READ_FIRST which guarantees that the read data is the prior contents of the memory at the cost of additional power in the design. See the FPGA Memory Resources User Guide for additional information.
INFO: [DRC REQP-165] writefirst: Synchronous clocking is detected for BRAM (extract_time_top/fft_multiplier_ifft/channel1_to_fft/fft1/U0/i_synth/xfft_inst/non_floating_point.arch_d.xfft_inst/pe_gen[1].natural_order_input.PE/hasbf2.FB_2.BF_2/MEM/blk_ram.use_bram_only.mem/depths_3to9.ram_loop[1].use_RAMB18.SDP_RAMB18E1_36x512) in SDP mode with WRITE_FIRST write-mode. This is the preferred mode for best power characteristics, however it may exhibit address collisions if the same address appears on both read and write ports resulting in unknown or corrupted read data. It is suggested to confirm via simulation that an address collision never occurs and if so it is suggested to try and avoid this situation. If address collisions cannot be avoided, the write-mode may be set to READ_FIRST which guarantees that the read data is the prior contents of the memory at the cost of additional power in the design. See the FPGA Memory Resources User Guide for additional information.
INFO: [DRC REQP-165] writefirst: Synchronous clocking is detected for BRAM (extract_time_top/fft_multiplier_ifft/channel1_to_fft/fft1/U0/i_synth/xfft_inst/non_floating_point.arch_d.xfft_inst/pe_gen[2].natural_order_input.PE/FB_1.BF_1/MEM/blk_ram.use_bram_only.mem/depths_3to9.ram_loop[0].use_RAMB18.SDP_RAMB18E1_36x512) in SDP mode with WRITE_FIRST write-mode. This is the preferred mode for best power characteristics, however it may exhibit address collisions if the same address appears on both read and write ports resulting in unknown or corrupted read data. It is suggested to confirm via simulation that an address collision never occurs and if so it is suggested to try and avoid this situation. If address collisions cannot be avoided, the write-mode may be set to READ_FIRST which guarantees that the read data is the prior contents of the memory at the cost of additional power in the design. See the FPGA Memory Resources User Guide for additional information.
INFO: [DRC REQP-165] writefirst: Synchronous clocking is detected for BRAM (extract_time_top/fft_multiplier_ifft/channel1_to_fft/fft1/U0/i_synth/xfft_inst/non_floating_point.arch_d.xfft_inst/pe_gen[2].natural_order_input.PE/FB_1.BF_1/MEM/blk_ram.use_bram_only.mem/depths_3to9.ram_loop[1].use_RAMB18.SDP_RAMB18E1_36x512) in SDP mode with WRITE_FIRST write-mode. This is the preferred mode for best power characteristics, however it may exhibit address collisions if the same address appears on both read and write ports resulting in unknown or corrupted read data. It is suggested to confirm via simulation that an address collision never occurs and if so it is suggested to try and avoid this situation. If address collisions cannot be avoided, the write-mode may be set to READ_FIRST which guarantees that the read data is the prior contents of the memory at the cost of additional power in the design. See the FPGA Memory Resources User Guide for additional information.
INFO: [DRC REQP-165] writefirst: Synchronous clocking is detected for BRAM (extract_time_top/fft_multiplier_ifft/channel2_to_fft/fft2/U0/i_synth/xfft_inst/non_floating_point.arch_d.xfft_inst/pe_gen[1].natural_order_input.PE/FB_1.BF_1/MEM/blk_ram.use_bram_only.mem/depths_3to9.ram_loop[0].use_RAMB18.SDP_RAMB18E1_36x512) in SDP mode with WRITE_FIRST write-mode. This is the preferred mode for best power characteristics, however it may exhibit address collisions if the same address appears on both read and write ports resulting in unknown or corrupted read data. It is suggested to confirm via simulation that an address collision never occurs and if so it is suggested to try and avoid this situation. If address collisions cannot be avoided, the write-mode may be set to READ_FIRST which guarantees that the read data is the prior contents of the memory at the cost of additional power in the design. See the FPGA Memory Resources User Guide for additional information.
INFO: [DRC REQP-165] writefirst: Synchronous clocking is detected for BRAM (extract_time_top/fft_multiplier_ifft/channel2_to_fft/fft2/U0/i_synth/xfft_inst/non_floating_point.arch_d.xfft_inst/pe_gen[1].natural_order_input.PE/FB_1.BF_1/MEM/blk_ram.use_bram_only.mem/depths_3to9.ram_loop[1].use_RAMB18.SDP_RAMB18E1_36x512) in SDP mode with WRITE_FIRST write-mode. This is the preferred mode for best power characteristics, however it may exhibit address collisions if the same address appears on both read and write ports resulting in unknown or corrupted read data. It is suggested to confirm via simulation that an address collision never occurs and if so it is suggested to try and avoid this situation. If address collisions cannot be avoided, the write-mode may be set to READ_FIRST which guarantees that the read data is the prior contents of the memory at the cost of additional power in the design. See the FPGA Memory Resources User Guide for additional information.
INFO: [DRC REQP-165] writefirst: Synchronous clocking is detected for BRAM (extract_time_top/fft_multiplier_ifft/channel2_to_fft/fft2/U0/i_synth/xfft_inst/non_floating_point.arch_d.xfft_inst/pe_gen[1].natural_order_input.PE/hasbf2.FB_2.BF_2/MEM/blk_ram.use_bram_only.mem/depths_3to9.ram_loop[0].use_RAMB18.SDP_RAMB18E1_36x512) in SDP mode with WRITE_FIRST write-mode. This is the preferred mode for best power characteristics, however it may exhibit address collisions if the same address appears on both read and write ports resulting in unknown or corrupted read data. It is suggested to confirm via simulation that an address collision never occurs and if so it is suggested to try and avoid this situation. If address collisions cannot be avoided, the write-mode may be set to READ_FIRST which guarantees that the read data is the prior contents of the memory at the cost of additional power in the design. See the FPGA Memory Resources User Guide for additional information.
INFO: [DRC REQP-165] writefirst: Synchronous clocking is detected for BRAM (extract_time_top/fft_multiplier_ifft/channel2_to_fft/fft2/U0/i_synth/xfft_inst/non_floating_point.arch_d.xfft_inst/pe_gen[1].natural_order_input.PE/hasbf2.FB_2.BF_2/MEM/blk_ram.use_bram_only.mem/depths_3to9.ram_loop[1].use_RAMB18.SDP_RAMB18E1_36x512) in SDP mode with WRITE_FIRST write-mode. This is the preferred mode for best power characteristics, however it may exhibit address collisions if the same address appears on both read and write ports resulting in unknown or corrupted read data. It is suggested to confirm via simulation that an address collision never occurs and if so it is suggested to try and avoid this situation. If address collisions cannot be avoided, the write-mode may be set to READ_FIRST which guarantees that the read data is the prior contents of the memory at the cost of additional power in the design. See the FPGA Memory Resources User Guide for additional information.
INFO: [DRC REQP-165] writefirst: Synchronous clocking is detected for BRAM (extract_time_top/fft_multiplier_ifft/channel2_to_fft/fft2/U0/i_synth/xfft_inst/non_floating_point.arch_d.xfft_inst/pe_gen[2].natural_order_input.PE/FB_1.BF_1/MEM/blk_ram.use_bram_only.mem/depths_3to9.ram_loop[0].use_RAMB18.SDP_RAMB18E1_36x512) in SDP mode with WRITE_FIRST write-mode. This is the preferred mode for best power characteristics, however it may exhibit address collisions if the same address appears on both read and write ports resulting in unknown or corrupted read data. It is suggested to confirm via simulation that an address collision never occurs and if so it is suggested to try and avoid this situation. If address collisions cannot be avoided, the write-mode may be set to READ_FIRST which guarantees that the read data is the prior contents of the memory at the cost of additional power in the design. See the FPGA Memory Resources User Guide for additional information.
INFO: [DRC REQP-165] writefirst: Synchronous clocking is detected for BRAM (extract_time_top/fft_multiplier_ifft/channel2_to_fft/fft2/U0/i_synth/xfft_inst/non_floating_point.arch_d.xfft_inst/pe_gen[2].natural_order_input.PE/FB_1.BF_1/MEM/blk_ram.use_bram_only.mem/depths_3to9.ram_loop[1].use_RAMB18.SDP_RAMB18E1_36x512) in SDP mode with WRITE_FIRST write-mode. This is the preferred mode for best power characteristics, however it may exhibit address collisions if the same address appears on both read and write ports resulting in unknown or corrupted read data. It is suggested to confirm via simulation that an address collision never occurs and if so it is suggested to try and avoid this situation. If address collisions cannot be avoided, the write-mode may be set to READ_FIRST which guarantees that the read data is the prior contents of the memory at the cost of additional power in the design. See the FPGA Memory Resources User Guide for additional information.
INFO: [DRC REQP-165] writefirst: Synchronous clocking is detected for BRAM (extract_time_top/fft_multiplier_ifft/ifft/ifft_1/U0/i_synth/xfft_inst/non_floating_point.arch_d.xfft_inst/pe_gen[1].natural_order_input.PE/FB_1.BF_1/MEM/blk_ram.use_bram_only.mem/depths_3to9.ram_loop[0].use_RAMB18.SDP_RAMB18E1_36x512) in SDP mode with WRITE_FIRST write-mode. This is the preferred mode for best power characteristics, however it may exhibit address collisions if the same address appears on both read and write ports resulting in unknown or corrupted read data. It is suggested to confirm via simulation that an address collision never occurs and if so it is suggested to try and avoid this situation. If address collisions cannot be avoided, the write-mode may be set to READ_FIRST which guarantees that the read data is the prior contents of the memory at the cost of additional power in the design. See the FPGA Memory Resources User Guide for additional information.
INFO: [DRC REQP-165] writefirst: Synchronous clocking is detected for BRAM (extract_time_top/fft_multiplier_ifft/ifft/ifft_1/U0/i_synth/xfft_inst/non_floating_point.arch_d.xfft_inst/pe_gen[1].natural_order_input.PE/FB_1.BF_1/MEM/blk_ram.use_bram_only.mem/depths_3to9.ram_loop[1].use_RAMB18.SDP_RAMB18E1_36x512) in SDP mode with WRITE_FIRST write-mode. This is the preferred mode for best power characteristics, however it may exhibit address collisions if the same address appears on both read and write ports resulting in unknown or corrupted read data. It is suggested to confirm via simulation that an address collision never occurs and if so it is suggested to try and avoid this situation. If address collisions cannot be avoided, the write-mode may be set to READ_FIRST which guarantees that the read data is the prior contents of the memory at the cost of additional power in the design. See the FPGA Memory Resources User Guide for additional information.
INFO: [DRC REQP-165] writefirst: Synchronous clocking is detected for BRAM (extract_time_top/fft_multiplier_ifft/ifft/ifft_1/U0/i_synth/xfft_inst/non_floating_point.arch_d.xfft_inst/pe_gen[1].natural_order_input.PE/FB_1.BF_1/MEM/blk_ram.use_bram_only.mem/depths_3to9.ram_loop[2].use_RAMB18.SDP_RAMB18E1_36x512) in SDP mode with WRITE_FIRST write-mode. This is the preferred mode for best power characteristics, however it may exhibit address collisions if the same address appears on both read and write ports resulting in unknown or corrupted read data. It is suggested to confirm via simulation that an address collision never occurs and if so it is suggested to try and avoid this situation. If address collisions cannot be avoided, the write-mode may be set to READ_FIRST which guarantees that the read data is the prior contents of the memory at the cost of additional power in the design. See the FPGA Memory Resources User Guide for additional information.
INFO: [DRC REQP-165] writefirst: Synchronous clocking is detected for BRAM (extract_time_top/fft_multiplier_ifft/ifft/ifft_1/U0/i_synth/xfft_inst/non_floating_point.arch_d.xfft_inst/pe_gen[1].natural_order_input.PE/hasbf2.FB_2.BF_2/MEM/blk_ram.use_bram_only.mem/depths_3to9.ram_loop[0].use_RAMB18.SDP_RAMB18E1_36x512) in SDP mode with WRITE_FIRST write-mode. This is the preferred mode for best power characteristics, however it may exhibit address collisions if the same address appears on both read and write ports resulting in unknown or corrupted read data. It is suggested to confirm via simulation that an address collision never occurs and if so it is suggested to try and avoid this situation. If address collisions cannot be avoided, the write-mode may be set to READ_FIRST which guarantees that the read data is the prior contents of the memory at the cost of additional power in the design. See the FPGA Memory Resources User Guide for additional information.
INFO: [DRC REQP-165] writefirst: Synchronous clocking is detected for BRAM (extract_time_top/fft_multiplier_ifft/ifft/ifft_1/U0/i_synth/xfft_inst/non_floating_point.arch_d.xfft_inst/pe_gen[1].natural_order_input.PE/hasbf2.FB_2.BF_2/MEM/blk_ram.use_bram_only.mem/depths_3to9.ram_loop[1].use_RAMB18.SDP_RAMB18E1_36x512) in SDP mode with WRITE_FIRST write-mode. This is the preferred mode for best power characteristics, however it may exhibit address collisions if the same address appears on both read and write ports resulting in unknown or corrupted read data. It is suggested to confirm via simulation that an address collision never occurs and if so it is suggested to try and avoid this situation. If address collisions cannot be avoided, the write-mode may be set to READ_FIRST which guarantees that the read data is the prior contents of the memory at the cost of additional power in the design. See the FPGA Memory Resources User Guide for additional information.
INFO: [DRC REQP-165] writefirst: Synchronous clocking is detected for BRAM (extract_time_top/fft_multiplier_ifft/ifft/ifft_1/U0/i_synth/xfft_inst/non_floating_point.arch_d.xfft_inst/pe_gen[1].natural_order_input.PE/hasbf2.FB_2.BF_2/MEM/blk_ram.use_bram_only.mem/depths_3to9.ram_loop[2].use_RAMB18.SDP_RAMB18E1_36x512) in SDP mode with WRITE_FIRST write-mode. This is the preferred mode for best power characteristics, however it may exhibit address collisions if the same address appears on both read and write ports resulting in unknown or corrupted read data. It is suggested to confirm via simulation that an address collision never occurs and if so it is suggested to try and avoid this situation. If address collisions cannot be avoided, the write-mode may be set to READ_FIRST which guarantees that the read data is the prior contents of the memory at the cost of additional power in the design. See the FPGA Memory Resources User Guide for additional information.
INFO: [DRC REQP-165] writefirst: Synchronous clocking is detected for BRAM (extract_time_top/fft_multiplier_ifft/ifft/ifft_1/U0/i_synth/xfft_inst/non_floating_point.arch_d.xfft_inst/pe_gen[2].natural_order_input.PE/FB_1.BF_1/MEM/blk_ram.use_bram_only.mem/depths_3to9.ram_loop[0].use_RAMB18.SDP_RAMB18E1_36x512) in SDP mode with WRITE_FIRST write-mode. This is the preferred mode for best power characteristics, however it may exhibit address collisions if the same address appears on both read and write ports resulting in unknown or corrupted read data. It is suggested to confirm via simulation that an address collision never occurs and if so it is suggested to try and avoid this situation. If address collisions cannot be avoided, the write-mode may be set to READ_FIRST which guarantees that the read data is the prior contents of the memory at the cost of additional power in the design. See the FPGA Memory Resources User Guide for additional information.
INFO: [DRC REQP-165] writefirst: Synchronous clocking is detected for BRAM (extract_time_top/fft_multiplier_ifft/ifft/ifft_1/U0/i_synth/xfft_inst/non_floating_point.arch_d.xfft_inst/pe_gen[2].natural_order_input.PE/FB_1.BF_1/MEM/blk_ram.use_bram_only.mem/depths_3to9.ram_loop[1].use_RAMB18.SDP_RAMB18E1_36x512) in SDP mode with WRITE_FIRST write-mode. This is the preferred mode for best power characteristics, however it may exhibit address collisions if the same address appears on both read and write ports resulting in unknown or corrupted read data. It is suggested to confirm via simulation that an address collision never occurs and if so it is suggested to try and avoid this situation. If address collisions cannot be avoided, the write-mode may be set to READ_FIRST which guarantees that the read data is the prior contents of the memory at the cost of additional power in the design. See the FPGA Memory Resources User Guide for additional information.
INFO: [DRC REQP-165] writefirst: Synchronous clocking is detected for BRAM (extract_time_top/fft_multiplier_ifft/ifft/ifft_1/U0/i_synth/xfft_inst/non_floating_point.arch_d.xfft_inst/pe_gen[2].natural_order_input.PE/FB_1.BF_1/MEM/blk_ram.use_bram_only.mem/depths_3to9.ram_loop[2].use_RAMB18.SDP_RAMB18E1_36x512) in SDP mode with WRITE_FIRST write-mode. This is the preferred mode for best power characteristics, however it may exhibit address collisions if the same address appears on both read and write ports resulting in unknown or corrupted read data. It is suggested to confirm via simulation that an address collision never occurs and if so it is suggested to try and avoid this situation. If address collisions cannot be avoided, the write-mode may be set to READ_FIRST which guarantees that the read data is the prior contents of the memory at the cost of additional power in the design. See the FPGA Memory Resources User Guide for additional information.
INFO: [Vivado 12-3199] DRC finished with 0 Errors, 1 Warnings, 101 Advisories
INFO: [Vivado 12-3200] Please refer to the DRC report (report_drc) for more information.
INFO: [Designutils 20-2272] Running write_bitstream with 2 threads.
Loading data files...
Loading site data...
Loading route data...
Processing options...
Creating bitmap...
Creating bitstream...
Writing bitstream ./top.bit...
INFO: [Vivado 12-1842] Bitgen Completed Successfully.
INFO: [Project 1-120] WebTalk data collection is mandatory when using a WebPACK part without a full Vivado license. To see the specific WebTalk data collected for your design, open the usage_statistics_webtalk.html or usage_statistics_webtalk.xml file in the implementation directory.
INFO: [Common 17-186] 'D:/Users/paste/V1.3.runs/impl_1/usage_statistics_webtalk.xml' has been successfully sent to Xilinx on Sat Nov 14 20:57:28 2020. For additional details about this file, please refer to the WebTalk help file at D:/Xilinx/Vivado/2019.1/doc/webtalk_introduction.html.
INFO: [Common 17-83] Releasing license: Implementation
124 Infos, 1 Warnings, 0 Critical Warnings and 0 Errors encountered.
write_bitstream completed successfully
write_bitstream: Time (s): cpu = 00:01:53 ; elapsed = 00:01:21 . Memory (MB): peak = 2790.984 ; gain = 578.703
INFO: [Common 17-206] Exiting Vivado at Sat Nov 14 20:57:29 2020...
