21:00:22 INFO  : Registering command handlers for SDK TCF services
21:00:23 INFO  : Launching XSCT server: xsct.bat -interactive D:\Users\paste\V1.3.sdk\temp_xsdb_launch_script.tcl
21:00:26 INFO  : XSCT server has started successfully.
21:00:26 INFO  : Successfully done setting XSCT server connection channel  
21:00:26 INFO  : Successfully done setting SDK workspace  
21:00:26 INFO  : Processing command line option -hwspec D:/Users/paste/V1.3.sdk/top.hdf.
21:06:37 INFO  : Connected to target on host '127.0.0.1' and port '3121'.
21:06:55 INFO  : ----------------XSDB Script----------------
connect -url tcp:127.0.0.1:3121
----------------End of Script----------------

21:08:00 INFO  : Connected to target on host '127.0.0.1' and port '3121'.
21:08:00 INFO  : Jtag cable 'Xilinx TUL 1234-tulA' is selected.
21:08:00 INFO  : 'jtag frequency' command is executed.
21:08:00 INFO  : Sourcing of 'D:/Users/paste/V1.3.sdk/top_hw_platform_0/ps7_init.tcl' is done.
21:08:00 INFO  : Context for 'APU' is selected.
21:08:01 INFO  : System reset is completed.
21:08:04 INFO  : 'after 3000' command is executed.
21:08:04 INFO  : 'targets -set -filter {jtag_cable_name =~ "Xilinx TUL 1234-tulA" && level==0} -index 1' command is executed.
21:08:06 INFO  : FPGA configured successfully with bitstream "D:/Users/paste/V1.3.sdk/top_hw_platform_0/top.bit"
21:08:06 INFO  : Context for 'APU' is selected.
21:08:06 INFO  : Hardware design information is loaded from 'D:/Users/paste/V1.3.sdk/top_hw_platform_0/system.hdf'.
21:08:06 INFO  : 'configparams force-mem-access 1' command is executed.
21:08:06 INFO  : Context for 'APU' is selected.
21:08:07 INFO  : 'ps7_init' command is executed.
21:08:07 INFO  : 'ps7_post_config' command is executed.
21:08:07 INFO  : Context for processor 'ps7_cortexa9_0' is selected.
21:08:07 INFO  : The application 'D:/Users/paste/V1.3.sdk/transdata/Debug/transdata.elf' is downloaded to processor 'ps7_cortexa9_0'.
21:08:07 INFO  : 'configparams force-mem-access 0' command is executed.
21:08:07 INFO  : ----------------XSDB Script----------------
connect -url tcp:127.0.0.1:3121
source D:/Users/paste/V1.3.sdk/top_hw_platform_0/ps7_init.tcl
targets -set -nocase -filter {name =~"APU*" && jtag_cable_name =~ "Xilinx TUL 1234-tulA"} -index 0
rst -system
after 3000
targets -set -filter {jtag_cable_name =~ "Xilinx TUL 1234-tulA" && level==0} -index 1
fpga -file D:/Users/paste/V1.3.sdk/top_hw_platform_0/top.bit
targets -set -nocase -filter {name =~"APU*" && jtag_cable_name =~ "Xilinx TUL 1234-tulA"} -index 0
loadhw -hw D:/Users/paste/V1.3.sdk/top_hw_platform_0/system.hdf -mem-ranges [list {0x40000000 0xbfffffff}]
configparams force-mem-access 1
targets -set -nocase -filter {name =~"APU*" && jtag_cable_name =~ "Xilinx TUL 1234-tulA"} -index 0
ps7_init
ps7_post_config
targets -set -nocase -filter {name =~ "ARM*#0" && jtag_cable_name =~ "Xilinx TUL 1234-tulA"} -index 0
dow D:/Users/paste/V1.3.sdk/transdata/Debug/transdata.elf
configparams force-mem-access 0
----------------End of Script----------------

21:08:07 INFO  : Memory regions updated for context APU
21:08:08 INFO  : Context for processor 'ps7_cortexa9_0' is selected.
21:08:08 INFO  : 'con' command is executed.
21:08:08 INFO  : ----------------XSDB Script (After Launch)----------------
targets -set -nocase -filter {name =~ "ARM*#0" && jtag_cable_name =~ "Xilinx TUL 1234-tulA"} -index 0
con
----------------End of Script----------------

21:08:08 INFO  : Launch script is exported to file 'D:\Users\paste\V1.3.sdk\.sdk\launch_scripts\xilinx_c-c++_application_(system_debugger)\system_debugger_using_debug_transdata.elf_on_local.tcl'
21:11:48 INFO  : Disconnected from the channel tcfchan#1.
21:11:49 INFO  : Connected to target on host '127.0.0.1' and port '3121'.
21:11:49 INFO  : Jtag cable 'Xilinx TUL 1234-tulA' is selected.
21:11:49 INFO  : 'jtag frequency' command is executed.
21:11:49 INFO  : Sourcing of 'D:/Users/paste/V1.3.sdk/top_hw_platform_0/ps7_init.tcl' is done.
21:11:49 INFO  : Context for 'APU' is selected.
21:11:49 INFO  : System reset is completed.
21:11:52 INFO  : 'after 3000' command is executed.
21:11:52 INFO  : 'targets -set -filter {jtag_cable_name =~ "Xilinx TUL 1234-tulA" && level==0} -index 1' command is executed.
21:11:55 INFO  : FPGA configured successfully with bitstream "D:/Users/paste/V1.3.sdk/top_hw_platform_0/top.bit"
21:11:55 INFO  : Context for 'APU' is selected.
21:11:57 INFO  : Hardware design information is loaded from 'D:/Users/paste/V1.3.sdk/top_hw_platform_0/system.hdf'.
21:11:57 INFO  : 'configparams force-mem-access 1' command is executed.
21:11:57 INFO  : Context for 'APU' is selected.
21:11:57 INFO  : 'ps7_init' command is executed.
21:11:57 INFO  : 'ps7_post_config' command is executed.
21:11:57 INFO  : Context for processor 'ps7_cortexa9_0' is selected.
21:11:57 INFO  : The application 'D:/Users/paste/V1.3.sdk/transdata/Debug/transdata.elf' is downloaded to processor 'ps7_cortexa9_0'.
21:11:57 INFO  : 'configparams force-mem-access 0' command is executed.
21:11:57 INFO  : ----------------XSDB Script----------------
connect -url tcp:127.0.0.1:3121
source D:/Users/paste/V1.3.sdk/top_hw_platform_0/ps7_init.tcl
targets -set -nocase -filter {name =~"APU*" && jtag_cable_name =~ "Xilinx TUL 1234-tulA"} -index 0
rst -system
after 3000
targets -set -filter {jtag_cable_name =~ "Xilinx TUL 1234-tulA" && level==0} -index 1
fpga -file D:/Users/paste/V1.3.sdk/top_hw_platform_0/top.bit
targets -set -nocase -filter {name =~"APU*" && jtag_cable_name =~ "Xilinx TUL 1234-tulA"} -index 0
loadhw -hw D:/Users/paste/V1.3.sdk/top_hw_platform_0/system.hdf -mem-ranges [list {0x40000000 0xbfffffff}]
configparams force-mem-access 1
targets -set -nocase -filter {name =~"APU*" && jtag_cable_name =~ "Xilinx TUL 1234-tulA"} -index 0
ps7_init
ps7_post_config
targets -set -nocase -filter {name =~ "ARM*#0" && jtag_cable_name =~ "Xilinx TUL 1234-tulA"} -index 0
dow D:/Users/paste/V1.3.sdk/transdata/Debug/transdata.elf
configparams force-mem-access 0
----------------End of Script----------------

21:11:57 INFO  : Memory regions updated for context APU
21:11:58 INFO  : Context for processor 'ps7_cortexa9_0' is selected.
21:11:58 INFO  : 'con' command is executed.
21:11:58 INFO  : ----------------XSDB Script (After Launch)----------------
targets -set -nocase -filter {name =~ "ARM*#0" && jtag_cable_name =~ "Xilinx TUL 1234-tulA"} -index 0
con
----------------End of Script----------------

21:11:58 INFO  : Launch script is exported to file 'D:\Users\paste\V1.3.sdk\.sdk\launch_scripts\xilinx_c-c++_application_(system_debugger)\system_debugger_using_debug_transdata.elf_on_local.tcl'
22:16:12 INFO  : Disconnected from the channel tcfchan#2.
22:18:20 INFO  : Registering command handlers for SDK TCF services
22:18:21 INFO  : Launching XSCT server: xsct.bat -interactive D:\Users\paste\V1.3.sdk\temp_xsdb_launch_script.tcl
22:18:23 INFO  : XSCT server has started successfully.
22:18:23 INFO  : Successfully done setting XSCT server connection channel  
22:18:23 INFO  : Successfully done setting SDK workspace  
22:18:23 INFO  : Processing command line option -hwspec D:/Users/paste/V1.3.sdk/top.hdf.
22:18:23 INFO  : Checking for hwspec changes in the project top_hw_platform_0.
