
*** Running vivado
    with args -log cmpy_0.vds -m64 -product Vivado -mode batch -messageDb vivado.pb -notrace -source cmpy_0.tcl


****** Vivado v2019.1 (64-bit)
  **** SW Build 2552052 on Fri May 24 14:49:42 MDT 2019
  **** IP Build 2548770 on Fri May 24 18:01:18 MDT 2019
    ** Copyright 1986-2019 Xilinx, Inc. All Rights Reserved.

source cmpy_0.tcl -notrace
Command: synth_design -top cmpy_0 -part xc7z020clg400-1 -mode out_of_context
Starting synth_design
Attempting to get a license for feature 'Synthesis' and/or device 'xc7z020'
INFO: [Common 17-349] Got license for feature 'Synthesis' and/or device 'xc7z020'
INFO: [Device 21-403] Loading part xc7z020clg400-1
INFO: Launching helper process for spawning children vivado processes
INFO: Helper process launched with PID 15540 
---------------------------------------------------------------------------------
Starting RTL Elaboration : Time (s): cpu = 00:00:07 ; elapsed = 00:00:08 . Memory (MB): peak = 842.004 ; gain = 186.000
---------------------------------------------------------------------------------
INFO: [Synth 8-638] synthesizing module 'cmpy_0' [d:/Users/paste/V1.3.srcs/sources_1/ip/cmpy_0/synth/cmpy_0.vhd:78]
	Parameter C_VERBOSITY bound to: 0 - type: integer 
	Parameter C_XDEVICEFAMILY bound to: zynq - type: string 
	Parameter C_XDEVICE bound to: xc7z020 - type: string 
	Parameter C_A_WIDTH bound to: 27 - type: integer 
	Parameter C_B_WIDTH bound to: 27 - type: integer 
	Parameter C_OUT_WIDTH bound to: 55 - type: integer 
	Parameter C_LATENCY bound to: 13 - type: integer 
	Parameter C_MULT_TYPE bound to: 1 - type: integer 
	Parameter C_OPTIMIZE_GOAL bound to: 0 - type: integer 
	Parameter HAS_NEGATE bound to: 0 - type: integer 
	Parameter SINGLE_OUTPUT bound to: 0 - type: integer 
	Parameter ROUND bound to: 0 - type: integer 
	Parameter USE_DSP_CASCADES bound to: 1 - type: integer 
	Parameter C_THROTTLE_SCHEME bound to: 3 - type: integer 
	Parameter C_HAS_ACLKEN bound to: 0 - type: integer 
	Parameter C_HAS_ARESETN bound to: 1 - type: integer 
	Parameter C_HAS_S_AXIS_A_TUSER bound to: 1 - type: integer 
	Parameter C_HAS_S_AXIS_A_TLAST bound to: 1 - type: integer 
	Parameter C_HAS_S_AXIS_B_TUSER bound to: 1 - type: integer 
	Parameter C_HAS_S_AXIS_B_TLAST bound to: 1 - type: integer 
	Parameter C_HAS_S_AXIS_CTRL_TUSER bound to: 0 - type: integer 
	Parameter C_HAS_S_AXIS_CTRL_TLAST bound to: 0 - type: integer 
	Parameter C_TLAST_RESOLUTION bound to: 17 - type: integer 
	Parameter C_S_AXIS_A_TDATA_WIDTH bound to: 64 - type: integer 
	Parameter C_S_AXIS_A_TUSER_WIDTH bound to: 16 - type: integer 
	Parameter C_S_AXIS_B_TDATA_WIDTH bound to: 64 - type: integer 
	Parameter C_S_AXIS_B_TUSER_WIDTH bound to: 16 - type: integer 
	Parameter C_S_AXIS_CTRL_TDATA_WIDTH bound to: 8 - type: integer 
	Parameter C_S_AXIS_CTRL_TUSER_WIDTH bound to: 1 - type: integer 
	Parameter C_M_AXIS_DOUT_TDATA_WIDTH bound to: 112 - type: integer 
	Parameter C_M_AXIS_DOUT_TUSER_WIDTH bound to: 32 - type: integer 
INFO: [Synth 8-3491] module 'cmpy_v6_0_17' declared at 'd:/Users/paste/V1.3.srcs/sources_1/ip/cmpy_0/hdl/cmpy_v6_0_vh_rfs.vhd:13922' bound to instance 'U0' of component 'cmpy_v6_0_17' [d:/Users/paste/V1.3.srcs/sources_1/ip/cmpy_0/synth/cmpy_0.vhd:170]
INFO: [Synth 8-256] done synthesizing module 'cmpy_0' (11#1) [d:/Users/paste/V1.3.srcs/sources_1/ip/cmpy_0/synth/cmpy_0.vhd:78]
WARNING: [Synth 8-3331] design cmpy_v6_0_17_delay_line has unconnected port CE
WARNING: [Synth 8-3331] design cmpy_v6_0_17_delay_line has unconnected port SCLR
WARNING: [Synth 8-3331] design cmpy_v6_0_17_delay_line__parameterized6 has unconnected port CE
WARNING: [Synth 8-3331] design cmpy_v6_0_17_delay_line__parameterized5 has unconnected port CE
WARNING: [Synth 8-3331] design mult_gen_v12_0_15_delay_line__parameterized7 has unconnected port CLK
WARNING: [Synth 8-3331] design mult_gen_v12_0_15_delay_line__parameterized7 has unconnected port CE
WARNING: [Synth 8-3331] design mult_gen_v12_0_15_delay_line__parameterized7 has unconnected port SCLR
WARNING: [Synth 8-3331] design mult_gen_v12_0_15_delay_line__parameterized6 has unconnected port CE
WARNING: [Synth 8-3331] design mult_gen_v12_0_15_delay_line__parameterized5 has unconnected port CE
WARNING: [Synth 8-3331] design mult_gen_v12_0_15_delay_line__parameterized3 has unconnected port CE
WARNING: [Synth 8-3331] design mult_gen_v12_0_15_delay_line__parameterized2 has unconnected port CE
WARNING: [Synth 8-3331] design mult_gen_v12_0_15_delay_line has unconnected port CE
WARNING: [Synth 8-3331] design mult_gen_v12_0_15_delay_line__parameterized1 has unconnected port CE
WARNING: [Synth 8-3331] design mult_gen_v12_0_15_delay_line__parameterized0 has unconnected port CE
WARNING: [Synth 8-3331] design dsp__parameterized1 has unconnected port D_PORT[24]
WARNING: [Synth 8-3331] design dsp__parameterized1 has unconnected port D_PORT[23]
WARNING: [Synth 8-3331] design dsp__parameterized1 has unconnected port D_PORT[22]
WARNING: [Synth 8-3331] design dsp__parameterized1 has unconnected port D_PORT[21]
WARNING: [Synth 8-3331] design dsp__parameterized1 has unconnected port D_PORT[20]
WARNING: [Synth 8-3331] design dsp__parameterized1 has unconnected port D_PORT[19]
WARNING: [Synth 8-3331] design dsp__parameterized1 has unconnected port D_PORT[18]
WARNING: [Synth 8-3331] design dsp__parameterized1 has unconnected port D_PORT[17]
WARNING: [Synth 8-3331] design dsp__parameterized1 has unconnected port D_PORT[16]
WARNING: [Synth 8-3331] design dsp__parameterized1 has unconnected port D_PORT[15]
WARNING: [Synth 8-3331] design dsp__parameterized1 has unconnected port D_PORT[14]
WARNING: [Synth 8-3331] design dsp__parameterized1 has unconnected port D_PORT[13]
WARNING: [Synth 8-3331] design dsp__parameterized1 has unconnected port D_PORT[12]
WARNING: [Synth 8-3331] design dsp__parameterized1 has unconnected port D_PORT[11]
WARNING: [Synth 8-3331] design dsp__parameterized1 has unconnected port D_PORT[10]
WARNING: [Synth 8-3331] design dsp__parameterized1 has unconnected port D_PORT[9]
WARNING: [Synth 8-3331] design dsp__parameterized1 has unconnected port D_PORT[8]
WARNING: [Synth 8-3331] design dsp__parameterized1 has unconnected port D_PORT[7]
WARNING: [Synth 8-3331] design dsp__parameterized1 has unconnected port D_PORT[6]
WARNING: [Synth 8-3331] design dsp__parameterized1 has unconnected port D_PORT[5]
WARNING: [Synth 8-3331] design dsp__parameterized1 has unconnected port D_PORT[4]
WARNING: [Synth 8-3331] design dsp__parameterized1 has unconnected port D_PORT[3]
WARNING: [Synth 8-3331] design dsp__parameterized1 has unconnected port D_PORT[2]
WARNING: [Synth 8-3331] design dsp__parameterized1 has unconnected port D_PORT[1]
WARNING: [Synth 8-3331] design dsp__parameterized1 has unconnected port D_PORT[0]
WARNING: [Synth 8-3331] design dsp__parameterized1 has unconnected port SUBTRACT
WARNING: [Synth 8-3331] design dsp__parameterized1 has unconnected port CARRY_IN
WARNING: [Synth 8-3331] design cmpy_v6_0_17_delay_line__parameterized4 has unconnected port CLK
WARNING: [Synth 8-3331] design cmpy_v6_0_17_delay_line__parameterized4 has unconnected port CE
WARNING: [Synth 8-3331] design cmpy_v6_0_17_delay_line__parameterized4 has unconnected port SCLR
WARNING: [Synth 8-3331] design cmpy_v6_0_17_delay_line__parameterized3 has unconnected port CLK
WARNING: [Synth 8-3331] design cmpy_v6_0_17_delay_line__parameterized3 has unconnected port CE
WARNING: [Synth 8-3331] design cmpy_v6_0_17_delay_line__parameterized3 has unconnected port SCLR
WARNING: [Synth 8-3331] design mult_gen_v12_0_15_delay_line__parameterized11 has unconnected port CE
WARNING: [Synth 8-3331] design mult_gen_v12_0_15_delay_line__parameterized10 has unconnected port CE
WARNING: [Synth 8-3331] design mult_gen_v12_0_15_delay_line__parameterized8 has unconnected port CLK
WARNING: [Synth 8-3331] design mult_gen_v12_0_15_delay_line__parameterized8 has unconnected port CE
WARNING: [Synth 8-3331] design mult_gen_v12_0_15_delay_line__parameterized8 has unconnected port SCLR
WARNING: [Synth 8-3331] design mult_gen_v12_0_15_delay_line__parameterized9 has unconnected port CE
WARNING: [Synth 8-3331] design dsp__parameterized0 has unconnected port D_PORT[24]
WARNING: [Synth 8-3331] design dsp__parameterized0 has unconnected port D_PORT[23]
WARNING: [Synth 8-3331] design dsp__parameterized0 has unconnected port D_PORT[22]
WARNING: [Synth 8-3331] design dsp__parameterized0 has unconnected port D_PORT[21]
WARNING: [Synth 8-3331] design dsp__parameterized0 has unconnected port D_PORT[20]
WARNING: [Synth 8-3331] design dsp__parameterized0 has unconnected port D_PORT[19]
WARNING: [Synth 8-3331] design dsp__parameterized0 has unconnected port D_PORT[18]
WARNING: [Synth 8-3331] design dsp__parameterized0 has unconnected port D_PORT[17]
WARNING: [Synth 8-3331] design dsp__parameterized0 has unconnected port D_PORT[16]
WARNING: [Synth 8-3331] design dsp__parameterized0 has unconnected port D_PORT[15]
WARNING: [Synth 8-3331] design dsp__parameterized0 has unconnected port D_PORT[14]
WARNING: [Synth 8-3331] design dsp__parameterized0 has unconnected port D_PORT[13]
WARNING: [Synth 8-3331] design dsp__parameterized0 has unconnected port D_PORT[12]
WARNING: [Synth 8-3331] design dsp__parameterized0 has unconnected port D_PORT[11]
WARNING: [Synth 8-3331] design dsp__parameterized0 has unconnected port D_PORT[10]
WARNING: [Synth 8-3331] design dsp__parameterized0 has unconnected port D_PORT[9]
WARNING: [Synth 8-3331] design dsp__parameterized0 has unconnected port D_PORT[8]
WARNING: [Synth 8-3331] design dsp__parameterized0 has unconnected port D_PORT[7]
WARNING: [Synth 8-3331] design dsp__parameterized0 has unconnected port D_PORT[6]
WARNING: [Synth 8-3331] design dsp__parameterized0 has unconnected port D_PORT[5]
WARNING: [Synth 8-3331] design dsp__parameterized0 has unconnected port D_PORT[4]
WARNING: [Synth 8-3331] design dsp__parameterized0 has unconnected port D_PORT[3]
WARNING: [Synth 8-3331] design dsp__parameterized0 has unconnected port D_PORT[2]
WARNING: [Synth 8-3331] design dsp__parameterized0 has unconnected port D_PORT[1]
WARNING: [Synth 8-3331] design dsp__parameterized0 has unconnected port D_PORT[0]
WARNING: [Synth 8-3331] design dsp__parameterized0 has unconnected port SUBTRACT
WARNING: [Synth 8-3331] design dsp__parameterized0 has unconnected port CARRY_IN
WARNING: [Synth 8-3331] design mult_gen_v12_0_15_delay_line__parameterized4 has unconnected port CLK
WARNING: [Synth 8-3331] design mult_gen_v12_0_15_delay_line__parameterized4 has unconnected port CE
WARNING: [Synth 8-3331] design mult_gen_v12_0_15_delay_line__parameterized4 has unconnected port SCLR
WARNING: [Synth 8-3331] design dsp has unconnected port D_PORT[24]
WARNING: [Synth 8-3331] design dsp has unconnected port D_PORT[23]
WARNING: [Synth 8-3331] design dsp has unconnected port D_PORT[22]
WARNING: [Synth 8-3331] design dsp has unconnected port D_PORT[21]
WARNING: [Synth 8-3331] design dsp has unconnected port D_PORT[20]
WARNING: [Synth 8-3331] design dsp has unconnected port D_PORT[19]
WARNING: [Synth 8-3331] design dsp has unconnected port D_PORT[18]
WARNING: [Synth 8-3331] design dsp has unconnected port D_PORT[17]
WARNING: [Synth 8-3331] design dsp has unconnected port D_PORT[16]
WARNING: [Synth 8-3331] design dsp has unconnected port D_PORT[15]
WARNING: [Synth 8-3331] design dsp has unconnected port D_PORT[14]
WARNING: [Synth 8-3331] design dsp has unconnected port D_PORT[13]
WARNING: [Synth 8-3331] design dsp has unconnected port D_PORT[12]
WARNING: [Synth 8-3331] design dsp has unconnected port D_PORT[11]
WARNING: [Synth 8-3331] design dsp has unconnected port D_PORT[10]
WARNING: [Synth 8-3331] design dsp has unconnected port D_PORT[9]
WARNING: [Synth 8-3331] design dsp has unconnected port D_PORT[8]
INFO: [Common 17-14] Message 'Synth 8-3331' appears 100 times and further instances of the messages will be disabled. Use the Tcl command set_msg_config to change the current settings.
---------------------------------------------------------------------------------
Finished RTL Elaboration : Time (s): cpu = 00:00:22 ; elapsed = 00:00:23 . Memory (MB): peak = 1027.883 ; gain = 371.879
---------------------------------------------------------------------------------

Report Check Netlist: 
+------+------------------+-------+---------+-------+------------------+
|      |Item              |Errors |Warnings |Status |Description       |
+------+------------------+-------+---------+-------+------------------+
|1     |multi_driven_nets |      0|        0|Passed |Multi driven nets |
+------+------------------+-------+---------+-------+------------------+
---------------------------------------------------------------------------------
Start Handling Custom Attributes
---------------------------------------------------------------------------------
---------------------------------------------------------------------------------
Finished Handling Custom Attributes : Time (s): cpu = 00:00:22 ; elapsed = 00:00:24 . Memory (MB): peak = 1027.883 ; gain = 371.879
---------------------------------------------------------------------------------
---------------------------------------------------------------------------------
Finished RTL Optimization Phase 1 : Time (s): cpu = 00:00:22 ; elapsed = 00:00:24 . Memory (MB): peak = 1027.883 ; gain = 371.879
---------------------------------------------------------------------------------
INFO: [Netlist 29-17] Analyzing 12 Unisim elements for replacement
INFO: [Netlist 29-28] Unisim Transformation completed in 0 CPU seconds
INFO: [Project 1-570] Preparing netlist for logic optimization

Processing XDC Constraints
Initializing timing engine
Parsing XDC File [d:/Users/paste/V1.3.srcs/sources_1/ip/cmpy_0/cmpy_0_ooc.xdc] for cell 'U0'
Finished Parsing XDC File [d:/Users/paste/V1.3.srcs/sources_1/ip/cmpy_0/cmpy_0_ooc.xdc] for cell 'U0'
Parsing XDC File [D:/Users/paste/V1.3.runs/cmpy_0_synth_1/dont_touch.xdc]
Finished Parsing XDC File [D:/Users/paste/V1.3.runs/cmpy_0_synth_1/dont_touch.xdc]
Completed Processing XDC Constraints

Netlist sorting complete. Time (s): cpu = 00:00:00 ; elapsed = 00:00:00.001 . Memory (MB): peak = 1027.883 ; gain = 0.000
INFO: [Project 1-111] Unisim Transformation Summary:
No Unisim elements were transformed.

Constraint Validation Runtime : Time (s): cpu = 00:00:00 ; elapsed = 00:00:00.073 . Memory (MB): peak = 1036.965 ; gain = 9.082
---------------------------------------------------------------------------------
Finished Constraint Validation : Time (s): cpu = 00:00:29 ; elapsed = 00:00:31 . Memory (MB): peak = 1036.965 ; gain = 380.961
---------------------------------------------------------------------------------
---------------------------------------------------------------------------------
Start Loading Part and Timing Information
---------------------------------------------------------------------------------
Loading part: xc7z020clg400-1
---------------------------------------------------------------------------------
Finished Loading Part and Timing Information : Time (s): cpu = 00:00:29 ; elapsed = 00:00:31 . Memory (MB): peak = 1036.965 ; gain = 380.961
---------------------------------------------------------------------------------
---------------------------------------------------------------------------------
Start Applying 'set_property' XDC Constraints
---------------------------------------------------------------------------------
Applied set_property DONT_TOUCH = true for U0. (constraint file  D:/Users/paste/V1.3.runs/cmpy_0_synth_1/dont_touch.xdc, line 9).
---------------------------------------------------------------------------------
Finished applying 'set_property' XDC Constraints : Time (s): cpu = 00:00:29 ; elapsed = 00:00:31 . Memory (MB): peak = 1036.965 ; gain = 380.961
---------------------------------------------------------------------------------
---------------------------------------------------------------------------------
Finished RTL Optimization Phase 2 : Time (s): cpu = 00:00:30 ; elapsed = 00:00:32 . Memory (MB): peak = 1036.965 ; gain = 380.961
---------------------------------------------------------------------------------

Report RTL Partitions: 
+-+--------------+------------+----------+
| |RTL Partition |Replication |Instances |
+-+--------------+------------+----------+
+-+--------------+------------+----------+
---------------------------------------------------------------------------------
Start RTL Component Statistics 
---------------------------------------------------------------------------------
---------------------------------------------------------------------------------
Finished RTL Component Statistics 
---------------------------------------------------------------------------------
---------------------------------------------------------------------------------
Start RTL Hierarchical Component Statistics 
---------------------------------------------------------------------------------
---------------------------------------------------------------------------------
Finished RTL Hierarchical Component Statistics
---------------------------------------------------------------------------------
---------------------------------------------------------------------------------
Start Part Resource Summary
---------------------------------------------------------------------------------
Part Resources:
DSPs: 220 (col length:60)
BRAMs: 280 (col length: RAMB18 60 RAMB36 30)
---------------------------------------------------------------------------------
Finished Part Resource Summary
---------------------------------------------------------------------------------
---------------------------------------------------------------------------------
Start Cross Boundary and Area Optimization
---------------------------------------------------------------------------------
Warning: Parallel synthesis criteria is not met 
INFO: [Synth 8-3333] propagating constant 0 across sequential element (U0/i_synth/\i_synth/three_mult_structure.use_dsp.i_dsp48/mult1_preadder_d_plus_b.mult1/mult/use_prim.iAdelx[0].iAdely[0].use_delay_line.Adelay/dN.std_srl.shift_reg_reg[0][17] )
INFO: [Synth 8-3333] propagating constant 0 across sequential element (U0/i_synth/\i_synth/three_mult_structure.use_dsp.i_dsp48/mult3_preadder_d_minus_b.mult3/mult/use_prim.iAdelx[0].iAdely[0].use_delay_line.Adelay/dN.std_srl.shift_reg_reg[0][17] )
INFO: [Synth 8-3886] merging instance 'U0/i_synth/i_synth/three_mult_structure.use_dsp.i_dsp48/mult1_preadder_d_plus_b.mult1/mult/use_prim.iBdelx[0].iBdely[1].need_delay_line.Bdelay/dN.std_srl.shift_reg_reg[0][0]' (FDR) to 'U0/i_synth/i_synth/three_mult_structure.use_dsp.i_dsp48/mult1_preadder_d_plus_b.mult1/mult/use_prim.iBdelx[1].iBdely[1].need_delay_line.Bdelay/dN.std_srl.shift_reg_reg[0][0]'
INFO: [Synth 8-3886] merging instance 'U0/i_synth/i_synth/three_mult_structure.use_dsp.i_dsp48/mult1_preadder_d_plus_b.mult1/mult/use_prim.iBdelx[0].iBdely[1].need_delay_line.Bdelay/dN.std_srl.shift_reg_reg[0][1]' (FDR) to 'U0/i_synth/i_synth/three_mult_structure.use_dsp.i_dsp48/mult1_preadder_d_plus_b.mult1/mult/use_prim.iBdelx[1].iBdely[1].need_delay_line.Bdelay/dN.std_srl.shift_reg_reg[0][1]'
INFO: [Synth 8-3886] merging instance 'U0/i_synth/i_synth/three_mult_structure.use_dsp.i_dsp48/mult1_preadder_d_plus_b.mult1/mult/use_prim.iBdelx[0].iBdely[1].need_delay_line.Bdelay/dN.std_srl.shift_reg_reg[0][2]' (FDR) to 'U0/i_synth/i_synth/three_mult_structure.use_dsp.i_dsp48/mult1_preadder_d_plus_b.mult1/mult/use_prim.iBdelx[1].iBdely[1].need_delay_line.Bdelay/dN.std_srl.shift_reg_reg[0][2]'
INFO: [Synth 8-3886] merging instance 'U0/i_synth/i_synth/three_mult_structure.use_dsp.i_dsp48/mult1_preadder_d_plus_b.mult1/mult/use_prim.iBdelx[0].iBdely[1].need_delay_line.Bdelay/dN.std_srl.shift_reg_reg[0][3]' (FDR) to 'U0/i_synth/i_synth/three_mult_structure.use_dsp.i_dsp48/mult1_preadder_d_plus_b.mult1/mult/use_prim.iBdelx[1].iBdely[1].need_delay_line.Bdelay/dN.std_srl.shift_reg_reg[0][3]'
INFO: [Synth 8-3886] merging instance 'U0/i_synth/i_synth/three_mult_structure.use_dsp.i_dsp48/mult1_preadder_d_plus_b.mult1/mult/use_prim.iBdelx[0].iBdely[1].need_delay_line.Bdelay/dN.std_srl.shift_reg_reg[0][4]' (FDR) to 'U0/i_synth/i_synth/three_mult_structure.use_dsp.i_dsp48/mult1_preadder_d_plus_b.mult1/mult/use_prim.iBdelx[1].iBdely[1].need_delay_line.Bdelay/dN.std_srl.shift_reg_reg[0][4]'
INFO: [Synth 8-3886] merging instance 'U0/i_synth/i_synth/three_mult_structure.use_dsp.i_dsp48/mult1_preadder_d_plus_b.mult1/mult/use_prim.iBdelx[0].iBdely[1].need_delay_line.Bdelay/dN.std_srl.shift_reg_reg[0][5]' (FDR) to 'U0/i_synth/i_synth/three_mult_structure.use_dsp.i_dsp48/mult1_preadder_d_plus_b.mult1/mult/use_prim.iBdelx[1].iBdely[1].need_delay_line.Bdelay/dN.std_srl.shift_reg_reg[0][5]'
INFO: [Synth 8-3886] merging instance 'U0/i_synth/i_synth/three_mult_structure.use_dsp.i_dsp48/mult1_preadder_d_plus_b.mult1/mult/use_prim.iBdelx[0].iBdely[1].need_delay_line.Bdelay/dN.std_srl.shift_reg_reg[0][6]' (FDR) to 'U0/i_synth/i_synth/three_mult_structure.use_dsp.i_dsp48/mult1_preadder_d_plus_b.mult1/mult/use_prim.iBdelx[1].iBdely[1].need_delay_line.Bdelay/dN.std_srl.shift_reg_reg[0][6]'
INFO: [Synth 8-3886] merging instance 'U0/i_synth/i_synth/three_mult_structure.use_dsp.i_dsp48/mult1_preadder_d_plus_b.mult1/mult/use_prim.iBdelx[0].iBdely[1].need_delay_line.Bdelay/dN.std_srl.shift_reg_reg[0][7]' (FDR) to 'U0/i_synth/i_synth/three_mult_structure.use_dsp.i_dsp48/mult1_preadder_d_plus_b.mult1/mult/use_prim.iBdelx[1].iBdely[1].need_delay_line.Bdelay/dN.std_srl.shift_reg_reg[0][7]'
INFO: [Synth 8-3886] merging instance 'U0/i_synth/i_synth/three_mult_structure.use_dsp.i_dsp48/mult1_preadder_d_plus_b.mult1/mult/use_prim.iBdelx[0].iBdely[1].need_delay_line.Bdelay/dN.std_srl.shift_reg_reg[0][8]' (FDR) to 'U0/i_synth/i_synth/three_mult_structure.use_dsp.i_dsp48/mult1_preadder_d_plus_b.mult1/mult/use_prim.iBdelx[1].iBdely[1].need_delay_line.Bdelay/dN.std_srl.shift_reg_reg[0][8]'
INFO: [Synth 8-3886] merging instance 'U0/i_synth/i_synth/three_mult_structure.use_dsp.i_dsp48/mult1_preadder_d_plus_b.mult1/mult/use_prim.iBdelx[0].iBdely[1].need_delay_line.Bdelay/dN.std_srl.shift_reg_reg[0][9]' (FDR) to 'U0/i_synth/i_synth/three_mult_structure.use_dsp.i_dsp48/mult1_preadder_d_plus_b.mult1/mult/use_prim.iBdelx[1].iBdely[1].need_delay_line.Bdelay/dN.std_srl.shift_reg_reg[0][9]'
INFO: [Synth 8-3886] merging instance 'U0/i_synth/i_synth/three_mult_structure.use_dsp.i_dsp48/mult1_preadder_d_plus_b.mult1/mult/use_prim.iBdelx[0].iBdely[1].need_delay_line.Bdelay/dN.std_srl.shift_reg_reg[0][10]' (FDR) to 'U0/i_synth/i_synth/three_mult_structure.use_dsp.i_dsp48/mult1_preadder_d_plus_b.mult1/mult/use_prim.iBdelx[1].iBdely[1].need_delay_line.Bdelay/dN.std_srl.shift_reg_reg[0][10]'
INFO: [Synth 8-3886] merging instance 'U0/i_synth/i_synth/three_mult_structure.use_dsp.i_dsp48/mult1_preadder_d_plus_b.mult1/mult/use_prim.iBdelx[0].iBdely[1].need_delay_line.Bdelay/dN.std_srl.shift_reg_reg[0][11]' (FDR) to 'U0/i_synth/i_synth/three_mult_structure.use_dsp.i_dsp48/mult1_preadder_d_plus_b.mult1/mult/use_prim.iBdelx[1].iBdely[1].need_delay_line.Bdelay/dN.std_srl.shift_reg_reg[0][10]'
INFO: [Synth 8-3886] merging instance 'U0/i_synth/i_synth/three_mult_structure.use_dsp.i_dsp48/mult1_preadder_d_plus_b.mult1/mult/use_prim.iBdelx[0].iBdely[1].need_delay_line.Bdelay/dN.std_srl.shift_reg_reg[0][12]' (FDR) to 'U0/i_synth/i_synth/three_mult_structure.use_dsp.i_dsp48/mult1_preadder_d_plus_b.mult1/mult/use_prim.iBdelx[1].iBdely[1].need_delay_line.Bdelay/dN.std_srl.shift_reg_reg[0][10]'
INFO: [Synth 8-3886] merging instance 'U0/i_synth/i_synth/three_mult_structure.use_dsp.i_dsp48/mult1_preadder_d_plus_b.mult1/mult/use_prim.iBdelx[0].iBdely[1].need_delay_line.Bdelay/dN.std_srl.shift_reg_reg[0][13]' (FDR) to 'U0/i_synth/i_synth/three_mult_structure.use_dsp.i_dsp48/mult1_preadder_d_plus_b.mult1/mult/use_prim.iBdelx[1].iBdely[1].need_delay_line.Bdelay/dN.std_srl.shift_reg_reg[0][10]'
INFO: [Synth 8-3886] merging instance 'U0/i_synth/i_synth/three_mult_structure.use_dsp.i_dsp48/mult1_preadder_d_plus_b.mult1/mult/use_prim.iBdelx[0].iBdely[1].need_delay_line.Bdelay/dN.std_srl.shift_reg_reg[0][14]' (FDR) to 'U0/i_synth/i_synth/three_mult_structure.use_dsp.i_dsp48/mult1_preadder_d_plus_b.mult1/mult/use_prim.iBdelx[1].iBdely[1].need_delay_line.Bdelay/dN.std_srl.shift_reg_reg[0][10]'
INFO: [Synth 8-3886] merging instance 'U0/i_synth/i_synth/three_mult_structure.use_dsp.i_dsp48/mult1_preadder_d_plus_b.mult1/mult/use_prim.iBdelx[0].iBdely[1].need_delay_line.Bdelay/dN.std_srl.shift_reg_reg[0][15]' (FDR) to 'U0/i_synth/i_synth/three_mult_structure.use_dsp.i_dsp48/mult1_preadder_d_plus_b.mult1/mult/use_prim.iBdelx[1].iBdely[1].need_delay_line.Bdelay/dN.std_srl.shift_reg_reg[0][10]'
INFO: [Synth 8-3886] merging instance 'U0/i_synth/i_synth/three_mult_structure.use_dsp.i_dsp48/mult1_preadder_d_plus_b.mult1/mult/use_prim.iBdelx[0].iBdely[1].need_delay_line.Bdelay/dN.std_srl.shift_reg_reg[0][16]' (FDR) to 'U0/i_synth/i_synth/three_mult_structure.use_dsp.i_dsp48/mult1_preadder_d_plus_b.mult1/mult/use_prim.iBdelx[1].iBdely[1].need_delay_line.Bdelay/dN.std_srl.shift_reg_reg[0][10]'
INFO: [Synth 8-3886] merging instance 'U0/i_synth/i_synth/three_mult_structure.use_dsp.i_dsp48/mult1_preadder_d_plus_b.mult1/mult/use_prim.iBdelx[0].iBdely[1].need_delay_line.Bdelay/dN.std_srl.shift_reg_reg[0][17]' (FDR) to 'U0/i_synth/i_synth/three_mult_structure.use_dsp.i_dsp48/mult1_preadder_d_plus_b.mult1/mult/use_prim.iBdelx[1].iBdely[1].need_delay_line.Bdelay/dN.std_srl.shift_reg_reg[0][10]'
INFO: [Synth 8-3333] propagating constant 0 across sequential element (U0/i_synth/\i_synth/three_mult_structure.use_dsp.i_dsp48/mult1_preadder_d_plus_b.mult1/mult/use_prim.iBdelx[0].iBdely[0].need_delay_line.Bdelay/dN.std_srl.shift_reg_reg[0][17] )
INFO: [Synth 8-3886] merging instance 'U0/i_synth/i_synth/three_mult_structure.use_dsp.i_dsp48/mult3_preadder_d_minus_b.mult3/mult/use_prim.iBdelx[0].iBdely[1].need_delay_line.Bdelay/dN.std_srl.shift_reg_reg[0][0]' (FDR) to 'U0/i_synth/i_synth/three_mult_structure.use_dsp.i_dsp48/mult3_preadder_d_minus_b.mult3/mult/use_prim.iBdelx[1].iBdely[1].need_delay_line.Bdelay/dN.std_srl.shift_reg_reg[0][0]'
INFO: [Synth 8-3886] merging instance 'U0/i_synth/i_synth/three_mult_structure.use_dsp.i_dsp48/mult3_preadder_d_minus_b.mult3/mult/use_prim.iBdelx[0].iBdely[1].need_delay_line.Bdelay/dN.std_srl.shift_reg_reg[0][1]' (FDR) to 'U0/i_synth/i_synth/three_mult_structure.use_dsp.i_dsp48/mult3_preadder_d_minus_b.mult3/mult/use_prim.iBdelx[1].iBdely[1].need_delay_line.Bdelay/dN.std_srl.shift_reg_reg[0][1]'
INFO: [Synth 8-3886] merging instance 'U0/i_synth/i_synth/three_mult_structure.use_dsp.i_dsp48/mult3_preadder_d_minus_b.mult3/mult/use_prim.iBdelx[0].iBdely[1].need_delay_line.Bdelay/dN.std_srl.shift_reg_reg[0][2]' (FDR) to 'U0/i_synth/i_synth/three_mult_structure.use_dsp.i_dsp48/mult3_preadder_d_minus_b.mult3/mult/use_prim.iBdelx[1].iBdely[1].need_delay_line.Bdelay/dN.std_srl.shift_reg_reg[0][2]'
INFO: [Synth 8-3886] merging instance 'U0/i_synth/i_synth/three_mult_structure.use_dsp.i_dsp48/mult3_preadder_d_minus_b.mult3/mult/use_prim.iBdelx[0].iBdely[1].need_delay_line.Bdelay/dN.std_srl.shift_reg_reg[0][3]' (FDR) to 'U0/i_synth/i_synth/three_mult_structure.use_dsp.i_dsp48/mult3_preadder_d_minus_b.mult3/mult/use_prim.iBdelx[1].iBdely[1].need_delay_line.Bdelay/dN.std_srl.shift_reg_reg[0][3]'
INFO: [Synth 8-3886] merging instance 'U0/i_synth/i_synth/three_mult_structure.use_dsp.i_dsp48/mult3_preadder_d_minus_b.mult3/mult/use_prim.iBdelx[0].iBdely[1].need_delay_line.Bdelay/dN.std_srl.shift_reg_reg[0][4]' (FDR) to 'U0/i_synth/i_synth/three_mult_structure.use_dsp.i_dsp48/mult3_preadder_d_minus_b.mult3/mult/use_prim.iBdelx[1].iBdely[1].need_delay_line.Bdelay/dN.std_srl.shift_reg_reg[0][4]'
INFO: [Synth 8-3886] merging instance 'U0/i_synth/i_synth/three_mult_structure.use_dsp.i_dsp48/mult3_preadder_d_minus_b.mult3/mult/use_prim.iBdelx[0].iBdely[1].need_delay_line.Bdelay/dN.std_srl.shift_reg_reg[0][5]' (FDR) to 'U0/i_synth/i_synth/three_mult_structure.use_dsp.i_dsp48/mult3_preadder_d_minus_b.mult3/mult/use_prim.iBdelx[1].iBdely[1].need_delay_line.Bdelay/dN.std_srl.shift_reg_reg[0][5]'
INFO: [Synth 8-3886] merging instance 'U0/i_synth/i_synth/three_mult_structure.use_dsp.i_dsp48/mult3_preadder_d_minus_b.mult3/mult/use_prim.iBdelx[0].iBdely[1].need_delay_line.Bdelay/dN.std_srl.shift_reg_reg[0][6]' (FDR) to 'U0/i_synth/i_synth/three_mult_structure.use_dsp.i_dsp48/mult3_preadder_d_minus_b.mult3/mult/use_prim.iBdelx[1].iBdely[1].need_delay_line.Bdelay/dN.std_srl.shift_reg_reg[0][6]'
INFO: [Synth 8-3886] merging instance 'U0/i_synth/i_synth/three_mult_structure.use_dsp.i_dsp48/mult3_preadder_d_minus_b.mult3/mult/use_prim.iBdelx[0].iBdely[1].need_delay_line.Bdelay/dN.std_srl.shift_reg_reg[0][7]' (FDR) to 'U0/i_synth/i_synth/three_mult_structure.use_dsp.i_dsp48/mult3_preadder_d_minus_b.mult3/mult/use_prim.iBdelx[1].iBdely[1].need_delay_line.Bdelay/dN.std_srl.shift_reg_reg[0][7]'
INFO: [Synth 8-3886] merging instance 'U0/i_synth/i_synth/three_mult_structure.use_dsp.i_dsp48/mult3_preadder_d_minus_b.mult3/mult/use_prim.iBdelx[0].iBdely[1].need_delay_line.Bdelay/dN.std_srl.shift_reg_reg[0][8]' (FDR) to 'U0/i_synth/i_synth/three_mult_structure.use_dsp.i_dsp48/mult3_preadder_d_minus_b.mult3/mult/use_prim.iBdelx[1].iBdely[1].need_delay_line.Bdelay/dN.std_srl.shift_reg_reg[0][8]'
INFO: [Synth 8-3886] merging instance 'U0/i_synth/i_synth/three_mult_structure.use_dsp.i_dsp48/mult3_preadder_d_minus_b.mult3/mult/use_prim.iBdelx[0].iBdely[1].need_delay_line.Bdelay/dN.std_srl.shift_reg_reg[0][9]' (FDR) to 'U0/i_synth/i_synth/three_mult_structure.use_dsp.i_dsp48/mult3_preadder_d_minus_b.mult3/mult/use_prim.iBdelx[1].iBdely[1].need_delay_line.Bdelay/dN.std_srl.shift_reg_reg[0][9]'
INFO: [Synth 8-3886] merging instance 'U0/i_synth/i_synth/three_mult_structure.use_dsp.i_dsp48/mult3_preadder_d_minus_b.mult3/mult/use_prim.iBdelx[0].iBdely[1].need_delay_line.Bdelay/dN.std_srl.shift_reg_reg[0][10]' (FDR) to 'U0/i_synth/i_synth/three_mult_structure.use_dsp.i_dsp48/mult3_preadder_d_minus_b.mult3/mult/use_prim.iBdelx[1].iBdely[1].need_delay_line.Bdelay/dN.std_srl.shift_reg_reg[0][10]'
INFO: [Synth 8-3886] merging instance 'U0/i_synth/i_synth/three_mult_structure.use_dsp.i_dsp48/mult3_preadder_d_minus_b.mult3/mult/use_prim.iBdelx[0].iBdely[1].need_delay_line.Bdelay/dN.std_srl.shift_reg_reg[0][11]' (FDR) to 'U0/i_synth/i_synth/three_mult_structure.use_dsp.i_dsp48/mult3_preadder_d_minus_b.mult3/mult/use_prim.iBdelx[1].iBdely[1].need_delay_line.Bdelay/dN.std_srl.shift_reg_reg[0][10]'
INFO: [Synth 8-3886] merging instance 'U0/i_synth/i_synth/three_mult_structure.use_dsp.i_dsp48/mult3_preadder_d_minus_b.mult3/mult/use_prim.iBdelx[0].iBdely[1].need_delay_line.Bdelay/dN.std_srl.shift_reg_reg[0][12]' (FDR) to 'U0/i_synth/i_synth/three_mult_structure.use_dsp.i_dsp48/mult3_preadder_d_minus_b.mult3/mult/use_prim.iBdelx[1].iBdely[1].need_delay_line.Bdelay/dN.std_srl.shift_reg_reg[0][10]'
INFO: [Synth 8-3886] merging instance 'U0/i_synth/i_synth/three_mult_structure.use_dsp.i_dsp48/mult3_preadder_d_minus_b.mult3/mult/use_prim.iBdelx[0].iBdely[1].need_delay_line.Bdelay/dN.std_srl.shift_reg_reg[0][13]' (FDR) to 'U0/i_synth/i_synth/three_mult_structure.use_dsp.i_dsp48/mult3_preadder_d_minus_b.mult3/mult/use_prim.iBdelx[1].iBdely[1].need_delay_line.Bdelay/dN.std_srl.shift_reg_reg[0][10]'
INFO: [Synth 8-3886] merging instance 'U0/i_synth/i_synth/three_mult_structure.use_dsp.i_dsp48/mult3_preadder_d_minus_b.mult3/mult/use_prim.iBdelx[0].iBdely[1].need_delay_line.Bdelay/dN.std_srl.shift_reg_reg[0][14]' (FDR) to 'U0/i_synth/i_synth/three_mult_structure.use_dsp.i_dsp48/mult3_preadder_d_minus_b.mult3/mult/use_prim.iBdelx[1].iBdely[1].need_delay_line.Bdelay/dN.std_srl.shift_reg_reg[0][10]'
INFO: [Synth 8-3886] merging instance 'U0/i_synth/i_synth/three_mult_structure.use_dsp.i_dsp48/mult3_preadder_d_minus_b.mult3/mult/use_prim.iBdelx[0].iBdely[1].need_delay_line.Bdelay/dN.std_srl.shift_reg_reg[0][15]' (FDR) to 'U0/i_synth/i_synth/three_mult_structure.use_dsp.i_dsp48/mult3_preadder_d_minus_b.mult3/mult/use_prim.iBdelx[1].iBdely[1].need_delay_line.Bdelay/dN.std_srl.shift_reg_reg[0][10]'
INFO: [Synth 8-3886] merging instance 'U0/i_synth/i_synth/three_mult_structure.use_dsp.i_dsp48/mult3_preadder_d_minus_b.mult3/mult/use_prim.iBdelx[0].iBdely[1].need_delay_line.Bdelay/dN.std_srl.shift_reg_reg[0][16]' (FDR) to 'U0/i_synth/i_synth/three_mult_structure.use_dsp.i_dsp48/mult3_preadder_d_minus_b.mult3/mult/use_prim.iBdelx[1].iBdely[1].need_delay_line.Bdelay/dN.std_srl.shift_reg_reg[0][10]'
INFO: [Synth 8-3886] merging instance 'U0/i_synth/i_synth/three_mult_structure.use_dsp.i_dsp48/mult3_preadder_d_minus_b.mult3/mult/use_prim.iBdelx[0].iBdely[1].need_delay_line.Bdelay/dN.std_srl.shift_reg_reg[0][17]' (FDR) to 'U0/i_synth/i_synth/three_mult_structure.use_dsp.i_dsp48/mult3_preadder_d_minus_b.mult3/mult/use_prim.iBdelx[1].iBdely[1].need_delay_line.Bdelay/dN.std_srl.shift_reg_reg[0][10]'
INFO: [Synth 8-3333] propagating constant 0 across sequential element (U0/i_synth/\i_synth/three_mult_structure.use_dsp.i_dsp48/mult3_preadder_d_minus_b.mult3/mult/use_prim.iBdelx[0].iBdely[0].need_delay_line.Bdelay/dN.std_srl.shift_reg_reg[0][17] )
INFO: [Synth 8-3886] merging instance 'U0/i_synth/i_synth/three_mult_structure.use_dsp.i_dsp48/mult1_preadder_d_plus_b.mult1/mult/use_prim.iBdelx[0].iBdely[1].need_delay_line.Bdelay/dN.std_srl.shift_reg_reg[1][0]' (FDR) to 'U0/i_synth/i_synth/three_mult_structure.use_dsp.i_dsp48/mult1_preadder_d_plus_b.mult1/mult/use_prim.iBdelx[1].iBdely[1].need_delay_line.Bdelay/dN.std_srl.shift_reg_reg[1][0]'
INFO: [Synth 8-3886] merging instance 'U0/i_synth/i_synth/three_mult_structure.use_dsp.i_dsp48/mult1_preadder_d_plus_b.mult1/mult/use_prim.iBdelx[0].iBdely[1].need_delay_line.Bdelay/dN.std_srl.shift_reg_reg[1][1]' (FDR) to 'U0/i_synth/i_synth/three_mult_structure.use_dsp.i_dsp48/mult1_preadder_d_plus_b.mult1/mult/use_prim.iBdelx[1].iBdely[1].need_delay_line.Bdelay/dN.std_srl.shift_reg_reg[1][1]'
INFO: [Synth 8-3886] merging instance 'U0/i_synth/i_synth/three_mult_structure.use_dsp.i_dsp48/mult1_preadder_d_plus_b.mult1/mult/use_prim.iBdelx[0].iBdely[1].need_delay_line.Bdelay/dN.std_srl.shift_reg_reg[1][2]' (FDR) to 'U0/i_synth/i_synth/three_mult_structure.use_dsp.i_dsp48/mult1_preadder_d_plus_b.mult1/mult/use_prim.iBdelx[1].iBdely[1].need_delay_line.Bdelay/dN.std_srl.shift_reg_reg[1][2]'
INFO: [Synth 8-3886] merging instance 'U0/i_synth/i_synth/three_mult_structure.use_dsp.i_dsp48/mult1_preadder_d_plus_b.mult1/mult/use_prim.iBdelx[0].iBdely[1].need_delay_line.Bdelay/dN.std_srl.shift_reg_reg[1][3]' (FDR) to 'U0/i_synth/i_synth/three_mult_structure.use_dsp.i_dsp48/mult1_preadder_d_plus_b.mult1/mult/use_prim.iBdelx[1].iBdely[1].need_delay_line.Bdelay/dN.std_srl.shift_reg_reg[1][3]'
INFO: [Synth 8-3886] merging instance 'U0/i_synth/i_synth/three_mult_structure.use_dsp.i_dsp48/mult1_preadder_d_plus_b.mult1/mult/use_prim.iBdelx[0].iBdely[1].need_delay_line.Bdelay/dN.std_srl.shift_reg_reg[1][4]' (FDR) to 'U0/i_synth/i_synth/three_mult_structure.use_dsp.i_dsp48/mult1_preadder_d_plus_b.mult1/mult/use_prim.iBdelx[1].iBdely[1].need_delay_line.Bdelay/dN.std_srl.shift_reg_reg[1][4]'
INFO: [Synth 8-3886] merging instance 'U0/i_synth/i_synth/three_mult_structure.use_dsp.i_dsp48/mult1_preadder_d_plus_b.mult1/mult/use_prim.iBdelx[0].iBdely[1].need_delay_line.Bdelay/dN.std_srl.shift_reg_reg[1][5]' (FDR) to 'U0/i_synth/i_synth/three_mult_structure.use_dsp.i_dsp48/mult1_preadder_d_plus_b.mult1/mult/use_prim.iBdelx[1].iBdely[1].need_delay_line.Bdelay/dN.std_srl.shift_reg_reg[1][5]'
INFO: [Synth 8-3886] merging instance 'U0/i_synth/i_synth/three_mult_structure.use_dsp.i_dsp48/mult1_preadder_d_plus_b.mult1/mult/use_prim.iBdelx[0].iBdely[1].need_delay_line.Bdelay/dN.std_srl.shift_reg_reg[1][6]' (FDR) to 'U0/i_synth/i_synth/three_mult_structure.use_dsp.i_dsp48/mult1_preadder_d_plus_b.mult1/mult/use_prim.iBdelx[1].iBdely[1].need_delay_line.Bdelay/dN.std_srl.shift_reg_reg[1][6]'
INFO: [Synth 8-3886] merging instance 'U0/i_synth/i_synth/three_mult_structure.use_dsp.i_dsp48/mult1_preadder_d_plus_b.mult1/mult/use_prim.iBdelx[0].iBdely[1].need_delay_line.Bdelay/dN.std_srl.shift_reg_reg[1][7]' (FDR) to 'U0/i_synth/i_synth/three_mult_structure.use_dsp.i_dsp48/mult1_preadder_d_plus_b.mult1/mult/use_prim.iBdelx[1].iBdely[1].need_delay_line.Bdelay/dN.std_srl.shift_reg_reg[1][7]'
INFO: [Synth 8-3886] merging instance 'U0/i_synth/i_synth/three_mult_structure.use_dsp.i_dsp48/mult1_preadder_d_plus_b.mult1/mult/use_prim.iBdelx[0].iBdely[1].need_delay_line.Bdelay/dN.std_srl.shift_reg_reg[1][8]' (FDR) to 'U0/i_synth/i_synth/three_mult_structure.use_dsp.i_dsp48/mult1_preadder_d_plus_b.mult1/mult/use_prim.iBdelx[1].iBdely[1].need_delay_line.Bdelay/dN.std_srl.shift_reg_reg[1][8]'
INFO: [Synth 8-3886] merging instance 'U0/i_synth/i_synth/three_mult_structure.use_dsp.i_dsp48/mult1_preadder_d_plus_b.mult1/mult/use_prim.iBdelx[0].iBdely[1].need_delay_line.Bdelay/dN.std_srl.shift_reg_reg[1][9]' (FDR) to 'U0/i_synth/i_synth/three_mult_structure.use_dsp.i_dsp48/mult1_preadder_d_plus_b.mult1/mult/use_prim.iBdelx[1].iBdely[1].need_delay_line.Bdelay/dN.std_srl.shift_reg_reg[1][9]'
INFO: [Synth 8-3886] merging instance 'U0/i_synth/i_synth/three_mult_structure.use_dsp.i_dsp48/mult1_preadder_d_plus_b.mult1/mult/use_prim.iBdelx[0].iBdely[1].need_delay_line.Bdelay/dN.std_srl.shift_reg_reg[1][10]' (FDR) to 'U0/i_synth/i_synth/three_mult_structure.use_dsp.i_dsp48/mult1_preadder_d_plus_b.mult1/mult/use_prim.iBdelx[0].iBdely[1].need_delay_line.Bdelay/dN.std_srl.shift_reg_reg[1][17]'
INFO: [Synth 8-3886] merging instance 'U0/i_synth/i_synth/three_mult_structure.use_dsp.i_dsp48/mult1_preadder_d_plus_b.mult1/mult/use_prim.iBdelx[0].iBdely[1].need_delay_line.Bdelay/dN.std_srl.shift_reg_reg[1][11]' (FDR) to 'U0/i_synth/i_synth/three_mult_structure.use_dsp.i_dsp48/mult1_preadder_d_plus_b.mult1/mult/use_prim.iBdelx[0].iBdely[1].need_delay_line.Bdelay/dN.std_srl.shift_reg_reg[1][17]'
INFO: [Synth 8-3886] merging instance 'U0/i_synth/i_synth/three_mult_structure.use_dsp.i_dsp48/mult1_preadder_d_plus_b.mult1/mult/use_prim.iBdelx[0].iBdely[1].need_delay_line.Bdelay/dN.std_srl.shift_reg_reg[1][12]' (FDR) to 'U0/i_synth/i_synth/three_mult_structure.use_dsp.i_dsp48/mult1_preadder_d_plus_b.mult1/mult/use_prim.iBdelx[0].iBdely[1].need_delay_line.Bdelay/dN.std_srl.shift_reg_reg[1][17]'
INFO: [Synth 8-3886] merging instance 'U0/i_synth/i_synth/three_mult_structure.use_dsp.i_dsp48/mult1_preadder_d_plus_b.mult1/mult/use_prim.iBdelx[0].iBdely[1].need_delay_line.Bdelay/dN.std_srl.shift_reg_reg[1][13]' (FDR) to 'U0/i_synth/i_synth/three_mult_structure.use_dsp.i_dsp48/mult1_preadder_d_plus_b.mult1/mult/use_prim.iBdelx[0].iBdely[1].need_delay_line.Bdelay/dN.std_srl.shift_reg_reg[1][17]'
INFO: [Synth 8-3886] merging instance 'U0/i_synth/i_synth/three_mult_structure.use_dsp.i_dsp48/mult1_preadder_d_plus_b.mult1/mult/use_prim.iBdelx[0].iBdely[1].need_delay_line.Bdelay/dN.std_srl.shift_reg_reg[1][14]' (FDR) to 'U0/i_synth/i_synth/three_mult_structure.use_dsp.i_dsp48/mult1_preadder_d_plus_b.mult1/mult/use_prim.iBdelx[0].iBdely[1].need_delay_line.Bdelay/dN.std_srl.shift_reg_reg[1][17]'
INFO: [Synth 8-3886] merging instance 'U0/i_synth/i_synth/three_mult_structure.use_dsp.i_dsp48/mult1_preadder_d_plus_b.mult1/mult/use_prim.iBdelx[0].iBdely[1].need_delay_line.Bdelay/dN.std_srl.shift_reg_reg[1][15]' (FDR) to 'U0/i_synth/i_synth/three_mult_structure.use_dsp.i_dsp48/mult1_preadder_d_plus_b.mult1/mult/use_prim.iBdelx[0].iBdely[1].need_delay_line.Bdelay/dN.std_srl.shift_reg_reg[1][17]'
INFO: [Synth 8-3886] merging instance 'U0/i_synth/i_synth/three_mult_structure.use_dsp.i_dsp48/mult1_preadder_d_plus_b.mult1/mult/use_prim.iBdelx[0].iBdely[1].need_delay_line.Bdelay/dN.std_srl.shift_reg_reg[1][16]' (FDR) to 'U0/i_synth/i_synth/three_mult_structure.use_dsp.i_dsp48/mult1_preadder_d_plus_b.mult1/mult/use_prim.iBdelx[0].iBdely[1].need_delay_line.Bdelay/dN.std_srl.shift_reg_reg[1][17]'
INFO: [Synth 8-3886] merging instance 'U0/i_synth/i_synth/three_mult_structure.use_dsp.i_dsp48/mult1_preadder_d_plus_b.mult1/mult/use_prim.iBdelx[0].iBdely[1].need_delay_line.Bdelay/dN.std_srl.shift_reg_reg[1][17]' (FDR) to 'U0/i_synth/i_synth/three_mult_structure.use_dsp.i_dsp48/mult1_preadder_d_plus_b.mult1/mult/use_prim.iBdelx[1].iBdely[1].need_delay_line.Bdelay/dN.std_srl.shift_reg_reg[1][10]'
INFO: [Synth 8-3886] merging instance 'U0/i_synth/i_synth/three_mult_structure.use_dsp.i_dsp48/mult3_preadder_d_minus_b.mult3/mult/use_prim.iBdelx[0].iBdely[1].need_delay_line.Bdelay/dN.std_srl.shift_reg_reg[1][0]' (FDR) to 'U0/i_synth/i_synth/three_mult_structure.use_dsp.i_dsp48/mult3_preadder_d_minus_b.mult3/mult/use_prim.iBdelx[1].iBdely[1].need_delay_line.Bdelay/dN.std_srl.shift_reg_reg[1][0]'
INFO: [Synth 8-3886] merging instance 'U0/i_synth/i_synth/three_mult_structure.use_dsp.i_dsp48/mult3_preadder_d_minus_b.mult3/mult/use_prim.iBdelx[0].iBdely[1].need_delay_line.Bdelay/dN.std_srl.shift_reg_reg[1][1]' (FDR) to 'U0/i_synth/i_synth/three_mult_structure.use_dsp.i_dsp48/mult3_preadder_d_minus_b.mult3/mult/use_prim.iBdelx[1].iBdely[1].need_delay_line.Bdelay/dN.std_srl.shift_reg_reg[1][1]'
INFO: [Synth 8-3886] merging instance 'U0/i_synth/i_synth/three_mult_structure.use_dsp.i_dsp48/mult3_preadder_d_minus_b.mult3/mult/use_prim.iBdelx[0].iBdely[1].need_delay_line.Bdelay/dN.std_srl.shift_reg_reg[1][2]' (FDR) to 'U0/i_synth/i_synth/three_mult_structure.use_dsp.i_dsp48/mult3_preadder_d_minus_b.mult3/mult/use_prim.iBdelx[1].iBdely[1].need_delay_line.Bdelay/dN.std_srl.shift_reg_reg[1][2]'
INFO: [Synth 8-3886] merging instance 'U0/i_synth/i_synth/three_mult_structure.use_dsp.i_dsp48/mult3_preadder_d_minus_b.mult3/mult/use_prim.iBdelx[0].iBdely[1].need_delay_line.Bdelay/dN.std_srl.shift_reg_reg[1][3]' (FDR) to 'U0/i_synth/i_synth/three_mult_structure.use_dsp.i_dsp48/mult3_preadder_d_minus_b.mult3/mult/use_prim.iBdelx[1].iBdely[1].need_delay_line.Bdelay/dN.std_srl.shift_reg_reg[1][3]'
INFO: [Synth 8-3886] merging instance 'U0/i_synth/i_synth/three_mult_structure.use_dsp.i_dsp48/mult3_preadder_d_minus_b.mult3/mult/use_prim.iBdelx[0].iBdely[1].need_delay_line.Bdelay/dN.std_srl.shift_reg_reg[1][4]' (FDR) to 'U0/i_synth/i_synth/three_mult_structure.use_dsp.i_dsp48/mult3_preadder_d_minus_b.mult3/mult/use_prim.iBdelx[1].iBdely[1].need_delay_line.Bdelay/dN.std_srl.shift_reg_reg[1][4]'
INFO: [Synth 8-3886] merging instance 'U0/i_synth/i_synth/three_mult_structure.use_dsp.i_dsp48/mult3_preadder_d_minus_b.mult3/mult/use_prim.iBdelx[0].iBdely[1].need_delay_line.Bdelay/dN.std_srl.shift_reg_reg[1][5]' (FDR) to 'U0/i_synth/i_synth/three_mult_structure.use_dsp.i_dsp48/mult3_preadder_d_minus_b.mult3/mult/use_prim.iBdelx[1].iBdely[1].need_delay_line.Bdelay/dN.std_srl.shift_reg_reg[1][5]'
INFO: [Synth 8-3886] merging instance 'U0/i_synth/i_synth/three_mult_structure.use_dsp.i_dsp48/mult3_preadder_d_minus_b.mult3/mult/use_prim.iBdelx[0].iBdely[1].need_delay_line.Bdelay/dN.std_srl.shift_reg_reg[1][6]' (FDR) to 'U0/i_synth/i_synth/three_mult_structure.use_dsp.i_dsp48/mult3_preadder_d_minus_b.mult3/mult/use_prim.iBdelx[1].iBdely[1].need_delay_line.Bdelay/dN.std_srl.shift_reg_reg[1][6]'
INFO: [Synth 8-3886] merging instance 'U0/i_synth/i_synth/three_mult_structure.use_dsp.i_dsp48/mult3_preadder_d_minus_b.mult3/mult/use_prim.iBdelx[0].iBdely[1].need_delay_line.Bdelay/dN.std_srl.shift_reg_reg[1][7]' (FDR) to 'U0/i_synth/i_synth/three_mult_structure.use_dsp.i_dsp48/mult3_preadder_d_minus_b.mult3/mult/use_prim.iBdelx[1].iBdely[1].need_delay_line.Bdelay/dN.std_srl.shift_reg_reg[1][7]'
INFO: [Synth 8-3886] merging instance 'U0/i_synth/i_synth/three_mult_structure.use_dsp.i_dsp48/mult3_preadder_d_minus_b.mult3/mult/use_prim.iBdelx[0].iBdely[1].need_delay_line.Bdelay/dN.std_srl.shift_reg_reg[1][8]' (FDR) to 'U0/i_synth/i_synth/three_mult_structure.use_dsp.i_dsp48/mult3_preadder_d_minus_b.mult3/mult/use_prim.iBdelx[1].iBdely[1].need_delay_line.Bdelay/dN.std_srl.shift_reg_reg[1][8]'
INFO: [Synth 8-3886] merging instance 'U0/i_synth/i_synth/three_mult_structure.use_dsp.i_dsp48/mult3_preadder_d_minus_b.mult3/mult/use_prim.iBdelx[0].iBdely[1].need_delay_line.Bdelay/dN.std_srl.shift_reg_reg[1][9]' (FDR) to 'U0/i_synth/i_synth/three_mult_structure.use_dsp.i_dsp48/mult3_preadder_d_minus_b.mult3/mult/use_prim.iBdelx[1].iBdely[1].need_delay_line.Bdelay/dN.std_srl.shift_reg_reg[1][9]'
INFO: [Synth 8-3886] merging instance 'U0/i_synth/i_synth/three_mult_structure.use_dsp.i_dsp48/mult3_preadder_d_minus_b.mult3/mult/use_prim.iBdelx[0].iBdely[1].need_delay_line.Bdelay/dN.std_srl.shift_reg_reg[1][10]' (FDR) to 'U0/i_synth/i_synth/three_mult_structure.use_dsp.i_dsp48/mult3_preadder_d_minus_b.mult3/mult/use_prim.iBdelx[0].iBdely[1].need_delay_line.Bdelay/dN.std_srl.shift_reg_reg[1][17]'
INFO: [Synth 8-3886] merging instance 'U0/i_synth/i_synth/three_mult_structure.use_dsp.i_dsp48/mult3_preadder_d_minus_b.mult3/mult/use_prim.iBdelx[0].iBdely[1].need_delay_line.Bdelay/dN.std_srl.shift_reg_reg[1][11]' (FDR) to 'U0/i_synth/i_synth/three_mult_structure.use_dsp.i_dsp48/mult3_preadder_d_minus_b.mult3/mult/use_prim.iBdelx[0].iBdely[1].need_delay_line.Bdelay/dN.std_srl.shift_reg_reg[1][17]'
INFO: [Synth 8-3886] merging instance 'U0/i_synth/i_synth/three_mult_structure.use_dsp.i_dsp48/mult3_preadder_d_minus_b.mult3/mult/use_prim.iBdelx[0].iBdely[1].need_delay_line.Bdelay/dN.std_srl.shift_reg_reg[1][12]' (FDR) to 'U0/i_synth/i_synth/three_mult_structure.use_dsp.i_dsp48/mult3_preadder_d_minus_b.mult3/mult/use_prim.iBdelx[0].iBdely[1].need_delay_line.Bdelay/dN.std_srl.shift_reg_reg[1][17]'
INFO: [Synth 8-3886] merging instance 'U0/i_synth/i_synth/three_mult_structure.use_dsp.i_dsp48/mult3_preadder_d_minus_b.mult3/mult/use_prim.iBdelx[0].iBdely[1].need_delay_line.Bdelay/dN.std_srl.shift_reg_reg[1][13]' (FDR) to 'U0/i_synth/i_synth/three_mult_structure.use_dsp.i_dsp48/mult3_preadder_d_minus_b.mult3/mult/use_prim.iBdelx[0].iBdely[1].need_delay_line.Bdelay/dN.std_srl.shift_reg_reg[1][17]'
INFO: [Synth 8-3886] merging instance 'U0/i_synth/i_synth/three_mult_structure.use_dsp.i_dsp48/mult3_preadder_d_minus_b.mult3/mult/use_prim.iBdelx[0].iBdely[1].need_delay_line.Bdelay/dN.std_srl.shift_reg_reg[1][14]' (FDR) to 'U0/i_synth/i_synth/three_mult_structure.use_dsp.i_dsp48/mult3_preadder_d_minus_b.mult3/mult/use_prim.iBdelx[0].iBdely[1].need_delay_line.Bdelay/dN.std_srl.shift_reg_reg[1][17]'
INFO: [Synth 8-3886] merging instance 'U0/i_synth/i_synth/three_mult_structure.use_dsp.i_dsp48/mult3_preadder_d_minus_b.mult3/mult/use_prim.iBdelx[0].iBdely[1].need_delay_line.Bdelay/dN.std_srl.shift_reg_reg[1][15]' (FDR) to 'U0/i_synth/i_synth/three_mult_structure.use_dsp.i_dsp48/mult3_preadder_d_minus_b.mult3/mult/use_prim.iBdelx[0].iBdely[1].need_delay_line.Bdelay/dN.std_srl.shift_reg_reg[1][17]'
INFO: [Synth 8-3886] merging instance 'U0/i_synth/i_synth/three_mult_structure.use_dsp.i_dsp48/mult3_preadder_d_minus_b.mult3/mult/use_prim.iBdelx[0].iBdely[1].need_delay_line.Bdelay/dN.std_srl.shift_reg_reg[1][16]' (FDR) to 'U0/i_synth/i_synth/three_mult_structure.use_dsp.i_dsp48/mult3_preadder_d_minus_b.mult3/mult/use_prim.iBdelx[0].iBdely[1].need_delay_line.Bdelay/dN.std_srl.shift_reg_reg[1][17]'
INFO: [Synth 8-3886] merging instance 'U0/i_synth/i_synth/three_mult_structure.use_dsp.i_dsp48/mult3_preadder_d_minus_b.mult3/mult/use_prim.iBdelx[0].iBdely[1].need_delay_line.Bdelay/dN.std_srl.shift_reg_reg[1][17]' (FDR) to 'U0/i_synth/i_synth/three_mult_structure.use_dsp.i_dsp48/mult3_preadder_d_minus_b.mult3/mult/use_prim.iBdelx[1].iBdely[1].need_delay_line.Bdelay/dN.std_srl.shift_reg_reg[1][10]'
INFO: [Synth 8-3886] merging instance 'U0/i_synth/i_synth/three_mult_structure.use_dsp.i_dsp48/mult1_preadder_d_plus_b.mult1/mult/use_prim.iBdelx[0].iBdely[1].need_delay_line.Bdelay/dN.std_srl.shift_reg_reg[2][0]' (FDR) to 'U0/i_synth/i_synth/three_mult_structure.use_dsp.i_dsp48/mult1_preadder_d_plus_b.mult1/mult/use_prim.iBdelx[1].iBdely[1].need_delay_line.Bdelay/dN.std_srl.shift_reg_reg[2][0]'
INFO: [Synth 8-3886] merging instance 'U0/i_synth/i_synth/three_mult_structure.use_dsp.i_dsp48/mult1_preadder_d_plus_b.mult1/mult/use_prim.iBdelx[0].iBdely[1].need_delay_line.Bdelay/dN.std_srl.shift_reg_reg[2][1]' (FDR) to 'U0/i_synth/i_synth/three_mult_structure.use_dsp.i_dsp48/mult1_preadder_d_plus_b.mult1/mult/use_prim.iBdelx[1].iBdely[1].need_delay_line.Bdelay/dN.std_srl.shift_reg_reg[2][1]'
INFO: [Synth 8-3886] merging instance 'U0/i_synth/i_synth/three_mult_structure.use_dsp.i_dsp48/mult1_preadder_d_plus_b.mult1/mult/use_prim.iBdelx[0].iBdely[1].need_delay_line.Bdelay/dN.std_srl.shift_reg_reg[2][2]' (FDR) to 'U0/i_synth/i_synth/three_mult_structure.use_dsp.i_dsp48/mult1_preadder_d_plus_b.mult1/mult/use_prim.iBdelx[1].iBdely[1].need_delay_line.Bdelay/dN.std_srl.shift_reg_reg[2][2]'
INFO: [Synth 8-3886] merging instance 'U0/i_synth/i_synth/three_mult_structure.use_dsp.i_dsp48/mult1_preadder_d_plus_b.mult1/mult/use_prim.iBdelx[0].iBdely[1].need_delay_line.Bdelay/dN.std_srl.shift_reg_reg[2][3]' (FDR) to 'U0/i_synth/i_synth/three_mult_structure.use_dsp.i_dsp48/mult1_preadder_d_plus_b.mult1/mult/use_prim.iBdelx[1].iBdely[1].need_delay_line.Bdelay/dN.std_srl.shift_reg_reg[2][3]'
INFO: [Synth 8-3886] merging instance 'U0/i_synth/i_synth/three_mult_structure.use_dsp.i_dsp48/mult1_preadder_d_plus_b.mult1/mult/use_prim.iBdelx[0].iBdely[1].need_delay_line.Bdelay/dN.std_srl.shift_reg_reg[2][4]' (FDR) to 'U0/i_synth/i_synth/three_mult_structure.use_dsp.i_dsp48/mult1_preadder_d_plus_b.mult1/mult/use_prim.iBdelx[1].iBdely[1].need_delay_line.Bdelay/dN.std_srl.shift_reg_reg[2][4]'
INFO: [Synth 8-3886] merging instance 'U0/i_synth/i_synth/three_mult_structure.use_dsp.i_dsp48/mult1_preadder_d_plus_b.mult1/mult/use_prim.iBdelx[0].iBdely[1].need_delay_line.Bdelay/dN.std_srl.shift_reg_reg[2][5]' (FDR) to 'U0/i_synth/i_synth/three_mult_structure.use_dsp.i_dsp48/mult1_preadder_d_plus_b.mult1/mult/use_prim.iBdelx[1].iBdely[1].need_delay_line.Bdelay/dN.std_srl.shift_reg_reg[2][5]'
INFO: [Synth 8-3886] merging instance 'U0/i_synth/i_synth/three_mult_structure.use_dsp.i_dsp48/mult1_preadder_d_plus_b.mult1/mult/use_prim.iBdelx[0].iBdely[1].need_delay_line.Bdelay/dN.std_srl.shift_reg_reg[2][6]' (FDR) to 'U0/i_synth/i_synth/three_mult_structure.use_dsp.i_dsp48/mult1_preadder_d_plus_b.mult1/mult/use_prim.iBdelx[1].iBdely[1].need_delay_line.Bdelay/dN.std_srl.shift_reg_reg[2][6]'
INFO: [Synth 8-3886] merging instance 'U0/i_synth/i_synth/three_mult_structure.use_dsp.i_dsp48/mult1_preadder_d_plus_b.mult1/mult/use_prim.iBdelx[0].iBdely[1].need_delay_line.Bdelay/dN.std_srl.shift_reg_reg[2][7]' (FDR) to 'U0/i_synth/i_synth/three_mult_structure.use_dsp.i_dsp48/mult1_preadder_d_plus_b.mult1/mult/use_prim.iBdelx[1].iBdely[1].need_delay_line.Bdelay/dN.std_srl.shift_reg_reg[2][7]'
INFO: [Synth 8-3886] merging instance 'U0/i_synth/i_synth/three_mult_structure.use_dsp.i_dsp48/mult1_preadder_d_plus_b.mult1/mult/use_prim.iBdelx[0].iBdely[1].need_delay_line.Bdelay/dN.std_srl.shift_reg_reg[2][8]' (FDR) to 'U0/i_synth/i_synth/three_mult_structure.use_dsp.i_dsp48/mult1_preadder_d_plus_b.mult1/mult/use_prim.iBdelx[1].iBdely[1].need_delay_line.Bdelay/dN.std_srl.shift_reg_reg[2][8]'
INFO: [Synth 8-3886] merging instance 'U0/i_synth/i_synth/three_mult_structure.use_dsp.i_dsp48/mult1_preadder_d_plus_b.mult1/mult/use_prim.iBdelx[0].iBdely[1].need_delay_line.Bdelay/dN.std_srl.shift_reg_reg[2][9]' (FDR) to 'U0/i_synth/i_synth/three_mult_structure.use_dsp.i_dsp48/mult1_preadder_d_plus_b.mult1/mult/use_prim.iBdelx[1].iBdely[1].need_delay_line.Bdelay/dN.std_srl.shift_reg_reg[2][9]'
INFO: [Synth 8-3886] merging instance 'U0/i_synth/i_synth/three_mult_structure.use_dsp.i_dsp48/mult1_preadder_d_plus_b.mult1/mult/use_prim.iBdelx[0].iBdely[1].need_delay_line.Bdelay/dN.std_srl.shift_reg_reg[2][10]' (FDR) to 'U0/i_synth/i_synth/three_mult_structure.use_dsp.i_dsp48/mult1_preadder_d_plus_b.mult1/mult/use_prim.iBdelx[0].iBdely[1].need_delay_line.Bdelay/dN.std_srl.shift_reg_reg[2][17]'
INFO: [Synth 8-3886] merging instance 'U0/i_synth/i_synth/three_mult_structure.use_dsp.i_dsp48/mult1_preadder_d_plus_b.mult1/mult/use_prim.iBdelx[0].iBdely[1].need_delay_line.Bdelay/dN.std_srl.shift_reg_reg[2][11]' (FDR) to 'U0/i_synth/i_synth/three_mult_structure.use_dsp.i_dsp48/mult1_preadder_d_plus_b.mult1/mult/use_prim.iBdelx[0].iBdely[1].need_delay_line.Bdelay/dN.std_srl.shift_reg_reg[2][17]'
INFO: [Synth 8-3886] merging instance 'U0/i_synth/i_synth/three_mult_structure.use_dsp.i_dsp48/mult1_preadder_d_plus_b.mult1/mult/use_prim.iBdelx[0].iBdely[1].need_delay_line.Bdelay/dN.std_srl.shift_reg_reg[2][12]' (FDR) to 'U0/i_synth/i_synth/three_mult_structure.use_dsp.i_dsp48/mult1_preadder_d_plus_b.mult1/mult/use_prim.iBdelx[0].iBdely[1].need_delay_line.Bdelay/dN.std_srl.shift_reg_reg[2][17]'
INFO: [Synth 8-3886] merging instance 'U0/i_synth/i_synth/three_mult_structure.use_dsp.i_dsp48/mult1_preadder_d_plus_b.mult1/mult/use_prim.iBdelx[0].iBdely[1].need_delay_line.Bdelay/dN.std_srl.shift_reg_reg[2][13]' (FDR) to 'U0/i_synth/i_synth/three_mult_structure.use_dsp.i_dsp48/mult1_preadder_d_plus_b.mult1/mult/use_prim.iBdelx[0].iBdely[1].need_delay_line.Bdelay/dN.std_srl.shift_reg_reg[2][17]'
INFO: [Synth 8-3886] merging instance 'U0/i_synth/i_synth/three_mult_structure.use_dsp.i_dsp48/mult1_preadder_d_plus_b.mult1/mult/use_prim.iBdelx[0].iBdely[1].need_delay_line.Bdelay/dN.std_srl.shift_reg_reg[2][14]' (FDR) to 'U0/i_synth/i_synth/three_mult_structure.use_dsp.i_dsp48/mult1_preadder_d_plus_b.mult1/mult/use_prim.iBdelx[0].iBdely[1].need_delay_line.Bdelay/dN.std_srl.shift_reg_reg[2][17]'
INFO: [Synth 8-3886] merging instance 'U0/i_synth/i_synth/three_mult_structure.use_dsp.i_dsp48/mult1_preadder_d_plus_b.mult1/mult/use_prim.iBdelx[0].iBdely[1].need_delay_line.Bdelay/dN.std_srl.shift_reg_reg[2][15]' (FDR) to 'U0/i_synth/i_synth/three_mult_structure.use_dsp.i_dsp48/mult1_preadder_d_plus_b.mult1/mult/use_prim.iBdelx[0].iBdely[1].need_delay_line.Bdelay/dN.std_srl.shift_reg_reg[2][17]'
INFO: [Synth 8-3886] merging instance 'U0/i_synth/i_synth/three_mult_structure.use_dsp.i_dsp48/mult1_preadder_d_plus_b.mult1/mult/use_prim.iBdelx[0].iBdely[1].need_delay_line.Bdelay/dN.std_srl.shift_reg_reg[2][16]' (FDR) to 'U0/i_synth/i_synth/three_mult_structure.use_dsp.i_dsp48/mult1_preadder_d_plus_b.mult1/mult/use_prim.iBdelx[0].iBdely[1].need_delay_line.Bdelay/dN.std_srl.shift_reg_reg[2][17]'
INFO: [Synth 8-3886] merging instance 'U0/i_synth/i_synth/three_mult_structure.use_dsp.i_dsp48/mult1_preadder_d_plus_b.mult1/mult/use_prim.iBdelx[0].iBdely[1].need_delay_line.Bdelay/dN.std_srl.shift_reg_reg[2][17]' (FDR) to 'U0/i_synth/i_synth/three_mult_structure.use_dsp.i_dsp48/mult1_preadder_d_plus_b.mult1/mult/use_prim.iBdelx[1].iBdely[1].need_delay_line.Bdelay/dN.std_srl.shift_reg_reg[2][10]'
INFO: [Synth 8-3886] merging instance 'U0/i_synth/i_synth/three_mult_structure.use_dsp.i_dsp48/mult3_preadder_d_minus_b.mult3/mult/use_prim.iBdelx[0].iBdely[1].need_delay_line.Bdelay/dN.std_srl.shift_reg_reg[2][0]' (FDR) to 'U0/i_synth/i_synth/three_mult_structure.use_dsp.i_dsp48/mult3_preadder_d_minus_b.mult3/mult/use_prim.iBdelx[1].iBdely[1].need_delay_line.Bdelay/dN.std_srl.shift_reg_reg[2][0]'
INFO: [Synth 8-3886] merging instance 'U0/i_synth/i_synth/three_mult_structure.use_dsp.i_dsp48/mult3_preadder_d_minus_b.mult3/mult/use_prim.iBdelx[0].iBdely[1].need_delay_line.Bdelay/dN.std_srl.shift_reg_reg[2][1]' (FDR) to 'U0/i_synth/i_synth/three_mult_structure.use_dsp.i_dsp48/mult3_preadder_d_minus_b.mult3/mult/use_prim.iBdelx[1].iBdely[1].need_delay_line.Bdelay/dN.std_srl.shift_reg_reg[2][1]'
INFO: [Synth 8-3886] merging instance 'U0/i_synth/i_synth/three_mult_structure.use_dsp.i_dsp48/mult3_preadder_d_minus_b.mult3/mult/use_prim.iBdelx[0].iBdely[1].need_delay_line.Bdelay/dN.std_srl.shift_reg_reg[2][2]' (FDR) to 'U0/i_synth/i_synth/three_mult_structure.use_dsp.i_dsp48/mult3_preadder_d_minus_b.mult3/mult/use_prim.iBdelx[1].iBdely[1].need_delay_line.Bdelay/dN.std_srl.shift_reg_reg[2][2]'
INFO: [Synth 8-3886] merging instance 'U0/i_synth/i_synth/three_mult_structure.use_dsp.i_dsp48/mult3_preadder_d_minus_b.mult3/mult/use_prim.iBdelx[0].iBdely[1].need_delay_line.Bdelay/dN.std_srl.shift_reg_reg[2][3]' (FDR) to 'U0/i_synth/i_synth/three_mult_structure.use_dsp.i_dsp48/mult3_preadder_d_minus_b.mult3/mult/use_prim.iBdelx[1].iBdely[1].need_delay_line.Bdelay/dN.std_srl.shift_reg_reg[2][3]'
INFO: [Synth 8-3886] merging instance 'U0/i_synth/i_synth/three_mult_structure.use_dsp.i_dsp48/mult3_preadder_d_minus_b.mult3/mult/use_prim.iBdelx[0].iBdely[1].need_delay_line.Bdelay/dN.std_srl.shift_reg_reg[2][4]' (FDR) to 'U0/i_synth/i_synth/three_mult_structure.use_dsp.i_dsp48/mult3_preadder_d_minus_b.mult3/mult/use_prim.iBdelx[1].iBdely[1].need_delay_line.Bdelay/dN.std_srl.shift_reg_reg[2][4]'
INFO: [Synth 8-3886] merging instance 'U0/i_synth/i_synth/three_mult_structure.use_dsp.i_dsp48/mult3_preadder_d_minus_b.mult3/mult/use_prim.iBdelx[0].iBdely[1].need_delay_line.Bdelay/dN.std_srl.shift_reg_reg[2][5]' (FDR) to 'U0/i_synth/i_synth/three_mult_structure.use_dsp.i_dsp48/mult3_preadder_d_minus_b.mult3/mult/use_prim.iBdelx[1].iBdely[1].need_delay_line.Bdelay/dN.std_srl.shift_reg_reg[2][5]'
INFO: [Synth 8-3886] merging instance 'U0/i_synth/i_synth/three_mult_structure.use_dsp.i_dsp48/mult3_preadder_d_minus_b.mult3/mult/use_prim.iBdelx[0].iBdely[1].need_delay_line.Bdelay/dN.std_srl.shift_reg_reg[2][6]' (FDR) to 'U0/i_synth/i_synth/three_mult_structure.use_dsp.i_dsp48/mult3_preadder_d_minus_b.mult3/mult/use_prim.iBdelx[1].iBdely[1].need_delay_line.Bdelay/dN.std_srl.shift_reg_reg[2][6]'
INFO: [Synth 8-3886] merging instance 'U0/i_synth/i_synth/three_mult_structure.use_dsp.i_dsp48/mult3_preadder_d_minus_b.mult3/mult/use_prim.iBdelx[0].iBdely[1].need_delay_line.Bdelay/dN.std_srl.shift_reg_reg[2][7]' (FDR) to 'U0/i_synth/i_synth/three_mult_structure.use_dsp.i_dsp48/mult3_preadder_d_minus_b.mult3/mult/use_prim.iBdelx[1].iBdely[1].need_delay_line.Bdelay/dN.std_srl.shift_reg_reg[2][7]'
INFO: [Synth 8-3886] merging instance 'U0/i_synth/i_synth/three_mult_structure.use_dsp.i_dsp48/mult3_preadder_d_minus_b.mult3/mult/use_prim.iBdelx[0].iBdely[1].need_delay_line.Bdelay/dN.std_srl.shift_reg_reg[2][8]' (FDR) to 'U0/i_synth/i_synth/three_mult_structure.use_dsp.i_dsp48/mult3_preadder_d_minus_b.mult3/mult/use_prim.iBdelx[1].iBdely[1].need_delay_line.Bdelay/dN.std_srl.shift_reg_reg[2][8]'
INFO: [Synth 8-3886] merging instance 'U0/i_synth/i_synth/three_mult_structure.use_dsp.i_dsp48/mult3_preadder_d_minus_b.mult3/mult/use_prim.iBdelx[0].iBdely[1].need_delay_line.Bdelay/dN.std_srl.shift_reg_reg[2][9]' (FDR) to 'U0/i_synth/i_synth/three_mult_structure.use_dsp.i_dsp48/mult3_preadder_d_minus_b.mult3/mult/use_prim.iBdelx[1].iBdely[1].need_delay_line.Bdelay/dN.std_srl.shift_reg_reg[2][9]'
INFO: [Common 17-14] Message 'Synth 8-3886' appears 100 times and further instances of the messages will be disabled. Use the Tcl command set_msg_config to change the current settings.
---------------------------------------------------------------------------------
Finished Cross Boundary and Area Optimization : Time (s): cpu = 00:00:32 ; elapsed = 00:00:33 . Memory (MB): peak = 1036.965 ; gain = 380.961
---------------------------------------------------------------------------------

Report RTL Partitions: 
+-+--------------+------------+----------+
| |RTL Partition |Replication |Instances |
+-+--------------+------------+----------+
+-+--------------+------------+----------+
---------------------------------------------------------------------------------
Start Applying XDC Timing Constraints
---------------------------------------------------------------------------------
---------------------------------------------------------------------------------
Finished Applying XDC Timing Constraints : Time (s): cpu = 00:00:47 ; elapsed = 00:00:49 . Memory (MB): peak = 1068.828 ; gain = 412.824
---------------------------------------------------------------------------------
---------------------------------------------------------------------------------
Start Timing Optimization
---------------------------------------------------------------------------------
---------------------------------------------------------------------------------
Finished Timing Optimization : Time (s): cpu = 00:00:48 ; elapsed = 00:00:49 . Memory (MB): peak = 1073.695 ; gain = 417.691
---------------------------------------------------------------------------------

Report RTL Partitions: 
+-+--------------+------------+----------+
| |RTL Partition |Replication |Instances |
+-+--------------+------------+----------+
+-+--------------+------------+----------+
---------------------------------------------------------------------------------
Start Technology Mapping
---------------------------------------------------------------------------------
---------------------------------------------------------------------------------
Finished Technology Mapping : Time (s): cpu = 00:00:48 ; elapsed = 00:00:50 . Memory (MB): peak = 1086.246 ; gain = 430.242
---------------------------------------------------------------------------------

Report RTL Partitions: 
+-+--------------+------------+----------+
| |RTL Partition |Replication |Instances |
+-+--------------+------------+----------+
+-+--------------+------------+----------+
---------------------------------------------------------------------------------
Start IO Insertion
---------------------------------------------------------------------------------
---------------------------------------------------------------------------------
Start Flattening Before IO Insertion
---------------------------------------------------------------------------------
---------------------------------------------------------------------------------
Finished Flattening Before IO Insertion
---------------------------------------------------------------------------------
---------------------------------------------------------------------------------
Start Final Netlist Cleanup
---------------------------------------------------------------------------------
---------------------------------------------------------------------------------
Finished Final Netlist Cleanup
---------------------------------------------------------------------------------
---------------------------------------------------------------------------------
Finished IO Insertion : Time (s): cpu = 00:00:50 ; elapsed = 00:00:52 . Memory (MB): peak = 1100.012 ; gain = 444.008
---------------------------------------------------------------------------------

Report Check Netlist: 
+------+------------------+-------+---------+-------+------------------+
|      |Item              |Errors |Warnings |Status |Description       |
+------+------------------+-------+---------+-------+------------------+
|1     |multi_driven_nets |      0|        0|Passed |Multi driven nets |
+------+------------------+-------+---------+-------+------------------+
---------------------------------------------------------------------------------
Start Renaming Generated Instances
---------------------------------------------------------------------------------
---------------------------------------------------------------------------------
Finished Renaming Generated Instances : Time (s): cpu = 00:00:51 ; elapsed = 00:00:52 . Memory (MB): peak = 1100.012 ; gain = 444.008
---------------------------------------------------------------------------------

Report RTL Partitions: 
+-+--------------+------------+----------+
| |RTL Partition |Replication |Instances |
+-+--------------+------------+----------+
+-+--------------+------------+----------+
---------------------------------------------------------------------------------
Start Rebuilding User Hierarchy
---------------------------------------------------------------------------------
---------------------------------------------------------------------------------
Finished Rebuilding User Hierarchy : Time (s): cpu = 00:00:51 ; elapsed = 00:00:53 . Memory (MB): peak = 1100.012 ; gain = 444.008
---------------------------------------------------------------------------------
---------------------------------------------------------------------------------
Start Renaming Generated Ports
---------------------------------------------------------------------------------
---------------------------------------------------------------------------------
Finished Renaming Generated Ports : Time (s): cpu = 00:00:51 ; elapsed = 00:00:53 . Memory (MB): peak = 1100.012 ; gain = 444.008
---------------------------------------------------------------------------------
---------------------------------------------------------------------------------
Start Handling Custom Attributes
---------------------------------------------------------------------------------
---------------------------------------------------------------------------------
Finished Handling Custom Attributes : Time (s): cpu = 00:00:51 ; elapsed = 00:00:53 . Memory (MB): peak = 1100.012 ; gain = 444.008
---------------------------------------------------------------------------------
---------------------------------------------------------------------------------
Start Renaming Generated Nets
---------------------------------------------------------------------------------
---------------------------------------------------------------------------------
Finished Renaming Generated Nets : Time (s): cpu = 00:00:51 ; elapsed = 00:00:53 . Memory (MB): peak = 1100.012 ; gain = 444.008
---------------------------------------------------------------------------------
---------------------------------------------------------------------------------
Start Writing Synthesis Report
---------------------------------------------------------------------------------

Report BlackBoxes: 
+-+--------------+----------+
| |BlackBox name |Instances |
+-+--------------+----------+
+-+--------------+----------+

Report Cell Usage: 
+------+----------+------+
|      |Cell      |Count |
+------+----------+------+
|1     |CARRY4    |    27|
|2     |DSP48E1   |     2|
|3     |DSP48E1_1 |     5|
|4     |DSP48E1_2 |     2|
|5     |DSP48E1_3 |     1|
|6     |DSP48E1_4 |     1|
|7     |DSP48E1_5 |     1|
|8     |LUT1      |     3|
|9     |LUT2      |   288|
|10    |SRL16E    |   187|
|11    |FDRE      |   755|
+------+----------+------+
---------------------------------------------------------------------------------
Finished Writing Synthesis Report : Time (s): cpu = 00:00:51 ; elapsed = 00:00:53 . Memory (MB): peak = 1100.012 ; gain = 444.008
---------------------------------------------------------------------------------
Synthesis finished with 0 errors, 0 critical warnings and 33 warnings.
Synthesis Optimization Runtime : Time (s): cpu = 00:00:26 ; elapsed = 00:00:50 . Memory (MB): peak = 1100.012 ; gain = 434.926
Synthesis Optimization Complete : Time (s): cpu = 00:00:51 ; elapsed = 00:00:53 . Memory (MB): peak = 1100.012 ; gain = 444.008
INFO: [Project 1-571] Translating synthesized netlist
INFO: [Netlist 29-17] Analyzing 39 Unisim elements for replacement
INFO: [Netlist 29-28] Unisim Transformation completed in 0 CPU seconds
INFO: [Project 1-570] Preparing netlist for logic optimization
INFO: [Opt 31-138] Pushed 0 inverter(s) to 0 load pin(s).
Netlist sorting complete. Time (s): cpu = 00:00:00 ; elapsed = 00:00:00 . Memory (MB): peak = 1100.012 ; gain = 0.000
INFO: [Project 1-111] Unisim Transformation Summary:
No Unisim elements were transformed.

INFO: [Common 17-83] Releasing license: Synthesis
122 Infos, 100 Warnings, 0 Critical Warnings and 0 Errors encountered.
synth_design completed successfully
synth_design: Time (s): cpu = 00:01:01 ; elapsed = 00:01:04 . Memory (MB): peak = 1100.012 ; gain = 712.258
Netlist sorting complete. Time (s): cpu = 00:00:00 ; elapsed = 00:00:00 . Memory (MB): peak = 1100.012 ; gain = 0.000
WARNING: [Constraints 18-5210] No constraints selected for write.
Resolution: This message can indicate that there are no constraints for the design, or it can indicate that the used_in flags are set such that the constraints are ignored. This later case is used when running synth_design to not write synthesis constraints to the resulting checkpoint. Instead, project constraints are read when the synthesized design is opened.
INFO: [Common 17-1381] The checkpoint 'D:/Users/paste/V1.3.runs/cmpy_0_synth_1/cmpy_0.dcp' has been generated.
WARNING: [Common 17-576] 'use_project_ipc' is deprecated. This option is deprecated and no longer used.
INFO: [Coretcl 2-1648] Added synthesis output to IP cache for IP cmpy_0, cache-ID = 87597247779be59b
INFO: [Coretcl 2-1174] Renamed 36 cell refs.
Netlist sorting complete. Time (s): cpu = 00:00:00 ; elapsed = 00:00:00.001 . Memory (MB): peak = 1100.012 ; gain = 0.000
WARNING: [Constraints 18-5210] No constraints selected for write.
Resolution: This message can indicate that there are no constraints for the design, or it can indicate that the used_in flags are set such that the constraints are ignored. This later case is used when running synth_design to not write synthesis constraints to the resulting checkpoint. Instead, project constraints are read when the synthesized design is opened.
INFO: [Common 17-1381] The checkpoint 'D:/Users/paste/V1.3.runs/cmpy_0_synth_1/cmpy_0.dcp' has been generated.
INFO: [runtcl-4] Executing : report_utilization -file cmpy_0_utilization_synth.rpt -pb cmpy_0_utilization_synth.pb
INFO: [Common 17-206] Exiting Vivado at Sat Nov 14 18:47:16 2020...
